
 ************************************************************
                      PROGRAM SPECTRO 
    SPECTROSCOPIC CONSTANTS AND VIBRATIONAL PROPERTIES

             WRITTEN BY:  JEFFREY F. GAW 
                    AND  ANDREW WILLETTS 


  RUNNING IN:  CARTESIAN --> NORMAL --> INTERNAL COORD MODE
 ************************************************************

 NCART    =    1
 ISOTOP   =    0
 NBOND    =    2
 NBEND    =    1
 2*NLBEND =    0
 NOFPB    =    0
 NTORS    =    0
 NDERIV   =    4
 ISYMM    =    0
 ICURVQ   =    0
 IDEGNL   =    0
 IFREQ    =    0
 IPRNT    =    0
 NWFRQ    =    0
 NPROP    =    0
 ICORIL   =    0
 IFERM1   =    4
 IFERM2   =    4
 IROTRN   =    0
 ILSQRS   =    0
 IAVERG   =    1
 IREP     =    0
 IPARMF   =    0
 IPARMD   =    0
 IGEOM    =    0
 ITEMP    =  300
 IDARL    =    0
 MAXJ     =    3
 INORM    =    0
 <>
 ISOTOPE #            1

          --- INPUT GEOMETRY IN BOHR


  GEOMETRY ANALYSIS - 1. INITIAL GEOMETRY
                      2. MOVE TO PRINCIPAL AXES
                      3. ROTATE ATOM TO X-AXIS
                         (SYMMETRIC TOP ONLY)


****************************************
 ORIGINAL COORDINATE REPRESENTATION 
****************************************


   MOLECULAR CARTESIAN GEOMETRY (IN A)

ATOM NO.               X              Y              Z              W
    1              0.0000000      0.9675654     -1.0969411      1.0078250
    2              0.0000000     -0.1019831     -0.7632260     12.0000000
    3              0.0000000      0.0131595      0.5406864     18.9984032

   CENTER OF MASS COORDINATES

           CMX            CMY            CMZ
        0.0000000      0.0000421      0.0002481

   CARTESIAN COORDINATES W.R.T. CENTER OF MASS

ATOM NO.               X              Y              Z              W
    1              0.0000000      0.9675232     -1.0971892      1.0078250
    2              0.0000000     -0.1020253     -0.7634741     12.0000000
    3              0.0000000      0.0131174      0.5404383     18.9984032

   INERTIA TENSOR

             1           2           3
  ------------------------------------------
   1    14.8284923
   2     0.0000000  13.7568872
   3     0.0000000   0.0004567   1.0716051

   EIGENVECTORS OF INERTIA TENSOR

              1           2           3
   ------------------------------------------
    1    0.00000000  0.00000000  1.00000000
    2   -0.00003600 -1.00000000  0.00000000
    3    1.00000000 -0.00003600  0.00000000

   PRINCIPAL MOMENTS OF INERTIA

              IN AMU.A+2        IN G.CM+2         IN CM-1           IN MHZ
                                (*D+39)
   1          0.10716D+01       0.17795D+00       0.15731D+02       0.47161D+06
   2          0.13757D+02       0.22844D+01       0.12254D+01       0.36736D+05
   3          0.14828D+02       0.24624D+01       0.11368D+01       0.34082D+05

**************************************************
 COORDINATE SYSTEM ABOUT PRINCIPAL AXES 
**************************************************


   MOLECULAR PRINCIPAL GEOMETRY (IN A)

ATOM NO.               A              B              C              W
    1             -1.0972241     -0.9674837      0.0000000      1.0078250
    2             -0.7634704      0.1020528      0.0000000     12.0000000
    3              0.5404378     -0.0131368      0.0000000     18.9984032

   CENTER OF MASS COORDINATES

           CMX            CMY            CMZ
        0.0000000      0.0000000      0.0000000

   INERTIA TENSOR

             1           2           3
  ------------------------------------------
   1     1.0716051
   2     0.0000000  13.7568873
   3     0.0000000   0.0000000  14.8284923

 INTERNUCLEAR DISTANCE MATRIX (IN A)

             1           2           3
  ------------------------------------------
   1     0.0000000
   2     1.1204016   0.0000000
   3     1.8954457   1.3089864   0.0000000

   BOND ANGLES (CENTRAL ATOM FIRST)

   J   I   K    DEGREES     I   J   K    DEGREES    K   I   J    DEGREES   

   2   1   3    102.282     1   2   3     42.438    3   1   2     35.280
 <>

          ------------------------------------------------------------
                             MEMORY ALLOCATION SCHEME 
          ------------------------------------------------------------

 INTEGER DEFAULT ALLOCATION
   ALLOCATION: BLOCK START-     1   FINISH-    92   TOTAL-    91

 REAL DEFAULT ALLOCATION
   ALLOCATION: BLOCK START-    92   FINISH- 19762   TOTAL- 19670

 CUBIC AND QUARTIC ALLOCATION
   ALLOCATION: BLOCK START- 19762   FINISH- 20872   TOTAL-  1110

   ALLOCATION: BLOCK START- 20872   FINISH- 20990   TOTAL-   118

 VIBFX ALLOCATION
   ALLOCATION: BLOCK START- 20990   FINISH- 21224   TOTAL-   234

 LTENSR ALLOCATION
   ALLOCATION: BLOCK START- 20990   FINISH- 21159   TOTAL-   169

 SQHAMP ALLOCATION
   ALLOCATION: BLOCK START- 20990   FINISH- 21017   TOTAL-    27

 UMATRX ALLOCATION
   ALLOCATION: BLOCK START- 20990   FINISH- 21056   TOTAL-    66

 ZETA ALLOCATION
   ALLOCATION: BLOCK START- 20990   FINISH- 21083   TOTAL-    93

 TRNSFM ALLOCATION
   ALLOCATION: BLOCK START- 21224   FINISH- 21378   TOTAL-   154

 FORCE3/FORCE4 ALLOCATION
   ALLOCATION: BLOCK START- 21378   FINISH- 21636   TOTAL-   258

 XCALC/XCALS ALLOCATION
   ALLOCATION: BLOCK START- 21378   FINISH- 21384   TOTAL-     6

 ROTA/ROTS ALLOCATION
   ALLOCATION: BLOCK START- 21378   FINISH- 21630   TOTAL-   252

 INTEN ALLOCATION
   ALLOCATION: BLOCK START- 21636   FINISH- 21636   TOTAL-     0

 DIPTRN ALLOCATION
   ALLOCATION: BLOCK START- 21636   FINISH- 21770   TOTAL-   134

 ATUNIT ALLOCATION
   ALLOCATION: BLOCK START- 21770   FINISH- 24662   TOTAL-  2892

 ITERATE ALLOCATION
   ALLOCATION: BLOCK START- 24662   FINISH- 32393   TOTAL-  7731

 RAMANQ ALLOCATION
   ALLOCATION: BLOCK START- 32393   FINISH- 32393   TOTAL-     0

 INTENR ALLOCATION
   ALLOCATION: BLOCK START- 32393   FINISH- 32393   TOTAL-     0

 HRAMAN ALLOCATION
   ALLOCATION: BLOCK START- 32393   FINISH- 32393   TOTAL-     0

 3RD DERIVATIVE TRANSFORM
   ALLOCATION: BLOCK START- 32393   FINISH- 32603   TOTAL-   210

 FOURTH DERIVATIVE TRANSFORM
   ALLOCATION: BLOCK START- 32603   FINISH- 33068   TOTAL-   465

 ICURVQ ALLOCATION
   ALLOCATION: BLOCK START- 33068   FINISH- 33154   TOTAL-    86

 LSQRS ALLOCATION
   ALLOCATION: BLOCK START- 33154   FINISH- 33295   TOTAL-   141

 TMATRX ALLOCATION
   ALLOCATION: BLOCK START- 33295   FINISH- 33331   TOTAL-    36

 SEXTIC ALLOCATION
   ALLOCATION: BLOCK START- 33331   FINISH- 33430   TOTAL-    99

 WCALS ALLOCATION
   ALLOCATION: BLOCK START- 33430   FINISH- 33439   TOTAL-     9


   INTEGER MEMORY REQUIRED -      92 Word   ALLOCATED - 3500000 Word


   REAL MEMORY REQUIRED    -   33348 Word   ALLOCATED -******** Word

  *** FILE           15  IS IN SPECTRO 1.x FORMAT ***


   THE NORMAL COORDINATE ANALYSIS BY FX MATRIX METHOD



   SECULAR EQUATIONS
   FXM MATRIX

             1           2           3           4           5           6           7           8           9
  ------------------------------------------------------------------------------------------------------------------
   1     1.3787426
   2     0.9756296   3.9381378
   3     0.0000000   0.0000000   0.0000000
   4    -0.1861661  -0.2466972   0.0000000   0.5586144
   5    -0.0462196  -1.2046743   0.0000000   0.0009565   0.4285909
   6     0.0000000   0.0000000   0.0000000   0.0000000   0.0000000   0.0000000
   7    -0.1695977  -0.0286450   0.0000000  -0.4010824   0.0098852   0.0000000   0.3578233
   8    -0.1879750   0.0503815   0.0000000   0.0560594  -0.0631617   0.0000000  -0.0012587   0.0385940
   9     0.0000000   0.0000000   0.0000000   0.0000000   0.0000000   0.0000000   0.0000000   0.0000000   0.0000000


   *****************************
   ***VIBRATIONAL FREQUENCIES***
   *****************************


   LXM MATRIX

             1           2           3           4           5           6           7           8           9
           2797.57     1439.00     1214.59        0.00        0.00        0.00        0.00        0.00        0.02
  ------------------------------------------------------------------------------------------------------------------
   1     0.2852758  -0.9055020  -0.0598174   0.0280650  -0.0207218   0.0000000   0.0000000  -0.1739866  -0.2522248
   2     0.9177652   0.2103096  -0.0128399   0.1457596   0.1005465   0.0000000   0.0000000   0.0115371   0.2860480
   3     0.0000000   0.0000000   0.0000000   0.0000000   0.0000000  -1.0000000   0.0000000   0.0000000   0.0000000
   4    -0.0678520   0.1240719  -0.7724293   0.0968435  -0.0715023   0.0000000   0.0000000  -0.6003631   0.0918049
   5    -0.2675454  -0.2795756   0.0602234   0.5029617   0.3469484   0.0000000   0.0000000   0.0398104   0.6868053
   6     0.0000000   0.0000000   0.0000000   0.5479682  -0.8156637   0.0000000   0.0000000   0.1855360  -0.0000002
   7    -0.0117796   0.1099498   0.6276676   0.1218533  -0.0899681   0.0000000   0.0000000  -0.7554085  -0.0148699
   8     0.0012516   0.1737547  -0.0449054   0.6328506   0.4365475   0.0000000   0.0000000   0.0500919  -0.6117257
   9     0.0000000   0.0000000   0.0000000   0.0000000   0.0000000   0.0000000   1.0000000   0.0000000   0.0000000


   LX MATRIX

             1           2           3           4           5           6           7           8           9
           2797.57     1439.00     1214.59        0.00        0.00        0.00        0.00        0.00        0.02
  ------------------------------------------------------------------------------------------------------------------
   1     0.2841662  -0.9019799  -0.0595847   0.0279558  -0.0206412   0.0000000   0.0000000  -0.1733098  -0.2512438
   2     0.9141954   0.2094916  -0.0127900   0.1451927   0.1001554   0.0000000   0.0000000   0.0114922   0.2849354
   3     0.0000000   0.0000000   0.0000000   0.0000000   0.0000000  -0.9961103   0.0000000   0.0000000   0.0000000
   4    -0.0195872   0.0358165  -0.2229811   0.0279563  -0.0206409   0.0000000   0.0000000  -0.1733099   0.0265018
   5    -0.0772337  -0.0807065   0.0173850   0.1451925   0.1001554   0.0000000   0.0000000   0.0114923   0.1982636
   6     0.0000000   0.0000000   0.0000000   0.1581848  -0.2354618   0.0000000   0.0000000   0.0535596  -0.0000001
   7    -0.0027025   0.0252253   0.1440029   0.0279562  -0.0206410   0.0000000   0.0000000  -0.1733099  -0.0034115
   8     0.0002872   0.0398637  -0.0103024   0.1451920   0.1001551   0.0000000   0.0000000   0.0114923  -0.1403454
   9     0.0000000   0.0000000   0.0000000   0.0000000   0.0000000   0.0000000   0.2294254   0.0000000   0.0000000

 ******************************** 
 CURVILINEAR INTERNAL COORDINATES 
 ******************************** 

 INT COORD NO.    DESCRIPTION           VALUE      ATOMS 

     ( 1)        BOND                        1.12040       1(H )     2(C )
     ( 2)        BOND                        1.30899       2(C )     3(F )
     ( 3)        ANGLE                     102.28226       2(C )     1(H )     3(F )

 FIRST DERIVATIVE OF THE L TENSOR :
 ROWS ARE INT COORDS AND COLUMNS ARE NORMAL COORDS

              1           2           3
   ------------------------------------------
    1   -1.03690349  0.00233441 -0.01986868
    2    0.00999738 -0.02116018  0.36799679
    3    0.06492130  0.96721511 -0.14363789

******************************************
 MEAN SQUARE HARMONIC AMPLITUDES AT 30 K
******************************************


 MATRIX OF MEAN SQUARE AMPLITUDES BETWEEN INTERNAL
 COORDINATES: BONDS IN A, ANGLES IN RADS 

              1           2           3
   ------------------------------------------
    1    0.00648430 -0.00016452 -0.00033958
    2   -0.00016452  0.00188540 -0.00096948
    3   -0.00033958 -0.00096948  0.01127106

******************************************
 MEAN SQUARE HARMONIC AMPLITUDES AT 300 K
******************************************


 MATRIX OF MEAN SQUARE AMPLITUDES BETWEEN INTERNAL
 COORDINATES: BONDS IN A, ANGLES IN RADS 

              1           2           3
   ------------------------------------------
    1    0.00648436 -0.00016513 -0.00033929
    2   -0.00016513  0.00189654 -0.00097431
    3   -0.00033929 -0.00097431  0.01129483

 ZETA MATRIX FOR COORDINATE DIRECTION :   1

              1           2           3
   ------------------------------------------
    1    0.00000000  0.00000000  0.00000000
    2    0.00000000  0.00000000  0.00000000
    3    0.00000000  0.00000000  0.00000000

 ZETA MATRIX FOR COORDINATE DIRECTION :   2

              1           2           3
   ------------------------------------------
    1    0.00000000  0.00000000  0.00000000
    2    0.00000000  0.00000000  0.00000000
    3    0.00000000  0.00000000  0.00000000

 ZETA MATRIX FOR COORDINATE DIRECTION :   3

              1           2           3
   ------------------------------------------
    1    0.00000000  0.94101472 -0.15976748
    2   -0.94101472  0.00000000 -0.29827111
    3    0.15976748  0.29827111  0.00000000

 THE WILSON A MATRIX IN AMU 1/2 A 
 (ROWS ARE VIB DEG OF FREEDOM, AND COLS COORD PRODUCTS),

              1           2           3           4           5           6
   ------------------------------------------------------------------------------
    1   -1.97208951  0.60078012 -0.32506226  0.00000000  0.00000000 -2.29715178
    2   -0.62610139 -1.83409141  1.85655962  0.00000000  0.00000000  1.23045823
    3    0.07266492  0.50182373  7.17461288  0.00000000  0.00000000  7.24727780

 THE INVERSE L MATRIX

              1           2           3
   ------------------------------------------
    1   -0.96483257 -0.05162462  0.00119924
    2    0.06924529  0.41073505  1.04271487
    3    0.03019330  2.74243519  0.05992456

 THE WILSON J MATRIX 
 DERIVATIVE OF THE MOMENT OF INERITA WITH RESPECT TO INT/SYMM COORDS
 (ROWS ARE INTERNAL/SYMMETRY COORD AND COLS COORD PRODUCTS),

              1           2           3           4           5           6
   ------------------------------------------------------------------------------
    1    1.86157562 -0.69150269  0.65881388  0.00000000  0.00000000  2.52038949
    2    0.04392542  0.59187838 20.45524617  0.00000000  0.00000000 20.49917159
    3   -0.65085584 -1.88164234  2.36540803  0.00000000  0.00000000  1.71455219

 QUARTIC CENTRIFUGAL DISTORTION CONSTANTS TAU PRIME 

                       CM -1                    MHz


 TAUP aaaa         -0.0100263873          -300.5835305839
 TAUP bbbb         -0.0000195707            -0.5867158340
 TAUP cccc         -0.0000146712            -0.4398329983

 TAUP aabb         -0.0003136749            -9.4037373382
 TAUP aacc         -0.0000427946            -1.2829495760
 TAUP bbcc         -0.0000167863            -0.5032395309

 REPRESENTATION =     1
 WHERE :   1 =   I r
           2 =  II r 
           3 = III r 
           4 =   I l 
           5 =  II l 
           6 = III l 

 lifnei

 ASYMMETRIC TOP REDUCTION 
  ASYMMETRIC TOP PARAMETER KAPPA :  -0.9878644590
  ASYMMETRIC TOP PARAMETER SIGMA :      328.6103559802


 CONSTANTS IN THE A REDUCED HAMILTONIAN 

                   CM-1               MHz
  DELTA J  :   0.0000042802        0.1283186040
  DELTA K  :   0.0024218434       72.6050382428
  DELTA JK :   0.0000804732        2.4125257991
  delta J  :   0.0000003062        0.0091801772
  delta K  :   0.0000473032        1.4181141966


 EFFECTIVE ROTATIONAL CONSTANTS (INCLUDES DISTORTION
 DUE TO THE QUARTIC CENTRIFUGAL DISTORTION CONSTANTS)
           B e IN CM-1            B(A) IN  CM-1            B(A) IN  MHz
 x         1.2253956951            1.2254232776              36737.26565
 y         1.1368404875            1.1368130724              34080.79853
 z        15.7311972498           15.7311970824             471609.42406


 NIELSEN CENTRIFUGAL DISTORTION CONSTANTS 
           CM-1                MHz
 DJ    0.0000042593        0.1276914237
 DJK   0.0000805987        2.4162888811
 DK    0.0024217388       72.6019023411
 dJ    0.0000003062        0.0091801772
 R5   -0.0000167769       -0.5029591465
 R6   -0.0000000105       -0.0003135902

 CONSTANTS IN THE S REDUCED HAMILTONIAN 

               CM-1                 MHz
  D J  :   0.0000042083        0.1261608598
  D JK :   0.0000809050        2.4254722645
  D K  :   0.0024214835       72.5942495217
  d 1  :  -0.0000003062       -0.0091801772
  d 2  :  -0.0000000360       -0.0010788721


 EFFECTIVE ROTATIONAL CONSTANTS (INCLUDES DISTORTION
 DUE TO THE QUARTIC CENTRIFUGAL DISTORTION CONSTANTS)
           B e IN CM-1            B(S) IN  CM-1            B(S) IN  MHz
 x         1.2253956951            1.2253285272              36734.42510
 y         1.1368404875            1.1369075348              34083.63044
 z        15.7311972498           15.7311974423             471609.43485


 WILSON CENTRIFUGAL DISTORTION CONSTANTS 
           CM-1                MHz
 DJ    0.0000036678        0.1099582496
 DJK   0.0000010575        0.0317032663
 DK    0.0000001674        0.0050174426

 NIELSEN CENTRIFUGAL DISTORTION CONSTANTS 
           CM-1                MHz
 DJ    0.0000042593        0.1276914237
 DJK   0.0000805987        2.4162888811
 DK    0.0024217388       72.6019023411
 dJ    0.0000003062        0.0091801772
 R5   -0.0000167769       -0.5029591465
 R6   -0.0000000105       -0.0003135902

 TEST OF QUARTIC PLANARITY RELATIONS 
  A REDUCTION   I r

 4C*DELJ - (B-C)*DELJK - 2*(2A+B+C)*SDELJ + 2*(B-C)*SDELK = 0
 VALUE =         0.0000000000

 TEST OF QUARTIC PLANARITY RELATIONS 
  S REDUCTION   I r

 4C*DJ - (B-C)*DJK + 2*(2A+B+C)*D1 - 4*(4A+B-3C)*D2 = 0
 VALUE =         0.0000000000
  *** FILE           30  IS IN SPECTRO 1.x FORMAT ***


   *************************************************
   ***THIRD DERIVATIVES W.R.T. NORMAL COORDINATES***
   *************************************************


   F3(QI*QJ*QK) MATRIX (IN CM-1), IVIB =     1

             1           2           3
  ------------------------------------------
   1      1957.697      -8.704      87.575
   2        -8.704    -203.933      97.835
   3        87.575      97.835      13.396


   F3(QI*QJ*QK) MATRIX (IN CM-1), IVIB =     2

             1           2           3
  ------------------------------------------
   1        -8.704    -203.933      97.835
   2      -203.933    -195.630     -89.530
   3        97.835     -89.530      17.717


   F3(QI*QJ*QK) MATRIX (IN CM-1), IVIB =     3

             1           2           3
  ------------------------------------------
   1        87.575      97.835      13.396
   2        97.835     -89.530      17.717
   3        13.396      17.717    -502.055


   THE FOURTH ORDER ANHARMONICITY ANALYSIS

  *** FILE           40  IS IN SPECTRO 1.x FORMAT ***


   **************************************************
   ***FOURTH DERIVATIVES W.R.T. NORMAL COORDINATES***
   **************************************************



   F4(QI*QJ*QK*QL) MATRIX (IN CM-1), IVIB =     1      JVIB =     1

             1           2           3
  ------------------------------------------
   1      1156.854       0.219      43.750
   2         0.219    -380.299      77.276
   3        43.750      77.276     -18.052


   F4(QI*QJ*QK*QL) MATRIX (IN CM-1), IVIB =     2      JVIB =     1

             1           2           3
  ------------------------------------------
   1         0.219    -380.299      77.276
   2      -380.299     -62.450     -35.611
   3        77.276     -35.611       3.238


   F4(QI*QJ*QK*QL) MATRIX (IN CM-1), IVIB =     2      JVIB =     2

             1           2           3
  ------------------------------------------
   1      -380.299     -62.450     -35.611
   2       -62.450      82.966      -8.003
   3       -35.611      -8.003       4.404


   F4(QI*QJ*QK*QL) MATRIX (IN CM-1), IVIB =     3      JVIB =     1

             1           2           3
  ------------------------------------------
   1        43.750      77.276     -18.052
   2        77.276     -35.611       3.238
   3       -18.052       3.238      -8.997


   F4(QI*QJ*QK*QL) MATRIX (IN CM-1), IVIB =     3      JVIB =     2

             1           2           3
  ------------------------------------------
   1        77.276     -35.611       3.238
   2       -35.611      -8.003       4.404
   3         3.238       4.404     -11.157


   F4(QI*QJ*QK*QL) MATRIX (IN CM-1), IVIB =     3      JVIB =     3

             1           2           3
  ------------------------------------------
   1       -18.052       3.238      -8.997
   2         3.238       4.404     -11.157
   3        -8.997     -11.157     187.137

 *************************************************
 QUADRATIC FORCE CONSTANTS IN INTERNAL COORDINATES
 *************************************************

             1           2           3
  ------------------------------------------
   1     4.2992728
   2     0.3363549   6.7552987
   3     0.0843282   0.6650786   1.3296289

 *********************************************
 CUBIC FORCE CONSTANTS IN INTERNAL COORDINATES
 *********************************************


 INT COORD  INT COORD  INT COORD     VALUE

     1          1          1        -26.35194
     2          1          1          0.60117
     2          2          1         -2.33386
     2          2          2        -44.62571
     3          1          1         -0.03538
     3          2          1         -0.76778
     3          2          2         -1.57278
     3          3          1         -0.33238
     3          3          2         -1.96639
     3          3          3         -1.57863
 I J K L           1           1           1           1
 IJKL FRQ4 VALUES VALUE           1   158.223733558960     
 -1.849653715930309E-002 -2.236644414397981E-004
 I J K L           2           1           1           1
 IJKL FRQ4 VALUES VALUE           2  2.150497039056741E-002
  0.337837456035231       2.634776733612475E-002
 I J K L           2           2           1           1
 IJKL FRQ4 VALUES VALUE           3  -26.7544835201510     
   23.7174111651281        1.49506820613669     
 I J K L           2           2           2           1
 IJKL FRQ4 VALUES VALUE           4  -3.15096755579233     
   3.20569668756736      -0.412387208098178     
 I J K L           2           2           2           2
 IJKL FRQ4 VALUES VALUE           5   3.00228770610727     
   1.56086386793069       -2.70951832903924     
 I J K L           3           1           1           1
 IJKL FRQ4 VALUES VALUE           6   3.94271451655956     
 -7.536524835678660E-002 -1.103990422942150E-002
 I J K L           3           2           1           1
 IJKL FRQ4 VALUES VALUE           7   4.99458612112581     
  -4.37081711971060      -0.616371309846321     
 I J K L           3           2           2           1
 IJKL FRQ4 VALUES VALUE           8  -1.65074268333372     
   1.25779729072665       5.717048988617050E-002
 I J K L           3           2           2           2
 IJKL FRQ4 VALUES VALUE           9 -0.266063784315507     
  0.374831316605513       0.820678306706927     
 I J K L           3           3           1           1
 IJKL FRQ4 VALUES VALUE          10  -1.07192220183442     
  0.840847587037891       0.170102312805809     
 I J K L           3           3           2           1
 IJKL FRQ4 VALUES VALUE          11  0.137882901088200     
 -0.305993688203118      -1.381353912609657E-002
 I J K L           3           3           2           2
 IJKL FRQ4 VALUES VALUE          12  0.134517643173904     
  0.146305082167825      -0.219451223474428     
 I J K L           3           3           3           1
 IJKL FRQ4 VALUES VALUE          13 -0.351998363295746     
  5.417379793098996E-002  1.891557954177011E-003
 I J K L           3           3           3           2
 IJKL FRQ4 VALUES VALUE          14 -0.313078556135407     
 -0.101477033342359       4.049203290365562E-002
 I J K L           3           3           3           3
 IJKL FRQ4 VALUES VALUE          15   4.82449410852132     
  3.742463318225159E-002 -9.357463907542917E-003

 ***********************************************
 QUARTIC FORCE CONSTANTS IN INTERNAL COORDINATES
 ***********************************************


 INT COORD  INT COORD  INT COORD  INT COORD   VALUE

     1          1          1          1       136.54261
     2          1          1          1        -2.43318
     2          2          1          1        -0.81750
     2          2          2          1        10.38351
     2          2          2          2       264.72823
     3          1          1          1        -1.03771
     3          2          1          1        -0.42831
     3          2          2          1         2.48099
     3          2          2          2         0.18901
     3          3          1          1        -1.46310
     3          3          2          1         1.38940
     3          3          2          2         3.05005
     3          3          3          1         0.65246
     3          3          3          2         3.87224
     3          3          3          3         2.44267

 HARMONIC POTENTIAL ENERGY DISTRIBUTION 
 (ROWS ARE INT/SYMM COORD AND COLS NORMAL COORDS)

             1           2           3
           2797.57     1439.00     1214.59
  ------------------------------------------
   1     1.0004383   0.0001616  -0.0005999
   2    -0.0005161  -0.0086912   1.0092073
   3     0.0000779   1.0085296  -0.0086074


 *******************
  RESONANCE TESTING
 *******************

 TOLERANCES FOR RESONANCE TESTING 
 CTOL  =    200.000
 ZTOL  =      0.250
 FTOL1 =    200.000
 F3TOL =     10.000
 DLTOL =   1000.000
 DFTOL =    200.000
 DDTOL =    300.000


 ***********************************************************
               CORIOLIS RESONANCES          WI = WJ
 ***********************************************************
        I    J      WI        WJ       DIFF     ZETA  DeltaALPHA

  NO MODES FOUND TO BE IN CORIOLIS RESONANCE 


 *******************************************************************************
       FERMI RESONANCE           TYPE 1          2WI = WJ
 *******************************************************************************
     I  I    J       WI         WJ         DIFF      PHI IIJ  EST.PERTURB.

  X  2  2    1    1439.00    2797.57      80.42     -203.933       -7.599

 *******************************************************************************
          FERMI RESONANCE           TYPE 2          WA = WB + WC
 *******************************************************************************
     I  J  K       WI        WJ        WK        PHI IJK   WJ+WK-WI  EST.PERTRB.

  X  3  2  1    1214.59    1439.00    2797.57      97.83     143.98      -0.43

 *****************************************************
     DARLING-DENNISON RESONANCES          2WI = 2WJ
 *****************************************************
    I      J      WI         WJ         DIFF

  NO MODES FOUND TO BE IN DARLING-DENNISON RESONANCE

 <>

 INPUTED FERMI 1 RESONANCE DATA 
 2*MODE      IN RESONANCE WITH 

   2               1

 INPUTED FERMI 2 RESONANCE DATA 
 MODES B+C      IN RESONANCE  
                 WITH MODE A

   2 +  2             1
   3 +  2             1

 T  MATRIX  (COEFFS OF q2J2 OPERATORS) IN CM-1 


 AXES :  IXYZ =    1 JXYZ =    1
             1           2           3
  ------------------------------------------
   1    -0.6163272
   2     1.0938702   0.3623655
   3     0.1305122  -0.0404398  -0.0459019

 AXES :  IXYZ =    2 JXYZ =    1
             1           2           3
  ------------------------------------------
   1     0.0192323
   2     0.2165753   0.0321087
   3     0.0483589  -0.0020012  -0.0145151

 AXES :  IXYZ =    2 JXYZ =    2
             1           2           3
  ------------------------------------------
   1     0.0029272
   2    -0.0347816  -0.0002235
   3    -0.0048723   0.0001273  -0.0144836

 AXES :  IXYZ =    3 JXYZ =    1
             1           2           3
  ------------------------------------------
   1     0.0000000
   2     0.0000000   0.0000000
   3     0.0000000   0.0000000   0.0000000

 AXES :  IXYZ =    3 JXYZ =    2
             1           2           3
  ------------------------------------------
   1     0.0000000
   2     0.0000000   0.0000000
   3     0.0000000   0.0000000   0.0000000

 AXES :  IXYZ =    3 JXYZ =    3
             1           2           3
  ------------------------------------------
   1     0.0005000
   2    -0.0237260  -0.0053677
   3    -0.0075396   0.0014183  -0.0156068

 ALPHA MATRIX FOR ASYMMETRIC TOP MOLECULES


ROTATIONAL CONSTANTS IN CM-1 (MHz) 

       15.7311972498        1.2253956951        1.1368404875
       (   471609.43 )      (    36736.44 )      (    34081.62 ) 

 ALPHA FOR PRINCIPAL AXIS  A  IN CM-1   (MHZ) 
 (Be =   15.73120 IN CM-1)

    1        0.6163271996          ( 18477.025 )
    2       -0.3623654894          (-10863.444 )
    3        0.0459019433          (  1376.106 )

 ALPHA FOR PRINCIPAL AXIS  B  IN CM-1   (MHZ) 
 (Be =    1.22540 IN CM-1)

    1       -0.0029272454          (   -87.757 )
    2        0.0002235196          (     6.701 )
    3        0.0144835532          (   434.206 )

 ALPHA FOR PRINCIPAL AXIS  C  IN CM-1   (MHZ) 
 (Be =    1.13684 IN CM-1)

    1       -0.0005000086          (   -14.990 )
    2        0.0053677383          (   160.921 )
    3        0.0156068323          (   467.881 )

 VIBRATIONAL CORRECTIONS TO THE ROTATIONAL CONSTANTS


                                ********
                                 AXIS A 
                                ********

 CORRECTION       (MHz)     BVA IN CM-1     BVA IN MHz               VIBRATIONAL STATE 

 -0.1499318    -4494.843     15.5812654     467114.586     NON-DEG (Vs) :    0    0    0

 -0.7662590   -22971.868     14.9649382     448637.561     NON-DEG (Vs) :    1    0    0

  0.2124337     6368.601     15.9436309     477978.030     NON-DEG (Vs) :    0    1    0

 -0.1958338    -5870.949     15.5353635     465738.480     NON-DEG (Vs) :    0    0    1

 -1.3825862   -41448.892     14.3486110     430160.537     NON-DEG (Vs) :    2    0    0

  0.5747992    17232.045     16.3059964     488841.474     NON-DEG (Vs) :    0    2    0

 -0.2417357    -7247.054     15.4894615     464362.375     NON-DEG (Vs) :    0    0    2

 -0.4038935   -12108.424     15.3273037     459501.005     NON-DEG (Vs) :    1    1    0

 -0.8121610   -24347.973     14.9190363     447261.456     NON-DEG (Vs) :    1    0    1

  0.1665317     4992.495     15.8977290     476601.924     NON-DEG (Vs) :    0    1    1

                                ********
                                 AXIS B 
                                ********

 CORRECTION       (MHz)     BVB IN CM-1     BVB IN MHz               VIBRATIONAL STATE 

 -0.0058899     -176.575      1.2195058      36559.864     NON-DEG (Vs) :    0    0    0

 -0.0029627      -88.819      1.2224330      36647.620     NON-DEG (Vs) :    1    0    0

 -0.0061134     -183.276      1.2192823      36553.163     NON-DEG (Vs) :    0    1    0

 -0.0203735     -610.781      1.2050222      36125.658     NON-DEG (Vs) :    0    0    1

 -0.0000354       -1.062      1.2253603      36735.377     NON-DEG (Vs) :    2    0    0

 -0.0063370     -189.977      1.2190587      36546.462     NON-DEG (Vs) :    0    2    0

 -0.0348570    -1044.987      1.1905387      35691.452     NON-DEG (Vs) :    0    0    2

 -0.0031862      -95.520      1.2222095      36640.919     NON-DEG (Vs) :    1    1    0

 -0.0174462     -523.025      1.2079495      36213.414     NON-DEG (Vs) :    1    0    1

 -0.0205970     -617.482      1.2047987      36118.957     NON-DEG (Vs) :    0    1    1

                                ********
                                 AXIS C 
                                ********

 CORRECTION       (MHz)     BVC IN CM-1     BVC IN MHz               VIBRATIONAL STATE 

 -0.0102373     -306.906      1.1266032      33774.714     NON-DEG (Vs) :    0    0    0

 -0.0097373     -291.916      1.1271032      33789.704     NON-DEG (Vs) :    1    0    0

 -0.0156050     -467.827      1.1212355      33613.794     NON-DEG (Vs) :    0    1    0

 -0.0258441     -774.787      1.1109964      33306.833     NON-DEG (Vs) :    0    0    1

 -0.0092373     -276.926      1.1276032      33804.694     NON-DEG (Vs) :    2    0    0

 -0.0209728     -628.747      1.1158677      33452.873     NON-DEG (Vs) :    0    2    0

 -0.0414509    -1242.668      1.0953895      32838.952     NON-DEG (Vs) :    0    0    2

 -0.0151050     -452.837      1.1217355      33628.784     NON-DEG (Vs) :    1    1    0

 -0.0253441     -759.797      1.1114964      33321.823     NON-DEG (Vs) :    1    0    1

 -0.0312119     -935.708      1.1056286      33145.913     NON-DEG (Vs) :    0    1    1

                     *****************************
                      VIBRATIONAL INERTIAL DEFECT 
                     *****************************

                              IAA + IBB - ICC 

       DEFECT (AMU A**2)            DEFECT (CM)            VIBRATIONAL STATE 

        -0.0571946471             -0.0033928047      NON-DEG (Vs) :    0    0    0

        -0.0415513656             -0.0024648402      NON-DEG (Vs) :    1    0    0

        -0.1493841801             -0.0088615171      NON-DEG (Vs) :    0    1    0

        -0.0950376901             -0.0056376660      NON-DEG (Vs) :    0    0    1

        -0.0259080840             -0.0015368758      NON-DEG (Vs) :    2    0    0

        -0.2415737130             -0.0143302295      NON-DEG (Vs) :    0    2    0

        -0.1328807330             -0.0078825274      NON-DEG (Vs) :    0    0    2

        -0.1337408985             -0.0079335527      NON-DEG (Vs) :    1    1    0

        -0.0793944085             -0.0047097016      NON-DEG (Vs) :    1    0    1

        -0.1872272230             -0.0111063784      NON-DEG (Vs) :    0    1    1

***************************************** 
 SEXTIC CENTRIFUGAL DISTORTION CONSTANTS 
***************************************** 


 SEXTIC DISTORTION CONSTANTS 
                       IN CM-1                  IN Hz
 PHI aaa          0.9237514581D-06         0.2769337202D+05
 PHI bbb          0.1700015810D-11         0.5096519182D-01
 PHI ccc         -0.2829450104D-11        -0.8482478015D-01

 PHI aab          0.6955682981D-07         0.2085261298D+04
 PHI abb          0.5065667993D-09         0.1518649059D+02
 PHI aac         -0.4481650294D-07        -0.1343564958D+04
 PHI bbc         -0.4476141214D-11        -0.1341913377D+00
 PHI acc          0.1580344431D-09         0.4737753415D+01
 PHI bcc         -0.4556146855D-11        -0.1365898465D+00
 PHI abc          0.2895194862D-09         0.8679575842D+01


 REPRESENTATION =     1
 WHERE :   1 =   I r
           2 =  II r 
           3 = III r 
           4 =   I l 
           5 =  II l 
           6 = III l 


 ASYMMETRIC TOP REDUCTION 
  ASYMMETRIC TOP PARAMETER KAPPA :  -1.0122096262
  ASYMMETRIC TOP PARAMETER SIGMA :      328.6103559802


 CONSTANTS IN THE A REDUCED HAMILTONIAN 

                       IN CM-1                  IN Hz
  PHI J  :        -0.5647171473D-12        -0.1692979417D-01
  PHI K  :         0.9009336145D-06         0.2700931028D+05
  PHI JK :         0.1148417639D-08         0.3442869469D+02
  PHI KJ :         0.2166999069D-07         0.6496499775D+03
  phi j  :         0.1132366478D-11         0.3394749299D-01
  phi jk :         0.6602484132D-09         0.1979374947D+02
  phi k  :         0.1632485496D-06         0.4894068395D+04


 SYMMETRIC TOP REDUCTION 
  ASYMMETRIC TOP PARAMETER KAPPA :   0.9878644590
  ASYMMETRIC TOP PARAMETER BO :        0.0000000000
  rho   :    -0.2552705805D-07
  mu    :     0.1084431869D-09
  nu    :     0.1036584870D-12
  lambda :     0.6859890525D-12


 CONSTANTS IN THE S REDUCED HAMILTONIAN 

                       IN CM-1                  IN Hz
  H J  :        -0.2167973278D-11        -0.6499420380D-01
  H JK :         0.2540631298D-09         0.7616621016D+01
  H KJ :         0.2467522123D-07         0.7397445225D+03
  H K  :         0.8988243417D-06         0.2694607587D+05
  h 1  :         0.9604352629D-12         0.2879312482D-01
  h 2  :         0.8016280655D-12         0.2403220482D-01
  h 3  :         0.1719312156D-12         0.5154368172D-02

 THIS IS X1CALC --- patched ad hoc by JM for TJL

                              ******************************
                               ANHARMONIC CONSTANTS IN CM-1
                              ******************************



****************************************************
 CONTRIBUTIONS TO THE DIAGONAL ANHARMONIC CONSTANTS 
****************************************************


     R  R       QUARTIC           CUBIC            X

     1  1        72.3033765   -143.4809347      -71.178
     2  2*        5.1854015     -5.5931826       -0.408
     3  3        11.6960820    -21.6614553       -9.965

*********************************************************
 CONTRIBUTIONS TO THE OFF DIAGONAL ANHARMONIC CONSTANTS
*********************************************************


     R  S       QUARTIC         CUBIC         CUBIC         ROT CON & ZETA       X

     2  1*      -95.0747250     36.9952299     -1.2081231      2.4749145      -56.813
     3  1*       -4.5129554      6.7330362     -0.4534573      0.0794373        1.846
     3  2*        1.1010286     -8.4056336     -1.9773318      0.2051936       -9.077

 ANHARMONIC CONSTANTS X IN CM-1

             1           2           3
  ------------------------------------------
   1       -71.178
   2       -56.813      -0.408
   3         1.846      -9.077      -9.965

                          **********************
                           BAND CENTER ANALYSIS
                          **********************
  MODE         HARMONIC        FUNDAMENTAL       DIFFERENCE

    1          2797.572         2627.733          169.838
    2          1438.996         1405.236           33.760
    3          1214.592         1191.046           23.546
 E0 IS THE DUNHAM COEF  
 ONLY RELEVANT IN THERMODYNAMICS  
 ************************* 
 KKKK SUMMED COMPONENT IS    22.2962150026896     
 KKK  SUMMED COMPONENT IS   -19.4941196168353     
 KKL  SUMMED COMPONENT IS   0.246897933632814     
 KLM  SUMMED COMPONENT IS  -0.144271267763680     
 E_o IS     2.90472205172343     
 ************************* 

                         *****************************************
                          Vibrational energy in resonance polyads
                         *****************************************

 Zero point energy:       7.697kcal/mol         32.205 kJ/mol

 Block   1 out of   1: dimension   3
 Vibrational quantum numbers of states:
    1    0    0
    0    2    0
    0    1    1

Energies of deperturbed states:
  E* of state            1  =   2627.73323698936     
  E* of state            2  =   2809.65633888228     
  E* of state            3  =   2587.20503421237     
  idiff=           2  ndelta=           3
  i=           2  j=           1  matrix element=  -50.9831581375815     
  idiff=           3  ndelta=           3
  i=           3  j=           1  matrix element=   34.5898511290758     
  idiff=           2  ndelta=           2
 case Kaaab quartic=   -4.001478 zeta=    0.000000 cubic1=   -0.483951 cubic2=   -0.333868 cubic3=    0.000000
K( 2  2, 2  3)=      -4.819
 case Kaaab quartic=   -5.578498 zeta=    0.000000 cubic1=    2.743277 cubic2=    3.490140 cubic3=    0.000000
K( 3  3, 3  2)=       0.655
 case Kacbc quartic=   38.637823 zeta=   -0.884893 cubic1=  -35.266656 cubic2=    1.199057 cubic3=    0.000000
K( 2  1, 3  1)=       3.685
 Kaaab term=   -3.407758 Kabbb term=    0.231549 Kacbc sum=    1.302961
  i=           3  j=           2  matrix element=  -1.87324778607592     

Resonance matrix:

             1           2           3
  ------------------------------------------
   1      2627.733
   2       -50.983    2809.656
   3        34.590      -1.873    2587.205

Eigenvalues and eigenvectors:

             1           2           3
           2564.82     2636.32     2823.45
  ------------------------------------------
   1    -0.5442030   0.7978566   0.2593606
   2    -0.1069566   0.2406443  -0.9647023
   3     0.8321078   0.5527342   0.0456234

                         ************************************************
                          VIBRATIONAL ENERGY AND PROPERTIES IN RESONANCE
                         ************************************************


  Note: zero point energy (ZPE) includes E_0  


 ***************************************
 FERMI RESONANCE BETWEEN : 2v 2 AND v 1
 ***************************************

 phi_{rss}=    -203.933  k_{rss}=    -101.966   W=    -101.966
 State splitting:
 exact (matrix diagonalization)      104.275
 Martin's a priori estimate           64.932 error      -39.343
 2nd order perturbation theory        72.531 error      -31.744
 Deperturbed (anharmonic)            181.923
 Deperturbed (harmonic)               80.421 error     -101.502


 ENERGY MATRIX 

             1           2
  ------------------------------
   1      2809.656
   2       -50.983    2627.733

 EIGENVALUES AND EIGENVECTORS 

             1           2
           2614.42     2822.97
  ------------------------------
   1     0.2526626  -0.9675545
   2     0.9675545   0.2526626

 PERTURBED VIBRATIONALLY AVERAGED ROTATIONAL CONSTANT
                 CM-1                    MHz
  A v 1 =   15.0505491985          ( 451204.114 )
  B v 1 =    1.2222176180          (  36641.162 )
  C v 1 =    1.1263859599          (  33768.202 )

 PERTURBED VIBRATIONALLY AVERAGED ROTATIONAL CONSTANT
                CM-1                     MHz
 A 2v 2 =   16.2203854267          ( 486274.922 )
 B 2v 2 =    1.2192741512          (  36552.919 )
 C 2v 2 =    1.1165849850          (  33474.376 )

 PERTURBED VIBRATIONAL INERTIA DEFECT 
              AMU A**2          CM
  v  1     -0.0543205     -0.0032223
 2v  2     -0.2288046     -0.0135728

 *******************************************
 FERMI RESONANCE BETWEEN : v 2 + v 3 AND v 1
 *******************************************

 phi_{rst}=      97.835  k_{rst}=      97.835   W=      48.917
 State splitting:
 exact (matrix diagonalization)       37.170
 Martin's a priori estimate           79.870 error       42.700
 2nd order perturbation theory        80.301 error       43.131
 Deperturbed (anharmonic)             27.215
 Deperturbed (harmonic)              143.984 error      116.769


 ENERGY MATRIX 

             1           2
  ------------------------------
   1      2587.205
   2        34.590    2614.420

 EIGENVALUES AND EIGENVECTORS 

             1           2
           2563.64     2637.98
  ------------------------------
   1    -0.8264633   0.5629906
   2     0.5629906   0.8264633

 PERTURBED VIBRATIONALLY AVERAGED ROTATIONAL CONSTANT
                 CM-1                    MHz
  A v 1 =   15.2605941468          ( 457501.103 )
  B v 1 =    1.2168436804          (  36480.056 )
  C v 1 =    1.1202966654          (  33585.649 )

 PERTURBED VIBRATIONALLY AVERAGED ROTATIONAL CONSTANT
                       CM-1                    MHz
  A v 2 + v 3 =   15.6020730457          ( 467738.383 )
  B v 2 + v 3 =    1.2103880551          (  36286.521 )
  C v 2 + v 3 =    1.1124351855          (  33349.968 )

 PERTURBED VIBRATIONAL INERTIA DEFECT 
                AMU A**2          CM
       v 1     -0.0877246     -0.0052038
 v 2 + v 3     -0.1410540     -0.0083674

 STATE NO.     ENERGY (CM-1)         ABOVE ZPT                    VIBRATIONAL STATE


     1           2692.0861              0.0000       NON-DEG (Vs) :    0    0    0

     4           3883.1319           1191.0458       NON-DEG (Vs) :    0    0    1

     3           4097.3221           1405.2360       NON-DEG (Vs) :    0    1    0

     7           5054.2470           2362.1609       NON-DEG (Vs) :    0    0    2

    10           5255.7284           2563.6423       NON-DEG (Vs) :    0    1    1

     2           5330.0686           2637.9825       NON-DEG (Vs) :    1    0    0

     6           5515.0559           2822.9698       NON-DEG (Vs) :    0    2    0

     9           6512.7112           3820.6251       NON-DEG (Vs) :    1    0    1

     8           6668.2426           3976.1565       NON-DEG (Vs) :    1    1    0

     5           7805.1975           5113.1114       NON-DEG (Vs) :    2    0    0

 ************************************************ 

         ROTATIONAL ENERGY LEVEL ANALYSIS 

 ************************************************ 
 <>
 USING MAIN INPUT VALUE OF IPRNT

  VIBRATIONAL STATE
   NON-DEG(Vt) :     0    0    0

 ROTATIONAL CONSTANTS (CM-1)
        BXA               BYA               BZA
      1.2195334         1.1265758        15.5812653

 ROTATIONAL CONSTANTS (CM-1)
        BXS               BYS               BZS
      1.2194386         1.1266703        15.5812656

 ROTATIONAL ENERGY MATRIX FOR A REDUCTION WITH J=    0

    Kc    Ka     ROTATIONAL ENERGY (CM-1)     ROTATIONAL ENERGY (MHz)   SYMMETRY TYPE
     0     0           0.0000000                         0.00                A

 ROTATIONAL ENERGY MATRIX FOR A REDUCTION WITH J=    1

    Kc    Ka     ROTATIONAL ENERGY (CM-1)     ROTATIONAL ENERGY (MHz)   SYMMETRY TYPE
     1     0           2.3460920                     70334.07                BC
     1     1          16.7053376                    500813.42                BB
     0     1          16.7981042                    503594.49                BA

 ROTATIONAL ENERGY MATRIX FOR A REDUCTION WITH J=    2

    Kc    Ka     ROTATIONAL ENERGY (CM-1)     ROTATIONAL ENERGY (MHz)   SYMMETRY TYPE
     2     0           7.0377269                    210985.75                A
     2     1          21.3043379                    638687.98                BA
     1     1          21.5826230                    647030.76                BB
     1     2          64.6303951                   1937570.50                BC
     0     2          64.6308416                   1937583.89                A

 ROTATIONAL ENERGY MATRIX FOR A REDUCTION WITH J=    3

    Kc    Ka     ROTATIONAL ENERGY (CM-1)     ROTATIONAL ENERGY (MHz)   SYMMETRY TYPE
     3     0          14.0738067                    421922.11                BC
     3     1          28.2023247                    845484.42                BB
     2     1          28.7588494                    862168.62                BA
     2     2          71.6663316                   2148502.57                A
     1     2          71.6685634                   2148569.48                BC
     1     3         143.5460289                   4303401.68                BB
     0     3         143.5460302                   4303401.72                BA

 ROTATIONAL ENERGY MATRIX FOR S REDUCTION WITH J=    0

    Kc    Ka     ROTATIONAL ENERGY (CM-1)     ROTATIONAL ENERGY (MHz)   SYMMETRY TYPE
     0     0           0.0000000                         0.00                A

 ROTATIONAL ENERGY MATRIX FOR S REDUCTION WITH J=    1

    Kc    Ka     ROTATIONAL ENERGY (CM-1)     ROTATIONAL ENERGY (MHz)   SYMMETRY TYPE
     1     0           2.3460920                     70334.07                BC
     1     1          16.7053379                    500813.43                BB
     0     1          16.7981038                    503594.48                BA

 ROTATIONAL ENERGY MATRIX FOR S REDUCTION WITH J=    2

    Kc    Ka     ROTATIONAL ENERGY (CM-1)     ROTATIONAL ENERGY (MHz)   SYMMETRY TYPE
     2     0           7.0377269                    210985.74                A
     2     1          21.3043389                    638688.01                BA
     1     1          21.5826219                    647030.73                BB
     1     2          64.6303952                   1937570.50                BC
     0     2          64.6308417                   1937583.89                A

 ROTATIONAL ENERGY MATRIX FOR S REDUCTION WITH J=    3

    Kc    Ka     ROTATIONAL ENERGY (CM-1)     ROTATIONAL ENERGY (MHz)   SYMMETRY TYPE
     3     0          14.0738065                    421922.10                BC
     3     1          28.2023266                    845484.48                BB
     2     1          28.7588472                    862168.55                BA
     2     2          71.6663315                   2148502.57                A
     1     2          71.6685636                   2148569.48                BC
     1     3         143.5460292                   4303401.69                BB
     0     3         143.5460305                   4303401.73                BA

  VIBRATIONAL STATE
   NON-DEG(Vt) :     1    0    0

 ROTATIONAL CONSTANTS (CM-1)
        BXA               BYA               BZA
      1.2224606         1.1270758        14.9649381

 ROTATIONAL CONSTANTS (CM-1)
        BXS               BYS               BZS
      1.2223659         1.1271703        14.9649384

 ROTATIONAL ENERGY MATRIX FOR A REDUCTION WITH J=    0

    Kc    Ka     ROTATIONAL ENERGY (CM-1)     ROTATIONAL ENERGY (MHz)   SYMMETRY TYPE
     0     0           0.0000000                         0.00                A

 ROTATIONAL ENERGY MATRIX FOR A REDUCTION WITH J=    1

    Kc    Ka     ROTATIONAL ENERGY (CM-1)     ROTATIONAL ENERGY (MHz)   SYMMETRY TYPE
     1     0           2.3495193                     70436.82                BC
     1     1          16.0895104                    482351.39                BB
     0     1          16.1847042                    485205.23                BA

 ROTATIONAL ENERGY MATRIX FOR A REDUCTION WITH J=    2

    Kc    Ka     ROTATIONAL ENERGY (CM-1)     ROTATIONAL ENERGY (MHz)   SYMMETRY TYPE
     2     0           7.0479639                    211292.64                A
     2     1          20.6929380                    620358.67                BA
     1     1          20.9785048                    628919.75                BB
     1     2          62.1685136                   1863765.15                BC
     0     2          62.1690048                   1863779.88                A

 ROTATIONAL ENERGY MATRIX FOR A REDUCTION WITH J=    3

    Kc    Ka     ROTATIONAL ENERGY (CM-1)     ROTATIONAL ENERGY (MHz)   SYMMETRY TYPE
     3     0          14.0941463                    422531.88                BC
     3     1          27.5975380                    827353.38                BB
     2     1          28.1686259                    844474.16                BA
     2     2          69.2147318                   2075005.46                A
     1     2          69.2171876                   2075079.08                BC
     1     3         138.0042527                   4137263.41                BB
     0     3         138.0042543                   4137263.46                BA

 ROTATIONAL ENERGY MATRIX FOR S REDUCTION WITH J=    0

    Kc    Ka     ROTATIONAL ENERGY (CM-1)     ROTATIONAL ENERGY (MHz)   SYMMETRY TYPE
     0     0           0.0000000                         0.00                A

 ROTATIONAL ENERGY MATRIX FOR S REDUCTION WITH J=    1

    Kc    Ka     ROTATIONAL ENERGY (CM-1)     ROTATIONAL ENERGY (MHz)   SYMMETRY TYPE
     1     0           2.3495193                     70436.82                BC
     1     1          16.0895107                    482351.40                BB
     0     1          16.1847039                    485205.22                BA

 ROTATIONAL ENERGY MATRIX FOR S REDUCTION WITH J=    2

    Kc    Ka     ROTATIONAL ENERGY (CM-1)     ROTATIONAL ENERGY (MHz)   SYMMETRY TYPE
     2     0           7.0479637                    211292.64                A
     2     1          20.6929390                    620358.70                BA
     1     1          20.9785037                    628919.72                BB
     1     2          62.1685136                   1863765.15                BC
     0     2          62.1690050                   1863779.88                A

 ROTATIONAL ENERGY MATRIX FOR S REDUCTION WITH J=    3

    Kc    Ka     ROTATIONAL ENERGY (CM-1)     ROTATIONAL ENERGY (MHz)   SYMMETRY TYPE
     3     0          14.0941454                    422531.85                BC
     3     1          27.5975396                    827353.42                BB
     2     1          28.1686234                    844474.08                BA
     2     2          69.2147317                   2075005.45                A
     1     2          69.2171884                   2075079.10                BC
     1     3         138.0042533                   4137263.43                BB
     0     3         138.0042549                   4137263.48                BA

  VIBRATIONAL STATE
   NON-DEG(Vt) :     0    1    0

 ROTATIONAL CONSTANTS (CM-1)
        BXA               BYA               BZA
      1.2193098         1.1212081        15.9436307

 ROTATIONAL CONSTANTS (CM-1)
        BXS               BYS               BZS
      1.2192151         1.1213025        15.9436311

 ROTATIONAL ENERGY MATRIX FOR A REDUCTION WITH J=    0

    Kc    Ka     ROTATIONAL ENERGY (CM-1)     ROTATIONAL ENERGY (MHz)   SYMMETRY TYPE
     0     0           0.0000000                         0.00                A

 ROTATIONAL ENERGY MATRIX FOR A REDUCTION WITH J=    1

    Kc    Ka     ROTATIONAL ENERGY (CM-1)     ROTATIONAL ENERGY (MHz)   SYMMETRY TYPE
     1     0           2.3405008                     70166.45                BC
     1     1          17.0623353                    511515.95                BB
     0     1          17.1602461                    514451.24                BA

 ROTATIONAL ENERGY MATRIX FOR A REDUCTION WITH J=    2

    Kc    Ka     ROTATIONAL ENERGY (CM-1)     ROTATIONAL ENERGY (MHz)   SYMMETRY TYPE
     2     0           7.0209145                    210481.72                A
     2     1          21.6450089                    648901.04                BA
     1     1          21.9387266                    657706.48                BB
     1     2          66.0742658                   1980856.66                BC
     0     2          66.0747510                   1980871.20                A

 ROTATIONAL ENERGY MATRIX FOR A REDUCTION WITH J=    3

    Kc    Ka     ROTATIONAL ENERGY (CM-1)     ROTATIONAL ENERGY (MHz)   SYMMETRY TYPE
     3     0          14.0400658                    420910.58                BC
     3     1          28.5184816                    854962.57                BB
     2     1          29.1058715                    872572.08                BA
     2     2          73.0934285                   2191285.86                A
     1     2          73.0958538                   2191358.57                BC
     1     3         146.7989554                   4400921.97                BB
     0     3         146.7989569                   4400922.01                BA

 ROTATIONAL ENERGY MATRIX FOR S REDUCTION WITH J=    0

    Kc    Ka     ROTATIONAL ENERGY (CM-1)     ROTATIONAL ENERGY (MHz)   SYMMETRY TYPE
     0     0           0.0000000                         0.00                A

 ROTATIONAL ENERGY MATRIX FOR S REDUCTION WITH J=    1

    Kc    Ka     ROTATIONAL ENERGY (CM-1)     ROTATIONAL ENERGY (MHz)   SYMMETRY TYPE
     1     0           2.3405008                     70166.45                BC
     1     1          17.0623357                    511515.95                BB
     0     1          17.1602458                    514451.23                BA

 ROTATIONAL ENERGY MATRIX FOR S REDUCTION WITH J=    2

    Kc    Ka     ROTATIONAL ENERGY (CM-1)     ROTATIONAL ENERGY (MHz)   SYMMETRY TYPE
     2     0           7.0209144                    210481.72                A
     2     1          21.6450099                    648901.07                BA
     1     1          21.9387256                    657706.45                BB
     1     2          66.0742659                   1980856.66                BC
     0     2          66.0747511                   1980871.20                A

 ROTATIONAL ENERGY MATRIX FOR S REDUCTION WITH J=    3

    Kc    Ka     ROTATIONAL ENERGY (CM-1)     ROTATIONAL ENERGY (MHz)   SYMMETRY TYPE
     3     0          14.0400653                    420910.57                BC
     3     1          28.5184833                    854962.62                BB
     2     1          29.1058691                    872572.00                BA
     2     2          73.0934284                   2191285.86                A
     1     2          73.0958542                   2191358.58                BC
     1     3         146.7989559                   4400921.98                BB
     0     3         146.7989574                   4400922.03                BA

  VIBRATIONAL STATE
   NON-DEG(Vt) :     0    0    1

 ROTATIONAL CONSTANTS (CM-1)
        BXA               BYA               BZA
      1.2050498         1.1109690        15.5353633

 ROTATIONAL CONSTANTS (CM-1)
        BXS               BYS               BZS
      1.2049551         1.1110634        15.5353637

 ROTATIONAL ENERGY MATRIX FOR A REDUCTION WITH J=    0

    Kc    Ka     ROTATIONAL ENERGY (CM-1)     ROTATIONAL ENERGY (MHz)   SYMMETRY TYPE
     0     0           0.0000000                         0.00                A

 ROTATIONAL ENERGY MATRIX FOR A REDUCTION WITH J=    1

    Kc    Ka     ROTATIONAL ENERGY (CM-1)     ROTATIONAL ENERGY (MHz)   SYMMETRY TYPE
     1     0           2.3160016                     69431.98                BC
     1     1          16.6438288                    498969.43                BB
     0     1          16.7377187                    501784.18                BA

 ROTATIONAL ENERGY MATRIX FOR A REDUCTION WITH J=    2

    Kc    Ka     ROTATIONAL ENERGY (CM-1)     ROTATIONAL ENERGY (MHz)   SYMMETRY TYPE
     2     0           6.9474439                    208279.13                A
     2     1          21.1815251                    635006.15                BA
     1     1          21.4631800                    643449.95                BB
     1     2          64.4166970                   1931163.99                BC
     0     2          64.4171553                   1931177.73                A

 ROTATIONAL ENERGY MATRIX FOR A REDUCTION WITH J=    3

    Kc    Ka     ROTATIONAL ENERGY (CM-1)     ROTATIONAL ENERGY (MHz)   SYMMETRY TYPE
     3     0          13.8932050                    416507.81                BC
     3     1          27.9875484                    839045.59                BB
     2     1          28.5508128                    855931.83                BA
     2     2          71.3623622                   2139389.80                A
     1     2          71.3646535                   2139458.49                BC
     1     3         143.0877832                   4289663.82                BB
     0     3         143.0877846                   4289663.87                BA

 ROTATIONAL ENERGY MATRIX FOR S REDUCTION WITH J=    0

    Kc    Ka     ROTATIONAL ENERGY (CM-1)     ROTATIONAL ENERGY (MHz)   SYMMETRY TYPE
     0     0           0.0000000                         0.00                A

 ROTATIONAL ENERGY MATRIX FOR S REDUCTION WITH J=    1

    Kc    Ka     ROTATIONAL ENERGY (CM-1)     ROTATIONAL ENERGY (MHz)   SYMMETRY TYPE
     1     0           2.3160016                     69431.98                BC
     1     1          16.6438291                    498969.44                BB
     0     1          16.7377183                    501784.17                BA

 ROTATIONAL ENERGY MATRIX FOR S REDUCTION WITH J=    2

    Kc    Ka     ROTATIONAL ENERGY (CM-1)     ROTATIONAL ENERGY (MHz)   SYMMETRY TYPE
     2     0           6.9474438                    208279.13                A
     2     1          21.1815261                    635006.18                BA
     1     1          21.4631790                    643449.92                BB
     1     2          64.4166970                   1931163.99                BC
     0     2          64.4171554                   1931177.74                A

 ROTATIONAL ENERGY MATRIX FOR S REDUCTION WITH J=    3

    Kc    Ka     ROTATIONAL ENERGY (CM-1)     ROTATIONAL ENERGY (MHz)   SYMMETRY TYPE
     3     0          13.8932046                    416507.80                BC
     3     1          27.9875503                    839045.65                BB
     2     1          28.5508105                    855931.77                BA
     2     2          71.3623622                   2139389.80                A
     1     2          71.3646538                   2139458.50                BC
     1     3         143.0877836                   4289663.83                BB
     0     3         143.0877850                   4289663.88                BA

  VIBRATIONAL STATE
   NON-DEG(Vt) :     2    0    0

 ROTATIONAL CONSTANTS (CM-1)
        BXA               BYA               BZA
      1.2253879         1.1275758        14.3486109

 ROTATIONAL CONSTANTS (CM-1)
        BXS               BYS               BZS
      1.2252931         1.1276703        14.3486112

 ROTATIONAL ENERGY MATRIX FOR A REDUCTION WITH J=    0

    Kc    Ka     ROTATIONAL ENERGY (CM-1)     ROTATIONAL ENERGY (MHz)   SYMMETRY TYPE
     0     0           0.0000000                         0.00                A

 ROTATIONAL ENERGY MATRIX FOR A REDUCTION WITH J=    1

    Kc    Ka     ROTATIONAL ENERGY (CM-1)     ROTATIONAL ENERGY (MHz)   SYMMETRY TYPE
     1     0           2.3529465                     70539.56                BC
     1     1          15.4736832                    463889.35                BB
     0     1          15.5713042                    466815.96                BA

 ROTATIONAL ENERGY MATRIX FOR A REDUCTION WITH J=    2

    Kc    Ka     ROTATIONAL ENERGY (CM-1)     ROTATIONAL ENERGY (MHz)   SYMMETRY TYPE
     2     0           7.0581960                    211599.39                A
     2     1          20.0815381                    602029.37                BA
     1     1          20.3743865                    610808.74                BB
     1     2          59.7066321                   1789959.80                BC
     0     2          59.7071730                   1789976.01                A

 ROTATIONAL ENERGY MATRIX FOR A REDUCTION WITH J=    3

    Kc    Ka     ROTATIONAL ENERGY (CM-1)     ROTATIONAL ENERGY (MHz)   SYMMETRY TYPE
     3     0          14.1144614                    423140.91                BC
     3     1          26.9927483                    809222.24                BB
     2     1          27.5783993                    826779.61                BA
     2     2          66.7631320                   2001508.34                A
     1     2          66.7658362                   2001589.41                BC
     1     3         132.4624795                   3971125.23                BB
     0     3         132.4624813                   3971125.29                BA

 ROTATIONAL ENERGY MATRIX FOR S REDUCTION WITH J=    0

    Kc    Ka     ROTATIONAL ENERGY (CM-1)     ROTATIONAL ENERGY (MHz)   SYMMETRY TYPE
     0     0           0.0000000                         0.00                A

 ROTATIONAL ENERGY MATRIX FOR S REDUCTION WITH J=    1

    Kc    Ka     ROTATIONAL ENERGY (CM-1)     ROTATIONAL ENERGY (MHz)   SYMMETRY TYPE
     1     0           2.3529465                     70539.56                BC
     1     1          15.4736835                    463889.36                BB
     0     1          15.5713039                    466815.95                BA

 ROTATIONAL ENERGY MATRIX FOR S REDUCTION WITH J=    2

    Kc    Ka     ROTATIONAL ENERGY (CM-1)     ROTATIONAL ENERGY (MHz)   SYMMETRY TYPE
     2     0           7.0581957                    211599.38                A
     2     1          20.0815391                    602029.40                BA
     1     1          20.3743855                    610808.71                BB
     1     2          59.7066321                   1789959.80                BC
     0     2          59.7071733                   1789976.02                A

 ROTATIONAL ENERGY MATRIX FOR S REDUCTION WITH J=    3

    Kc    Ka     ROTATIONAL ENERGY (CM-1)     ROTATIONAL ENERGY (MHz)   SYMMETRY TYPE
     3     0          14.1144598                    423140.86                BC
     3     1          26.9927495                    809222.27                BB
     2     1          27.5783965                    826779.53                BA
     2     2          66.7631319                   2001508.34                A
     1     2          66.7658377                   2001589.46                BC
     1     3         132.4624804                   3971125.26                BB
     0     3         132.4624823                   3971125.32                BA

  VIBRATIONAL STATE
   NON-DEG(Vt) :     0    2    0

 ROTATIONAL CONSTANTS (CM-1)
        BXA               BYA               BZA
      1.2190863         1.1158403        16.3059962

 ROTATIONAL CONSTANTS (CM-1)
        BXS               BYS               BZS
      1.2189916         1.1159348        16.3059966

 ROTATIONAL ENERGY MATRIX FOR A REDUCTION WITH J=    0

    Kc    Ka     ROTATIONAL ENERGY (CM-1)     ROTATIONAL ENERGY (MHz)   SYMMETRY TYPE
     0     0           0.0000000                         0.00                A

 ROTATIONAL ENERGY MATRIX FOR A REDUCTION WITH J=    1

    Kc    Ka     ROTATIONAL ENERGY (CM-1)     ROTATIONAL ENERGY (MHz)   SYMMETRY TYPE
     1     0           2.3349095                     69998.83                BC
     1     1          17.4193331                    522218.47                BB
     0     1          17.5223881                    525307.98                BA

 ROTATIONAL ENERGY MATRIX FOR A REDUCTION WITH J=    2

    Kc    Ka     ROTATIONAL ENERGY (CM-1)     ROTATIONAL ENERGY (MHz)   SYMMETRY TYPE
     2     0           7.0041013                    209977.67                A
     2     1          21.9856800                    659114.10                BA
     1     1          22.2948303                    668382.20                BB
     1     2          67.5181365                   2024142.81                BC
     0     2          67.5186611                   2024158.54                A

 ROTATIONAL ENERGY MATRIX FOR A REDUCTION WITH J=    3

    Kc    Ka     ROTATIONAL ENERGY (CM-1)     ROTATIONAL ENERGY (MHz)   SYMMETRY TYPE
     3     0          14.0063210                    419898.94                BC
     3     1          28.8346380                    864440.70                BB
     2     1          29.4528931                    882975.52                BA
     2     2          74.5205254                   2234069.15                A
     1     2          74.5231479                   2234147.77                BC
     1     3         150.0518825                   4498442.27                BB
     0     3         150.0518841                   4498442.32                BA

 ROTATIONAL ENERGY MATRIX FOR S REDUCTION WITH J=    0

    Kc    Ka     ROTATIONAL ENERGY (CM-1)     ROTATIONAL ENERGY (MHz)   SYMMETRY TYPE
     0     0           0.0000000                         0.00                A

 ROTATIONAL ENERGY MATRIX FOR S REDUCTION WITH J=    1

    Kc    Ka     ROTATIONAL ENERGY (CM-1)     ROTATIONAL ENERGY (MHz)   SYMMETRY TYPE
     1     0           2.3349095                     69998.83                BC
     1     1          17.4193334                    522218.48                BB
     0     1          17.5223878                    525307.97                BA

 ROTATIONAL ENERGY MATRIX FOR S REDUCTION WITH J=    2

    Kc    Ka     ROTATIONAL ENERGY (CM-1)     ROTATIONAL ENERGY (MHz)   SYMMETRY TYPE
     2     0           7.0041011                    209977.67                A
     2     1          21.9856809                    659114.13                BA
     1     1          22.2948293                    668382.17                BB
     1     2          67.5181366                   2024142.81                BC
     0     2          67.5186613                   2024158.54                A

 ROTATIONAL ENERGY MATRIX FOR S REDUCTION WITH J=    3

    Kc    Ka     ROTATIONAL ENERGY (CM-1)     ROTATIONAL ENERGY (MHz)   SYMMETRY TYPE
     3     0          14.0063203                    419898.92                BC
     3     1          28.8346396                    864440.75                BB
     2     1          29.4528906                    882975.45                BA
     2     2          74.5205253                   2234069.15                A
     1     2          74.5231486                   2234147.79                BC
     1     3         150.0518830                   4498442.28                BB
     0     3         150.0518847                   4498442.33                BA

  VIBRATIONAL STATE
   NON-DEG(Vt) :     0    0    2

 ROTATIONAL CONSTANTS (CM-1)
        BXA               BYA               BZA
      1.1905663         1.0953621        15.4894614

 ROTATIONAL CONSTANTS (CM-1)
        BXS               BYS               BZS
      1.1904715         1.0954566        15.4894617

 ROTATIONAL ENERGY MATRIX FOR A REDUCTION WITH J=    0

    Kc    Ka     ROTATIONAL ENERGY (CM-1)     ROTATIONAL ENERGY (MHz)   SYMMETRY TYPE
     0     0           0.0000000                         0.00                A

 ROTATIONAL ENERGY MATRIX FOR A REDUCTION WITH J=    1

    Kc    Ka     ROTATIONAL ENERGY (CM-1)     ROTATIONAL ENERGY (MHz)   SYMMETRY TYPE
     1     0           2.2859113                     68529.90                BC
     1     1          16.5823200                    497125.45                BB
     0     1          16.6773332                    499973.87                BA

 ROTATIONAL ENERGY MATRIX FOR A REDUCTION WITH J=    2

    Kc    Ka     ROTATIONAL ENERGY (CM-1)     ROTATIONAL ENERGY (MHz)   SYMMETRY TYPE
     2     0           6.8571607                    205572.51                A
     2     1          21.0587123                    631324.31                BA
     1     1          21.3437370                    639869.14                BB
     1     2          64.2029988                   1924757.48                BC
     0     2          64.2034692                   1924771.58                A

 ROTATIONAL ENERGY MATRIX FOR A REDUCTION WITH J=    3

    Kc    Ka     ROTATIONAL ENERGY (CM-1)     ROTATIONAL ENERGY (MHz)   SYMMETRY TYPE
     3     0          13.7126024                    411093.48                BC
     3     1          27.7727721                    832606.76                BB
     2     1          28.3427760                    849695.05                BA
     2     2          71.0583929                   2130277.03                A
     1     2          71.0607445                   2130347.53                BC
     1     3         142.6295376                   4275925.97                BB
     0     3         142.6295391                   4275926.01                BA

 ROTATIONAL ENERGY MATRIX FOR S REDUCTION WITH J=    0

    Kc    Ka     ROTATIONAL ENERGY (CM-1)     ROTATIONAL ENERGY (MHz)   SYMMETRY TYPE
     0     0           0.0000000                         0.00                A

 ROTATIONAL ENERGY MATRIX FOR S REDUCTION WITH J=    1

    Kc    Ka     ROTATIONAL ENERGY (CM-1)     ROTATIONAL ENERGY (MHz)   SYMMETRY TYPE
     1     0           2.2859113                     68529.90                BC
     1     1          16.5823204                    497125.46                BB
     0     1          16.6773328                    499973.86                BA

 ROTATIONAL ENERGY MATRIX FOR S REDUCTION WITH J=    2

    Kc    Ka     ROTATIONAL ENERGY (CM-1)     ROTATIONAL ENERGY (MHz)   SYMMETRY TYPE
     2     0           6.8571606                    205572.50                A
     2     1          21.0587133                    631324.34                BA
     1     1          21.3437360                    639869.11                BB
     1     2          64.2029988                   1924757.48                BC
     0     2          64.2034693                   1924771.59                A

 ROTATIONAL ENERGY MATRIX FOR S REDUCTION WITH J=    3

    Kc    Ka     ROTATIONAL ENERGY (CM-1)     ROTATIONAL ENERGY (MHz)   SYMMETRY TYPE
     3     0          13.7126019                    411093.46                BC
     3     1          27.7727738                    832606.81                BB
     2     1          28.3427737                    849694.98                BA
     2     2          71.0583929                   2130277.03                A
     1     2          71.0607449                   2130347.54                BC
     1     3         142.6295380                   4275925.98                BB
     0     3         142.6295395                   4275926.02                BA

  VIBRATIONAL STATE
   NON-DEG(Vt) :     1    1    0

 ROTATIONAL CONSTANTS (CM-1)
        BXA               BYA               BZA
      1.2222371         1.1217081        15.3273035

 ROTATIONAL CONSTANTS (CM-1)
        BXS               BYS               BZS
      1.2221423         1.1218025        15.3273039

 ROTATIONAL ENERGY MATRIX FOR A REDUCTION WITH J=    0

    Kc    Ka     ROTATIONAL ENERGY (CM-1)     ROTATIONAL ENERGY (MHz)   SYMMETRY TYPE
     0     0           0.0000000                         0.00                A

 ROTATIONAL ENERGY MATRIX FOR A REDUCTION WITH J=    1

    Kc    Ka     ROTATIONAL ENERGY (CM-1)     ROTATIONAL ENERGY (MHz)   SYMMETRY TYPE
     1     0           2.3439280                     70269.19                BC
     1     1          16.4465081                    493053.91                BB
     0     1          16.5468462                    496061.97                BA

 ROTATIONAL ENERGY MATRIX FOR A REDUCTION WITH J=    2

    Kc    Ka     ROTATIONAL ENERGY (CM-1)     ROTATIONAL ENERGY (MHz)   SYMMETRY TYPE
     2     0           7.0311496                    210788.56                A
     2     1          21.0336090                    630571.73                BA
     1     1          21.3346084                    639595.47                BB
     1     2          63.6123843                   1907051.30                BC
     0     2          63.6129161                   1907067.25                A

 ROTATIONAL ENERGY MATRIX FOR A REDUCTION WITH J=    3

    Kc    Ka     ROTATIONAL ENERGY (CM-1)     ROTATIONAL ENERGY (MHz)   SYMMETRY TYPE
     3     0          14.0603960                    421520.07                BC
     3     1          27.9136937                    836831.49                BB
     2     1          28.5156468                    854877.58                BA
     2     2          70.6418287                   2117788.75                A
     1     2          70.6444872                   2117868.45                BC
     1     3         141.2571804                   4234783.73                BB
     0     3         141.2571821                   4234783.78                BA

 ROTATIONAL ENERGY MATRIX FOR S REDUCTION WITH J=    0

    Kc    Ka     ROTATIONAL ENERGY (CM-1)     ROTATIONAL ENERGY (MHz)   SYMMETRY TYPE
     0     0           0.0000000                         0.00                A

 ROTATIONAL ENERGY MATRIX FOR S REDUCTION WITH J=    1

    Kc    Ka     ROTATIONAL ENERGY (CM-1)     ROTATIONAL ENERGY (MHz)   SYMMETRY TYPE
     1     0           2.3439280                     70269.19                BC
     1     1          16.4465085                    493053.92                BB
     0     1          16.5468458                    496061.96                BA

 ROTATIONAL ENERGY MATRIX FOR S REDUCTION WITH J=    2

    Kc    Ka     ROTATIONAL ENERGY (CM-1)     ROTATIONAL ENERGY (MHz)   SYMMETRY TYPE
     2     0           7.0311493                    210788.55                A
     2     1          21.0336100                    630571.76                BA
     1     1          21.3346074                    639595.44                BB
     1     2          63.6123843                   1907051.31                BC
     0     2          63.6129163                   1907067.25                A

 ROTATIONAL ENERGY MATRIX FOR S REDUCTION WITH J=    3

    Kc    Ka     ROTATIONAL ENERGY (CM-1)     ROTATIONAL ENERGY (MHz)   SYMMETRY TYPE
     3     0          14.0603949                    421520.03                BC
     3     1          27.9136952                    836831.53                BB
     2     1          28.5156441                    854877.50                BA
     2     2          70.6418286                   2117788.74                A
     1     2          70.6444883                   2117868.48                BC
     1     3         141.2571811                   4234783.75                BB
     0     3         141.2571829                   4234783.81                BA

  VIBRATIONAL STATE
   NON-DEG(Vt) :     1    0    1

 ROTATIONAL CONSTANTS (CM-1)
        BXA               BYA               BZA
      1.2079771         1.1114690        14.9190361

 ROTATIONAL CONSTANTS (CM-1)
        BXS               BYS               BZS
      1.2078823         1.1115634        14.9190365

 ROTATIONAL ENERGY MATRIX FOR A REDUCTION WITH J=    0

    Kc    Ka     ROTATIONAL ENERGY (CM-1)     ROTATIONAL ENERGY (MHz)   SYMMETRY TYPE
     0     0           0.0000000                         0.00                A

 ROTATIONAL ENERGY MATRIX FOR A REDUCTION WITH J=    1

    Kc    Ka     ROTATIONAL ENERGY (CM-1)     ROTATIONAL ENERGY (MHz)   SYMMETRY TYPE
     1     0           2.3194289                     69534.73                BC
     1     1          16.0280016                    480507.40                BB
     0     1          16.1243187                    483394.91                BA

 ROTATIONAL ENERGY MATRIX FOR A REDUCTION WITH J=    2

    Kc    Ka     ROTATIONAL ENERGY (CM-1)     ROTATIONAL ENERGY (MHz)   SYMMETRY TYPE
     2     0           6.9576799                    208586.00                A
     2     1          20.5701252                    616676.84                BA
     1     1          20.8590618                    625338.94                BB
     1     2          61.9548154                   1857358.64                BC
     0     2          61.9553195                   1857373.75                A

 ROTATIONAL ENERGY MATRIX FOR A REDUCTION WITH J=    3

    Kc    Ka     ROTATIONAL ENERGY (CM-1)     ROTATIONAL ENERGY (MHz)   SYMMETRY TYPE
     3     0          13.9135399                    417117.43                BC
     3     1          27.3827612                    820914.53                BB
     2     1          27.9605887                    838237.36                BA
     2     2          68.9107625                   2065892.69                A
     1     2          68.9132823                   2065968.23                BC
     1     3         137.5460075                   4123525.57                BB
     0     3         137.5460092                   4123525.62                BA

 ROTATIONAL ENERGY MATRIX FOR S REDUCTION WITH J=    0

    Kc    Ka     ROTATIONAL ENERGY (CM-1)     ROTATIONAL ENERGY (MHz)   SYMMETRY TYPE
     0     0           0.0000000                         0.00                A

 ROTATIONAL ENERGY MATRIX FOR S REDUCTION WITH J=    1

    Kc    Ka     ROTATIONAL ENERGY (CM-1)     ROTATIONAL ENERGY (MHz)   SYMMETRY TYPE
     1     0           2.3194289                     69534.73                BC
     1     1          16.0280020                    480507.41                BB
     0     1          16.1243184                    483394.90                BA

 ROTATIONAL ENERGY MATRIX FOR S REDUCTION WITH J=    2

    Kc    Ka     ROTATIONAL ENERGY (CM-1)     ROTATIONAL ENERGY (MHz)   SYMMETRY TYPE
     2     0           6.9576797                    208585.99                A
     2     1          20.5701262                    616676.87                BA
     1     1          20.8590607                    625338.91                BB
     1     2          61.9548155                   1857358.64                BC
     0     2          61.9553197                   1857373.76                A

 ROTATIONAL ENERGY MATRIX FOR S REDUCTION WITH J=    3

    Kc    Ka     ROTATIONAL ENERGY (CM-1)     ROTATIONAL ENERGY (MHz)   SYMMETRY TYPE
     3     0          13.9135389                    417117.40                BC
     3     1          27.3827627                    820914.57                BB
     2     1          27.9605861                    838237.28                BA
     2     2          68.9107624                   2065892.68                A
     1     2          68.9132833                   2065968.26                BC
     1     3         137.5460082                   4123525.59                BB
     0     3         137.5460099                   4123525.64                BA

  VIBRATIONAL STATE
   NON-DEG(Vt) :     0    1    1

 ROTATIONAL CONSTANTS (CM-1)
        BXA               BYA               BZA
      1.2048263         1.1056012        15.8977288

 ROTATIONAL CONSTANTS (CM-1)
        BXS               BYS               BZS
      1.2047315         1.1056957        15.8977292

 ROTATIONAL ENERGY MATRIX FOR A REDUCTION WITH J=    0

    Kc    Ka     ROTATIONAL ENERGY (CM-1)     ROTATIONAL ENERGY (MHz)   SYMMETRY TYPE
     0     0           0.0000000                         0.00                A

 ROTATIONAL ENERGY MATRIX FOR A REDUCTION WITH J=    1

    Kc    Ka     ROTATIONAL ENERGY (CM-1)     ROTATIONAL ENERGY (MHz)   SYMMETRY TYPE
     1     0           2.3104104                     69264.36                BC
     1     1          17.0008266                    509671.96                BB
     0     1          17.0998606                    512640.92                BA

 ROTATIONAL ENERGY MATRIX FOR A REDUCTION WITH J=    2

    Kc    Ka     ROTATIONAL ENERGY (CM-1)     ROTATIONAL ENERGY (MHz)   SYMMETRY TYPE
     2     0           6.9306311                    207775.09                A
     2     1          21.5221961                    645219.21                BA
     1     1          21.8192836                    654125.67                BB
     1     2          65.8605677                   1974450.15                BC
     0     2          65.8610651                   1974465.06                A

 ROTATIONAL ENERGY MATRIX FOR A REDUCTION WITH J=    3

    Kc    Ka     ROTATIONAL ENERGY (CM-1)     ROTATIONAL ENERGY (MHz)   SYMMETRY TYPE
     3     0          13.8594622                    415496.22                BC
     3     1          28.3037051                    848523.73                BB
     2     1          28.8978346                    866335.29                BA
     2     2          72.7894592                   2182173.09                A
     1     2          72.7919457                   2182247.63                BC
     1     3         146.3407100                   4387184.11                BB
     0     3         146.3407115                   4387184.16                BA

 ROTATIONAL ENERGY MATRIX FOR S REDUCTION WITH J=    0

    Kc    Ka     ROTATIONAL ENERGY (CM-1)     ROTATIONAL ENERGY (MHz)   SYMMETRY TYPE
     0     0           0.0000000                         0.00                A

 ROTATIONAL ENERGY MATRIX FOR S REDUCTION WITH J=    1

    Kc    Ka     ROTATIONAL ENERGY (CM-1)     ROTATIONAL ENERGY (MHz)   SYMMETRY TYPE
     1     0           2.3104104                     69264.36                BC
     1     1          17.0008269                    509671.97                BB
     0     1          17.0998603                    512640.92                BA

 ROTATIONAL ENERGY MATRIX FOR S REDUCTION WITH J=    2

    Kc    Ka     ROTATIONAL ENERGY (CM-1)     ROTATIONAL ENERGY (MHz)   SYMMETRY TYPE
     2     0           6.9306309                    207775.09                A
     2     1          21.5221971                    645219.24                BA
     1     1          21.8192826                    654125.64                BB
     1     2          65.8605677                   1974450.15                BC
     0     2          65.8610652                   1974465.06                A

 ROTATIONAL ENERGY MATRIX FOR S REDUCTION WITH J=    3

    Kc    Ka     ROTATIONAL ENERGY (CM-1)     ROTATIONAL ENERGY (MHz)   SYMMETRY TYPE
     3     0          13.8594615                    415496.20                BC
     3     1          28.3037068                    848523.78                BB
     2     1          28.8978322                    866335.21                BA
     2     2          72.7894591                   2182173.09                A
     1     2          72.7919463                   2182247.65                BC
     1     3         146.3407105                   4387184.13                BB
     0     3         146.3407120                   4387184.18                BA

 ************************************************ 
        VIBRATIONALLY AVERAGED COORDINATES        
 ************************************************ 



 FOR THE GROUND STATE, R(ALPHA) EQUALS R(Z) 


 VIBRATIONAL STATE 
 1-DEGN :    0    0    0

 INT COORD TYPE     R(EQUIL)      R(G)          R(ALPHA)

 1)    BOND         1.1204016     1.1432526     1.1380459
 2)    BOND         1.3089864     1.3151465     1.3150685
 3)    ANGLE      102.2822593   102.3488003   102.3505461

 VIBRATIONAL STATE 
 1-DEGN :    1    0    0

 INT COORD TYPE     R(EQUIL)      R(G)          R(ALPHA)

 1)    BOND         1.1204016     1.1832018     1.1779949
 2)    BOND         1.3089864     1.3125708     1.3124644
 3)    ANGLE      102.2822593   102.2837549   102.2827543

 VIBRATIONAL STATE 
 1-DEGN :    0    1    0

 INT COORD TYPE     R(EQUIL)      R(G)          R(ALPHA)

 1)    BOND         1.1204016     1.1490820     1.1337993
 2)    BOND         1.3089864     1.3173531     1.3171481
 3)    ANGLE      102.2822593   102.8892746   102.8914955

 VIBRATIONAL STATE 
 1-DEGN :    0    0    1

 INT COORD TYPE     R(EQUIL)      R(G)          R(ALPHA)

 1)    BOND         1.1204016     1.1431759     1.1376321
 2)    BOND         1.3089864     1.3278356     1.3277575
 3)    ANGLE      102.2822593   102.0064533   102.0139622

 VIBRATIONAL STATE 
 1-DEGN :    2    0    0

 INT COORD TYPE     R(EQUIL)      R(G)          R(ALPHA)

 1)    BOND         1.1204016     1.2231510     1.2179440
 2)    BOND         1.3089864     1.3099952     1.3098602
 3)    ANGLE      102.2822593   102.2187094   102.2149624

 VIBRATIONAL STATE 
 1-DEGN :    0    2    0

 INT COORD TYPE     R(EQUIL)      R(G)          R(ALPHA)

 1)    BOND         1.1204016     1.1549115     1.1295526
 2)    BOND         1.3089864     1.3195598     1.3192276
 3)    ANGLE      102.2822593   103.4297490   103.4324449

 VIBRATIONAL STATE 
 1-DEGN :    0    0    2

 INT COORD TYPE     R(EQUIL)      R(G)          R(ALPHA)

 1)    BOND         1.1204016     1.1430992     1.1372183
 2)    BOND         1.3089864     1.3405248     1.3404464
 3)    ANGLE      102.2822593   101.6641063   101.6773783

 VIBRATIONAL STATE 
 1-DEGN :    1    1    0

 INT COORD TYPE     R(EQUIL)      R(G)          R(ALPHA)

 1)    BOND         1.1204016     1.1890312     1.1737483
 2)    BOND         1.3089864     1.3147775     1.3145439
 3)    ANGLE      102.2822593   102.8242292   102.8237036

 VIBRATIONAL STATE 
 1-DEGN :    1    0    1

 INT COORD TYPE     R(EQUIL)      R(G)          R(ALPHA)

 1)    BOND         1.1204016     1.1831251     1.1775811
 2)    BOND         1.3089864     1.3252600     1.3251533
 3)    ANGLE      102.2822593   101.9414079   101.9461703

 VIBRATIONAL STATE 
 1-DEGN :    0    1    1

 INT COORD TYPE     R(EQUIL)      R(G)          R(ALPHA)

 1)    BOND         1.1204016     1.1490053     1.1333854
 2)    BOND         1.3089864     1.3300423     1.3298370
 3)    ANGLE      102.2822593   102.5469277   102.5549116
