
 INTDER2005

 A GENERAL PROGRAM DEVELOPED BY WESLEY D. ALLEN AND CO-WORKERS
 WHICH PERFORMS VARIOUS VIBRATIONAL ANALYSES AND HIGHER-ORDER
 NONLINEAR TRANSFORMATIONS AMONG FORCE FIELD REPRESENTATIONS

   PROGRAM OPTIONS

   NA      NSYM       NEQ      NINV     NTEST     NFREQ      NVEC     NDISP
        NS      NDER      NPRT      NDUM     NGEOM     IRINT     NSTOP     NMODE
    3    3    0    4    0    3    2    0    0    1    3    0    0    0    0    0


 NUCLEAR CARTESIAN COORDINATES (BOHR)

         0.0000000000        1.8284340594       -2.0729188776
         0.0000000000       -0.1927202572       -1.4422885037
         0.0000000000        0.0248678859        1.0217494763


 DEFINITION OF INTERNAL COORDINATES

 SIMPLE INTERNAL COORDINATES

L( 1)=   STRE    1    2    0    0     
L( 2)=   STRE    2    3    0    0     
L( 3)=   BEND    1    2    3    0     



 VALUES OF SIMPLE INTERNAL COORDINATES (ANG. OR DEG.)

   1    1.1204020148   2    1.3089868348   3  102.2822593112

 B MATRIX FOR (SYMMETRY) INTERNAL COORDINATES

 I=            1
    0.000000    0.954612   -0.297853   -0.000000   -0.954612    0.297853
    0.000000    0.000000    0.000000
 I=            2
    0.000000    0.000000    0.000000    0.000000   -0.087963   -0.996124
   -0.000000    0.087963    0.996124
 I=            3
   -0.000000   -0.265845   -0.852026    0.000000    1.026833    0.784827
   -0.000000   -0.760988    0.067199

 DETERMINANT OF B*BT MATRIX=  9.1517    


 A MATRIX FOR (SYMMETRY) INTERNAL COORDINATES

 I=           1
    0.000000    0.000000    0.000000
 I=           2
    0.508316    0.080316    0.060198
 I=           3
   -0.330079   -0.219478   -0.422813
 I=           4
    0.000000    0.000000    0.000000
 I=           5
   -0.381244    0.024637    0.250357
 I=           6
    0.176262   -0.397928    0.186641
 I=           7
    0.000000    0.000000    0.000000
 I=           8
   -0.127072   -0.104953   -0.310555
 I=           9
    0.153817    0.617406    0.236173


 FINAL CARTESIAN COORDINATE FORCE CONSTANTS

 QUADRATIC FORCE CONSTANTS

    0.000000    0.000000    0.000000    0.000000    0.000000    0.000000
    0.000000    0.000000    0.000000
    0.000000    0.254928   -0.063149    0.000000   -0.269086    0.055096
    0.000000    0.014158    0.008053
    0.000000   -0.063149    0.089244    0.000000    0.010316   -0.041581
    0.000000    0.052833   -0.047663
    0.000000    0.000000    0.000000    0.000000    0.000000    0.000000
    0.000000    0.000000    0.000000
    0.000000   -0.269086    0.010316    0.000000    0.330338   -0.000741
    0.000000   -0.061252   -0.009575
    0.000000    0.055096   -0.041581    0.000000   -0.000741    0.430554
    0.000000   -0.054355   -0.388973
    0.000000    0.000000    0.000000    0.000000    0.000000    0.000000
    0.000000    0.000000    0.000000
    0.000000    0.014158    0.052833    0.000000   -0.061252   -0.054355
    0.000000    0.047094    0.001522
    0.000000    0.008053   -0.047663    0.000000   -0.009575   -0.388973
    0.000000    0.001522    0.436636

 CUBIC FORCE CONSTANTS

M=    1
    0.000000    0.125433   -0.034201    0.000000   -0.130003    0.028297
    0.000000    0.004570    0.005904
    0.125433    0.000000    0.000000   -0.131907    0.000000    0.000000
    0.006474    0.000000    0.000000
   -0.034201    0.000000    0.000000    0.006735    0.000000    0.000000
    0.027466    0.000000    0.000000
    0.000000   -0.131907    0.006735    0.000000    0.159089   -0.018663
    0.000000   -0.027182    0.011928
   -0.130003    0.000000    0.000000    0.159089    0.000000    0.000000
   -0.029086    0.000000    0.000000
    0.028297    0.000000    0.000000   -0.018663    0.000000    0.000000
   -0.009633    0.000000    0.000000
    0.000000    0.006474    0.027466    0.000000   -0.029086   -0.009633
    0.000000    0.022611   -0.017833
    0.004570    0.000000    0.000000   -0.027182    0.000000    0.000000
    0.022611    0.000000    0.000000
    0.005904    0.000000    0.000000    0.011928    0.000000    0.000000
   -0.017833    0.000000    0.000000
M=    2
    0.125433    0.000000    0.000000   -0.131907    0.000000    0.000000
    0.006474    0.000000    0.000000
    0.000000   -0.759220    0.279231    0.000000    0.772249   -0.318818
    0.000000   -0.013028    0.039587
    0.000000    0.279231   -0.030228    0.000000   -0.260219    0.012563
    0.000000   -0.019012    0.017665
   -0.131907    0.000000    0.000000    0.143307    0.000000    0.000000
   -0.011400    0.000000    0.000000
    0.000000    0.772249   -0.260219    0.000000   -0.780013    0.293952
    0.000000    0.007764   -0.033733
    0.000000   -0.318818    0.012563    0.000000    0.293952   -0.055898
    0.000000    0.024866    0.043335
    0.006474    0.000000    0.000000   -0.011400    0.000000    0.000000
    0.004925    0.000000    0.000000
    0.000000   -0.013028   -0.019012    0.000000    0.007764    0.024866
    0.000000    0.005264   -0.005854
    0.000000    0.039587    0.017665    0.000000   -0.033733    0.043335
    0.000000   -0.005854   -0.061000
M=    3
   -0.034201    0.000000    0.000000    0.006735    0.000000    0.000000
    0.027466    0.000000    0.000000
    0.000000    0.279231   -0.030228    0.000000   -0.260219    0.012563
    0.000000   -0.019012    0.017665
    0.000000   -0.030228    0.005785    0.000000   -0.012307    0.059101
    0.000000    0.042535   -0.064886
    0.006735    0.000000    0.000000    0.008416    0.000000    0.000000
   -0.015151    0.000000    0.000000
    0.000000   -0.260219   -0.012307    0.000000    0.240295   -0.036251
    0.000000    0.019924    0.048558
    0.000000    0.012563    0.059101    0.000000   -0.036251   -0.042571
    0.000000    0.023688   -0.016530
    0.027466    0.000000    0.000000   -0.015151    0.000000    0.000000
   -0.012314    0.000000    0.000000
    0.000000   -0.019012    0.042535    0.000000    0.019924    0.023688
    0.000000   -0.000913   -0.066223
    0.000000    0.017665   -0.064886    0.000000    0.048558   -0.016530
    0.000000   -0.066223    0.081416
M=    4
    0.000000   -0.131907    0.006735    0.000000    0.159089   -0.018663
    0.000000   -0.027182    0.011928
   -0.131907    0.000000    0.000000    0.143307    0.000000    0.000000
   -0.011400    0.000000    0.000000
    0.006735    0.000000    0.000000    0.008416    0.000000    0.000000
   -0.015151    0.000000    0.000000
    0.000000    0.143307    0.008416    0.000000   -0.199505   -0.151295
    0.000000    0.056198    0.142879
    0.159089    0.000000    0.000000   -0.199505    0.000000    0.000000
    0.040416    0.000000    0.000000
   -0.018663    0.000000    0.000000   -0.151295    0.000000    0.000000
    0.169958    0.000000    0.000000
    0.000000   -0.011400   -0.015151    0.000000    0.040416    0.169958
    0.000000   -0.029016   -0.154807
   -0.027182    0.000000    0.000000    0.056198    0.000000    0.000000
   -0.029016    0.000000    0.000000
    0.011928    0.000000    0.000000    0.142879    0.000000    0.000000
   -0.154807    0.000000    0.000000
M=    5
   -0.130003    0.000000    0.000000    0.159089    0.000000    0.000000
   -0.029086    0.000000    0.000000
    0.000000    0.772249   -0.260219    0.000000   -0.780013    0.293952
    0.000000    0.007764   -0.033733
    0.000000   -0.260219   -0.012307    0.000000    0.240295   -0.036251
    0.000000    0.019924    0.048558
    0.159089    0.000000    0.000000   -0.199505    0.000000    0.000000
    0.040416    0.000000    0.000000
    0.000000   -0.780013    0.240295    0.000000    0.772302   -0.363045
    0.000000    0.007711    0.122750
    0.000000    0.293952   -0.036251    0.000000   -0.363045    0.229619
    0.000000    0.069093   -0.193368
   -0.029086    0.000000    0.000000    0.040416    0.000000    0.000000
   -0.011330    0.000000    0.000000
    0.000000    0.007764    0.019924    0.000000    0.007711    0.069093
    0.000000   -0.015475   -0.089017
    0.000000   -0.033733    0.048558    0.000000    0.122750   -0.193368
    0.000000   -0.089017    0.144810
M=    6
    0.028297    0.000000    0.000000   -0.018663    0.000000    0.000000
   -0.009633    0.000000    0.000000
    0.000000   -0.318818    0.012563    0.000000    0.293952   -0.055898
    0.000000    0.024866    0.043335
    0.000000    0.012563    0.059101    0.000000   -0.036251   -0.042571
    0.000000    0.023688   -0.016530
   -0.018663    0.000000    0.000000   -0.151295    0.000000    0.000000
    0.169958    0.000000    0.000000
    0.000000    0.293952   -0.036251    0.000000   -0.363045    0.229619
    0.000000    0.069093   -0.193368
    0.000000   -0.055898   -0.042571    0.000000    0.229619    1.459197
    0.000000   -0.173720   -1.416625
   -0.009633    0.000000    0.000000    0.169958    0.000000    0.000000
   -0.160325    0.000000    0.000000
    0.000000    0.024866    0.023688    0.000000    0.069093   -0.173720
    0.000000   -0.093959    0.150033
    0.000000    0.043335   -0.016530    0.000000   -0.193368   -1.416625
    0.000000    0.150033    1.433155
M=    7
    0.000000    0.006474    0.027466    0.000000   -0.029086   -0.009633
    0.000000    0.022611   -0.017833
    0.006474    0.000000    0.000000   -0.011400    0.000000    0.000000
    0.004925    0.000000    0.000000
    0.027466    0.000000    0.000000   -0.015151    0.000000    0.000000
   -0.012314    0.000000    0.000000
    0.000000   -0.011400   -0.015151    0.000000    0.040416    0.169958
    0.000000   -0.029016   -0.154807
   -0.029086    0.000000    0.000000    0.040416    0.000000    0.000000
   -0.011330    0.000000    0.000000
   -0.009633    0.000000    0.000000    0.169958    0.000000    0.000000
   -0.160325    0.000000    0.000000
    0.000000    0.004925   -0.012314    0.000000   -0.011330   -0.160325
    0.000000    0.006405    0.172640
    0.022611    0.000000    0.000000   -0.029016    0.000000    0.000000
    0.006405    0.000000    0.000000
   -0.017833    0.000000    0.000000   -0.154807    0.000000    0.000000
    0.172640    0.000000    0.000000
M=    8
    0.004570    0.000000    0.000000   -0.027182    0.000000    0.000000
    0.022611    0.000000    0.000000
    0.000000   -0.013028   -0.019012    0.000000    0.007764    0.024866
    0.000000    0.005264   -0.005854
    0.000000   -0.019012    0.042535    0.000000    0.019924    0.023688
    0.000000   -0.000913   -0.066223
   -0.027182    0.000000    0.000000    0.056198    0.000000    0.000000
   -0.029016    0.000000    0.000000
    0.000000    0.007764    0.019924    0.000000    0.007711    0.069093
    0.000000   -0.015475   -0.089017
    0.000000    0.024866    0.023688    0.000000    0.069093   -0.173720
    0.000000   -0.093959    0.150033
    0.022611    0.000000    0.000000   -0.029016    0.000000    0.000000
    0.006405    0.000000    0.000000
    0.000000    0.005264   -0.000913    0.000000   -0.015475   -0.093959
    0.000000    0.010211    0.094872
    0.000000   -0.005854   -0.066223    0.000000   -0.089017    0.150033
    0.000000    0.094872   -0.083810
M=    9
    0.005904    0.000000    0.000000    0.011928    0.000000    0.000000
   -0.017833    0.000000    0.000000
    0.000000    0.039587    0.017665    0.000000   -0.033733    0.043335
    0.000000   -0.005854   -0.061000
    0.000000    0.017665   -0.064886    0.000000    0.048558   -0.016530
    0.000000   -0.066223    0.081416
    0.011928    0.000000    0.000000    0.142879    0.000000    0.000000
   -0.154807    0.000000    0.000000
    0.000000   -0.033733    0.048558    0.000000    0.122750   -0.193368
    0.000000   -0.089017    0.144810
    0.000000    0.043335   -0.016530    0.000000   -0.193368   -1.416625
    0.000000    0.150033    1.433155
   -0.017833    0.000000    0.000000   -0.154807    0.000000    0.000000
    0.172640    0.000000    0.000000
    0.000000   -0.005854   -0.066223    0.000000   -0.089017    0.150033
    0.000000    0.094872   -0.083810
    0.000000   -0.061000    0.081416    0.000000    0.144810    1.433155
    0.000000   -0.083810   -1.514571

 QUARTIC FORCE CONSTANTS

M=    1  N=    1
    0.185551    0.000000    0.000000   -0.191399    0.000000    0.000000
    0.005849    0.000000    0.000000
    0.000000   -0.498229    0.157536    0.000000    0.509012   -0.173279
    0.000000   -0.010783    0.015743
    0.000000    0.157536   -0.017709    0.000000   -0.133543    0.005026
    0.000000   -0.023993    0.012683
   -0.191399    0.000000    0.000000    0.223435    0.000000    0.000000
   -0.032035    0.000000    0.000000
    0.000000    0.509012   -0.133543    0.000000   -0.538996    0.158830
    0.000000    0.029984   -0.025287
    0.000000   -0.173279    0.005026    0.000000    0.158830   -0.026692
    0.000000    0.014448    0.021666
    0.005849    0.000000    0.000000   -0.032035    0.000000    0.000000
    0.026186    0.000000    0.000000
    0.000000   -0.010783   -0.023993    0.000000    0.029984    0.014448
    0.000000   -0.019201    0.009545
    0.000000    0.015743    0.012683    0.000000   -0.025287    0.021666
    0.000000    0.009545   -0.034350
M=    1  N=    2
    0.000000   -0.498229    0.157536    0.000000    0.509012   -0.173279
    0.000000   -0.010783    0.015743
   -0.498229    0.000000    0.000000    0.512421    0.000000    0.000000
   -0.014191    0.000000    0.000000
    0.157536    0.000000    0.000000   -0.134681    0.000000    0.000000
   -0.022855    0.000000    0.000000
    0.000000    0.512421   -0.134681    0.000000   -0.533679    0.158995
    0.000000    0.021258   -0.024313
    0.509012    0.000000    0.000000   -0.533679    0.000000    0.000000
    0.024667    0.000000    0.000000
   -0.173279    0.000000    0.000000    0.158995    0.000000    0.000000
    0.014284    0.000000    0.000000
    0.000000   -0.014191   -0.022855    0.000000    0.024667    0.014284
    0.000000   -0.010475    0.008571
   -0.010783    0.000000    0.000000    0.021258    0.000000    0.000000
   -0.010475    0.000000    0.000000
    0.015743    0.000000    0.000000   -0.024313    0.000000    0.000000
    0.008571    0.000000    0.000000
M=    1  N=    3
    0.000000    0.157536   -0.017709    0.000000   -0.133543    0.005026
    0.000000   -0.023993    0.012683
    0.157536    0.000000    0.000000   -0.134681    0.000000    0.000000
   -0.022855    0.000000    0.000000
   -0.017709    0.000000    0.000000   -0.007866    0.000000    0.000000
    0.025575    0.000000    0.000000
    0.000000   -0.134681   -0.007866    0.000000    0.119955   -0.016080
    0.000000    0.014726    0.023946
   -0.133543    0.000000    0.000000    0.119955    0.000000    0.000000
    0.013588    0.000000    0.000000
    0.005026    0.000000    0.000000   -0.016080    0.000000    0.000000
    0.011055    0.000000    0.000000
    0.000000   -0.022855    0.025575    0.000000    0.013588    0.011055
    0.000000    0.009267   -0.036630
   -0.023993    0.000000    0.000000    0.014726    0.000000    0.000000
    0.009267    0.000000    0.000000
    0.012683    0.000000    0.000000    0.023946    0.000000    0.000000
   -0.036630    0.000000    0.000000
M=    1  N=    4
   -0.191399    0.000000    0.000000    0.223435    0.000000    0.000000
   -0.032035    0.000000    0.000000
    0.000000    0.512421   -0.134681    0.000000   -0.533679    0.158995
    0.000000    0.021258   -0.024313
    0.000000   -0.134681   -0.007866    0.000000    0.119955   -0.016080
    0.000000    0.014726    0.023946
    0.223435    0.000000    0.000000   -0.268886    0.000000    0.000000
    0.045451    0.000000    0.000000
    0.000000   -0.533679    0.119955    0.000000    0.579423   -0.120204
    0.000000   -0.045744    0.000249
    0.000000    0.158995   -0.016080    0.000000   -0.120204    0.035652
    0.000000   -0.038791   -0.019571
   -0.032035    0.000000    0.000000    0.045451    0.000000    0.000000
   -0.013416    0.000000    0.000000
    0.000000    0.021258    0.014726    0.000000   -0.045744   -0.038791
    0.000000    0.024486    0.024065
    0.000000   -0.024313    0.023946    0.000000    0.000249   -0.019571
    0.000000    0.024065   -0.004375
M=    1  N=    5
    0.000000    0.509012   -0.133543    0.000000   -0.538996    0.158830
    0.000000    0.029984   -0.025287
    0.509012    0.000000    0.000000   -0.533679    0.000000    0.000000
    0.024667    0.000000    0.000000
   -0.133543    0.000000    0.000000    0.119955    0.000000    0.000000
    0.013588    0.000000    0.000000
    0.000000   -0.533679    0.119955    0.000000    0.579423   -0.120204
    0.000000   -0.045744    0.000249
   -0.538996    0.000000    0.000000    0.579423    0.000000    0.000000
   -0.040427    0.000000    0.000000
    0.158830    0.000000    0.000000   -0.120204    0.000000    0.000000
   -0.038626    0.000000    0.000000
    0.000000    0.024667    0.013588    0.000000   -0.040427   -0.038626
    0.000000    0.015760    0.025039
    0.029984    0.000000    0.000000   -0.045744    0.000000    0.000000
    0.015760    0.000000    0.000000
   -0.025287    0.000000    0.000000    0.000249    0.000000    0.000000
    0.025039    0.000000    0.000000
M=    1  N=    6
    0.000000   -0.173279    0.005026    0.000000    0.158830   -0.026692
    0.000000    0.014448    0.021666
   -0.173279    0.000000    0.000000    0.158995    0.000000    0.000000
    0.014284    0.000000    0.000000
    0.005026    0.000000    0.000000   -0.016080    0.000000    0.000000
    0.011055    0.000000    0.000000
    0.000000    0.158995   -0.016080    0.000000   -0.120204    0.035652
    0.000000   -0.038791   -0.019571
    0.158830    0.000000    0.000000   -0.120204    0.000000    0.000000
   -0.038626    0.000000    0.000000
   -0.026692    0.000000    0.000000    0.035652    0.000000    0.000000
   -0.008960    0.000000    0.000000
    0.000000    0.014284    0.011055    0.000000   -0.038626   -0.008960
    0.000000    0.024343   -0.002095
    0.014448    0.000000    0.000000   -0.038791    0.000000    0.000000
    0.024343    0.000000    0.000000
    0.021666    0.000000    0.000000   -0.019571    0.000000    0.000000
   -0.002095    0.000000    0.000000
M=    1  N=    7
    0.005849    0.000000    0.000000   -0.032035    0.000000    0.000000
    0.026186    0.000000    0.000000
    0.000000   -0.014191   -0.022855    0.000000    0.024667    0.014284
    0.000000   -0.010475    0.008571
    0.000000   -0.022855    0.025575    0.000000    0.013588    0.011055
    0.000000    0.009267   -0.036630
   -0.032035    0.000000    0.000000    0.045451    0.000000    0.000000
   -0.013416    0.000000    0.000000
    0.000000    0.024667    0.013588    0.000000   -0.040427   -0.038626
    0.000000    0.015760    0.025039
    0.000000    0.014284    0.011055    0.000000   -0.038626   -0.008960
    0.000000    0.024343   -0.002095
    0.026186    0.000000    0.000000   -0.013416    0.000000    0.000000
   -0.012770    0.000000    0.000000
    0.000000   -0.010475    0.009267    0.000000    0.015760    0.024343
    0.000000   -0.005285   -0.033609
    0.000000    0.008571   -0.036630    0.000000    0.025039   -0.002095
    0.000000   -0.033609    0.038725
M=    1  N=    8
    0.000000   -0.010783   -0.023993    0.000000    0.029984    0.014448
    0.000000   -0.019201    0.009545
   -0.010783    0.000000    0.000000    0.021258    0.000000    0.000000
   -0.010475    0.000000    0.000000
   -0.023993    0.000000    0.000000    0.014726    0.000000    0.000000
    0.009267    0.000000    0.000000
    0.000000    0.021258    0.014726    0.000000   -0.045744   -0.038791
    0.000000    0.024486    0.024065
    0.029984    0.000000    0.000000   -0.045744    0.000000    0.000000
    0.015760    0.000000    0.000000
    0.014448    0.000000    0.000000   -0.038791    0.000000    0.000000
    0.024343    0.000000    0.000000
    0.000000   -0.010475    0.009267    0.000000    0.015760    0.024343
    0.000000   -0.005285   -0.033609
   -0.019201    0.000000    0.000000    0.024486    0.000000    0.000000
   -0.005285    0.000000    0.000000
    0.009545    0.000000    0.000000    0.024065    0.000000    0.000000
   -0.033609    0.000000    0.000000
M=    1  N=    9
    0.000000    0.015743    0.012683    0.000000   -0.025287    0.021666
    0.000000    0.009545   -0.034350
    0.015743    0.000000    0.000000   -0.024313    0.000000    0.000000
    0.008571    0.000000    0.000000
    0.012683    0.000000    0.000000    0.023946    0.000000    0.000000
   -0.036630    0.000000    0.000000
    0.000000   -0.024313    0.023946    0.000000    0.000249   -0.019571
    0.000000    0.024065   -0.004375
   -0.025287    0.000000    0.000000    0.000249    0.000000    0.000000
    0.025039    0.000000    0.000000
    0.021666    0.000000    0.000000   -0.019571    0.000000    0.000000
   -0.002095    0.000000    0.000000
    0.000000    0.008571   -0.036630    0.000000    0.025039   -0.002095
    0.000000   -0.033609    0.038725
    0.009545    0.000000    0.000000    0.024065    0.000000    0.000000
   -0.033609    0.000000    0.000000
   -0.034350    0.000000    0.000000   -0.004375    0.000000    0.000000
    0.038725    0.000000    0.000000
M=    2  N=    1
    0.000000   -0.498229    0.157536    0.000000    0.509012   -0.173279
    0.000000   -0.010783    0.015743
   -0.498229    0.000000    0.000000    0.512421    0.000000    0.000000
   -0.014191    0.000000    0.000000
    0.157536    0.000000    0.000000   -0.134681    0.000000    0.000000
   -0.022855    0.000000    0.000000
    0.000000    0.512421   -0.134681    0.000000   -0.533679    0.158995
    0.000000    0.021258   -0.024313
    0.509012    0.000000    0.000000   -0.533679    0.000000    0.000000
    0.024667    0.000000    0.000000
   -0.173279    0.000000    0.000000    0.158995    0.000000    0.000000
    0.014284    0.000000    0.000000
    0.000000   -0.014191   -0.022855    0.000000    0.024667    0.014284
    0.000000   -0.010475    0.008571
   -0.010783    0.000000    0.000000    0.021258    0.000000    0.000000
   -0.010475    0.000000    0.000000
    0.015743    0.000000    0.000000   -0.024313    0.000000    0.000000
    0.008571    0.000000    0.000000
M=    2  N=    2
   -0.498229    0.000000    0.000000    0.512421    0.000000    0.000000
   -0.014191    0.000000    0.000000
    0.000000    1.820955   -0.963998    0.000000   -1.832145    1.010324
    0.000000    0.011191   -0.046326
    0.000000   -0.963998   -0.061053    0.000000    0.974633    0.031848
    0.000000   -0.010635    0.029206
    0.512421    0.000000    0.000000   -0.514178    0.000000    0.000000
    0.001757    0.000000    0.000000
    0.000000   -1.832145    0.974633    0.000000    1.840496   -0.993952
    0.000000   -0.008351    0.019319
    0.000000    1.010324    0.031848    0.000000   -0.993952   -0.056076
    0.000000   -0.016371    0.024229
   -0.014191    0.000000    0.000000    0.001757    0.000000    0.000000
    0.012434    0.000000    0.000000
    0.000000    0.011191   -0.010635    0.000000   -0.008351   -0.016371
    0.000000   -0.002840    0.027007
    0.000000   -0.046326    0.029206    0.000000    0.019319    0.024229
    0.000000    0.027007   -0.053434
M=    2  N=    3
    0.157536    0.000000    0.000000   -0.134681    0.000000    0.000000
   -0.022855    0.000000    0.000000
    0.000000   -0.963998   -0.061053    0.000000    0.974633    0.031848
    0.000000   -0.010635    0.029206
    0.000000   -0.061053    0.248561    0.000000    0.091043   -0.317052
    0.000000   -0.029990    0.068491
   -0.134681    0.000000    0.000000    0.110519    0.000000    0.000000
    0.024162    0.000000    0.000000
    0.000000    0.974633    0.091043    0.000000   -0.980703   -0.037288
    0.000000    0.006070   -0.053756
    0.000000    0.031848   -0.317052    0.000000   -0.037288    0.335473
    0.000000    0.005440   -0.018422
   -0.022855    0.000000    0.000000    0.024162    0.000000    0.000000
   -0.001308    0.000000    0.000000
    0.000000   -0.010635   -0.029990    0.000000    0.006070    0.005440
    0.000000    0.004565    0.024550
    0.000000    0.029206    0.068491    0.000000   -0.053756   -0.018422
    0.000000    0.024550   -0.050069
M=    2  N=    4
    0.000000    0.512421   -0.134681    0.000000   -0.533679    0.158995
    0.000000    0.021258   -0.024313
    0.512421    0.000000    0.000000   -0.514178    0.000000    0.000000
    0.001757    0.000000    0.000000
   -0.134681    0.000000    0.000000    0.110519    0.000000    0.000000
    0.024162    0.000000    0.000000
    0.000000   -0.514178    0.110519    0.000000    0.550968   -0.118842
    0.000000   -0.036790    0.008322
   -0.533679    0.000000    0.000000    0.550968    0.000000    0.000000
   -0.017289    0.000000    0.000000
    0.158995    0.000000    0.000000   -0.118842    0.000000    0.000000
   -0.040153    0.000000    0.000000
    0.000000    0.001757    0.024162    0.000000   -0.017289   -0.040153
    0.000000    0.015532    0.015991
    0.021258    0.000000    0.000000   -0.036790    0.000000    0.000000
    0.015532    0.000000    0.000000
   -0.024313    0.000000    0.000000    0.008322    0.000000    0.000000
    0.015991    0.000000    0.000000
M=    2  N=    5
    0.509012    0.000000    0.000000   -0.533679    0.000000    0.000000
    0.024667    0.000000    0.000000
    0.000000   -1.832145    0.974633    0.000000    1.840496   -0.993952
    0.000000   -0.008351    0.019319
    0.000000    0.974633    0.091043    0.000000   -0.980703   -0.037288
    0.000000    0.006070   -0.053756
   -0.533679    0.000000    0.000000    0.550968    0.000000    0.000000
   -0.017289    0.000000    0.000000
    0.000000    1.840496   -0.980703    0.000000   -1.841534    0.999825
    0.000000    0.001038   -0.019122
    0.000000   -0.993952   -0.037288    0.000000    0.999825    0.037991
    0.000000   -0.005873   -0.000704
    0.024667    0.000000    0.000000   -0.017289    0.000000    0.000000
   -0.007377    0.000000    0.000000
    0.000000   -0.008351    0.006070    0.000000    0.001038   -0.005873
    0.000000    0.007312   -0.000198
    0.000000    0.019319   -0.053756    0.000000   -0.019122   -0.000704
    0.000000   -0.000198    0.054459
M=    2  N=    6
   -0.173279    0.000000    0.000000    0.158995    0.000000    0.000000
    0.014284    0.000000    0.000000
    0.000000    1.010324    0.031848    0.000000   -0.993952   -0.056076
    0.000000   -0.016371    0.024229
    0.000000    0.031848   -0.317052    0.000000   -0.037288    0.335473
    0.000000    0.005440   -0.018422
    0.158995    0.000000    0.000000   -0.118842    0.000000    0.000000
   -0.040153    0.000000    0.000000
    0.000000   -0.993952   -0.037288    0.000000    0.999825    0.037991
    0.000000   -0.005873   -0.000704
    0.000000   -0.056076    0.335473    0.000000    0.037991   -0.484185
    0.000000    0.018085    0.148712
    0.014284    0.000000    0.000000   -0.040153    0.000000    0.000000
    0.025869    0.000000    0.000000
    0.000000   -0.016371    0.005440    0.000000   -0.005873    0.018085
    0.000000    0.022244   -0.023525
    0.000000    0.024229   -0.018422    0.000000   -0.000704    0.148712
    0.000000   -0.023525   -0.130290
M=    2  N=    7
    0.000000   -0.014191   -0.022855    0.000000    0.024667    0.014284
    0.000000   -0.010475    0.008571
   -0.014191    0.000000    0.000000    0.001757    0.000000    0.000000
    0.012434    0.000000    0.000000
   -0.022855    0.000000    0.000000    0.024162    0.000000    0.000000
   -0.001308    0.000000    0.000000
    0.000000    0.001757    0.024162    0.000000   -0.017289   -0.040153
    0.000000    0.015532    0.015991
    0.024667    0.000000    0.000000   -0.017289    0.000000    0.000000
   -0.007377    0.000000    0.000000
    0.014284    0.000000    0.000000   -0.040153    0.000000    0.000000
    0.025869    0.000000    0.000000
    0.000000    0.012434   -0.001308    0.000000   -0.007377    0.025869
    0.000000   -0.005057   -0.024561
   -0.010475    0.000000    0.000000    0.015532    0.000000    0.000000
   -0.005057    0.000000    0.000000
    0.008571    0.000000    0.000000    0.015991    0.000000    0.000000
   -0.024561    0.000000    0.000000
M=    2  N=    8
   -0.010783    0.000000    0.000000    0.021258    0.000000    0.000000
   -0.010475    0.000000    0.000000
    0.000000    0.011191   -0.010635    0.000000   -0.008351   -0.016371
    0.000000   -0.002840    0.027007
    0.000000   -0.010635   -0.029990    0.000000    0.006070    0.005440
    0.000000    0.004565    0.024550
    0.021258    0.000000    0.000000   -0.036790    0.000000    0.000000
    0.015532    0.000000    0.000000
    0.000000   -0.008351    0.006070    0.000000    0.001038   -0.005873
    0.000000    0.007312   -0.000198
    0.000000   -0.016371    0.005440    0.000000   -0.005873    0.018085
    0.000000    0.022244   -0.023525
   -0.010475    0.000000    0.000000    0.015532    0.000000    0.000000
   -0.005057    0.000000    0.000000
    0.000000   -0.002840    0.004565    0.000000    0.007312    0.022244
    0.000000   -0.004472   -0.026809
    0.000000    0.027007    0.024550    0.000000   -0.000198   -0.023525
    0.000000   -0.026809   -0.001025
M=    2  N=    9
    0.015743    0.000000    0.000000   -0.024313    0.000000    0.000000
    0.008571    0.000000    0.000000
    0.000000   -0.046326    0.029206    0.000000    0.019319    0.024229
    0.000000    0.027007   -0.053434
    0.000000    0.029206    0.068491    0.000000   -0.053756   -0.018422
    0.000000    0.024550   -0.050069
   -0.024313    0.000000    0.000000    0.008322    0.000000    0.000000
    0.015991    0.000000    0.000000
    0.000000    0.019319   -0.053756    0.000000   -0.019122   -0.000704
    0.000000   -0.000198    0.054459
    0.000000    0.024229   -0.018422    0.000000   -0.000704    0.148712
    0.000000   -0.023525   -0.130290
    0.008571    0.000000    0.000000    0.015991    0.000000    0.000000
   -0.024561    0.000000    0.000000
    0.000000    0.027007    0.024550    0.000000   -0.000198   -0.023525
    0.000000   -0.026809   -0.001025
    0.000000   -0.053434   -0.050069    0.000000    0.054459   -0.130290
    0.000000   -0.001025    0.180359
M=    3  N=    1
    0.000000    0.157536   -0.017709    0.000000   -0.133543    0.005026
    0.000000   -0.023993    0.012683
    0.157536    0.000000    0.000000   -0.134681    0.000000    0.000000
   -0.022855    0.000000    0.000000
   -0.017709    0.000000    0.000000   -0.007866    0.000000    0.000000
    0.025575    0.000000    0.000000
    0.000000   -0.134681   -0.007866    0.000000    0.119955   -0.016080
    0.000000    0.014726    0.023946
   -0.133543    0.000000    0.000000    0.119955    0.000000    0.000000
    0.013588    0.000000    0.000000
    0.005026    0.000000    0.000000   -0.016080    0.000000    0.000000
    0.011055    0.000000    0.000000
    0.000000   -0.022855    0.025575    0.000000    0.013588    0.011055
    0.000000    0.009267   -0.036630
   -0.023993    0.000000    0.000000    0.014726    0.000000    0.000000
    0.009267    0.000000    0.000000
    0.012683    0.000000    0.000000    0.023946    0.000000    0.000000
   -0.036630    0.000000    0.000000
M=    3  N=    2
    0.157536    0.000000    0.000000   -0.134681    0.000000    0.000000
   -0.022855    0.000000    0.000000
    0.000000   -0.963998   -0.061053    0.000000    0.974633    0.031848
    0.000000   -0.010635    0.029206
    0.000000   -0.061053    0.248561    0.000000    0.091043   -0.317052
    0.000000   -0.029990    0.068491
   -0.134681    0.000000    0.000000    0.110519    0.000000    0.000000
    0.024162    0.000000    0.000000
    0.000000    0.974633    0.091043    0.000000   -0.980703   -0.037288
    0.000000    0.006070   -0.053756
    0.000000    0.031848   -0.317052    0.000000   -0.037288    0.335473
    0.000000    0.005440   -0.018422
   -0.022855    0.000000    0.000000    0.024162    0.000000    0.000000
   -0.001308    0.000000    0.000000
    0.000000   -0.010635   -0.029990    0.000000    0.006070    0.005440
    0.000000    0.004565    0.024550
    0.000000    0.029206    0.068491    0.000000   -0.053756   -0.018422
    0.000000    0.024550   -0.050069
M=    3  N=    3
   -0.017709    0.000000    0.000000   -0.007866    0.000000    0.000000
    0.025575    0.000000    0.000000
    0.000000   -0.061053    0.248561    0.000000    0.091043   -0.317052
    0.000000   -0.029990    0.068491
    0.000000    0.248561   -0.095491    0.000000   -0.264528    0.164841
    0.000000    0.015967   -0.069351
   -0.007866    0.000000    0.000000   -0.008640    0.000000    0.000000
    0.016506    0.000000    0.000000
    0.000000    0.091043   -0.264528    0.000000   -0.132374    0.266650
    0.000000    0.041331   -0.002122
    0.000000   -0.317052    0.164841    0.000000    0.266650   -0.182230
    0.000000    0.050401    0.017389
    0.025575    0.000000    0.000000    0.016506    0.000000    0.000000
   -0.042081    0.000000    0.000000
    0.000000   -0.029990    0.015967    0.000000    0.041331    0.050401
    0.000000   -0.011341   -0.066369
    0.000000    0.068491   -0.069351    0.000000   -0.002122    0.017389
    0.000000   -0.066369    0.051962
M=    3  N=    4
    0.000000   -0.134681   -0.007866    0.000000    0.119955   -0.016080
    0.000000    0.014726    0.023946
   -0.134681    0.000000    0.000000    0.110519    0.000000    0.000000
    0.024162    0.000000    0.000000
   -0.007866    0.000000    0.000000   -0.008640    0.000000    0.000000
    0.016506    0.000000    0.000000
    0.000000    0.110519   -0.008640    0.000000   -0.071379    0.033314
    0.000000   -0.039140   -0.024675
    0.119955    0.000000    0.000000   -0.071379    0.000000    0.000000
   -0.048576    0.000000    0.000000
   -0.016080    0.000000    0.000000    0.033314    0.000000    0.000000
   -0.017234    0.000000    0.000000
    0.000000    0.024162    0.016506    0.000000   -0.048576   -0.017234
    0.000000    0.024414    0.000728
    0.014726    0.000000    0.000000   -0.039140    0.000000    0.000000
    0.024414    0.000000    0.000000
    0.023946    0.000000    0.000000   -0.024675    0.000000    0.000000
    0.000728    0.000000    0.000000
M=    3  N=    5
   -0.133543    0.000000    0.000000    0.119955    0.000000    0.000000
    0.013588    0.000000    0.000000
    0.000000    0.974633    0.091043    0.000000   -0.980703   -0.037288
    0.000000    0.006070   -0.053756
    0.000000    0.091043   -0.264528    0.000000   -0.132374    0.266650
    0.000000    0.041331   -0.002122
    0.119955    0.000000    0.000000   -0.071379    0.000000    0.000000
   -0.048576    0.000000    0.000000
    0.000000   -0.980703   -0.132374    0.000000    1.046537    0.057541
    0.000000   -0.065834    0.074834
    0.000000   -0.037288    0.266650    0.000000    0.057541   -0.319445
    0.000000   -0.020253    0.052795
    0.013588    0.000000    0.000000   -0.048576    0.000000    0.000000
    0.034988    0.000000    0.000000
    0.000000    0.006070    0.041331    0.000000   -0.065834   -0.020253
    0.000000    0.059763   -0.021078
    0.000000   -0.053756   -0.002122    0.000000    0.074834    0.052795
    0.000000   -0.021078   -0.050673
M=    3  N=    6
    0.005026    0.000000    0.000000   -0.016080    0.000000    0.000000
    0.011055    0.000000    0.000000
    0.000000    0.031848   -0.317052    0.000000   -0.037288    0.335473
    0.000000    0.005440   -0.018422
    0.000000   -0.317052    0.164841    0.000000    0.266650   -0.182230
    0.000000    0.050401    0.017389
   -0.016080    0.000000    0.000000    0.033314    0.000000    0.000000
   -0.017234    0.000000    0.000000
    0.000000   -0.037288    0.266650    0.000000    0.057541   -0.319445
    0.000000   -0.020253    0.052795
    0.000000    0.335473   -0.182230    0.000000   -0.319445    0.233428
    0.000000   -0.016028   -0.051198
    0.011055    0.000000    0.000000   -0.017234    0.000000    0.000000
    0.006179    0.000000    0.000000
    0.000000    0.005440    0.050401    0.000000   -0.020253   -0.016028
    0.000000    0.014813   -0.034373
    0.000000   -0.018422    0.017389    0.000000    0.052795   -0.051198
    0.000000   -0.034373    0.033809
M=    3  N=    7
    0.000000   -0.022855    0.025575    0.000000    0.013588    0.011055
    0.000000    0.009267   -0.036630
   -0.022855    0.000000    0.000000    0.024162    0.000000    0.000000
   -0.001308    0.000000    0.000000
    0.025575    0.000000    0.000000    0.016506    0.000000    0.000000
   -0.042081    0.000000    0.000000
    0.000000    0.024162    0.016506    0.000000   -0.048576   -0.017234
    0.000000    0.024414    0.000728
    0.013588    0.000000    0.000000   -0.048576    0.000000    0.000000
    0.034988    0.000000    0.000000
    0.011055    0.000000    0.000000   -0.017234    0.000000    0.000000
    0.006179    0.000000    0.000000
    0.000000   -0.001308   -0.042081    0.000000    0.034988    0.006179
    0.000000   -0.033681    0.035902
    0.009267    0.000000    0.000000    0.024414    0.000000    0.000000
   -0.033681    0.000000    0.000000
   -0.036630    0.000000    0.000000    0.000728    0.000000    0.000000
    0.035902    0.000000    0.000000
M=    3  N=    8
   -0.023993    0.000000    0.000000    0.014726    0.000000    0.000000
    0.009267    0.000000    0.000000
    0.000000   -0.010635   -0.029990    0.000000    0.006070    0.005440
    0.000000    0.004565    0.024550
    0.000000   -0.029990    0.015967    0.000000    0.041331    0.050401
    0.000000   -0.011341   -0.066369
    0.014726    0.000000    0.000000   -0.039140    0.000000    0.000000
    0.024414    0.000000    0.000000
    0.000000    0.006070    0.041331    0.000000   -0.065834   -0.020253
    0.000000    0.059763   -0.021078
    0.000000    0.005440    0.050401    0.000000   -0.020253   -0.016028
    0.000000    0.014813   -0.034373
    0.009267    0.000000    0.000000    0.024414    0.000000    0.000000
   -0.033681    0.000000    0.000000
    0.000000    0.004565   -0.011341    0.000000    0.059763    0.014813
    0.000000   -0.064328   -0.003472
    0.000000    0.024550   -0.066369    0.000000   -0.021078   -0.034373
    0.000000   -0.003472    0.100742
M=    3  N=    9
    0.012683    0.000000    0.000000    0.023946    0.000000    0.000000
   -0.036630    0.000000    0.000000
    0.000000    0.029206    0.068491    0.000000   -0.053756   -0.018422
    0.000000    0.024550   -0.050069
    0.000000    0.068491   -0.069351    0.000000   -0.002122    0.017389
    0.000000   -0.066369    0.051962
    0.023946    0.000000    0.000000   -0.024675    0.000000    0.000000
    0.000728    0.000000    0.000000
    0.000000   -0.053756   -0.002122    0.000000    0.074834    0.052795
    0.000000   -0.021078   -0.050673
    0.000000   -0.018422    0.017389    0.000000    0.052795   -0.051198
    0.000000   -0.034373    0.033809
   -0.036630    0.000000    0.000000    0.000728    0.000000    0.000000
    0.035902    0.000000    0.000000
    0.000000    0.024550   -0.066369    0.000000   -0.021078   -0.034373
    0.000000   -0.003472    0.100742
    0.000000   -0.050069    0.051962    0.000000   -0.050673    0.033809
    0.000000    0.100742   -0.085772
M=    4  N=    1
   -0.191399    0.000000    0.000000    0.223435    0.000000    0.000000
   -0.032035    0.000000    0.000000
    0.000000    0.512421   -0.134681    0.000000   -0.533679    0.158995
    0.000000    0.021258   -0.024313
    0.000000   -0.134681   -0.007866    0.000000    0.119955   -0.016080
    0.000000    0.014726    0.023946
    0.223435    0.000000    0.000000   -0.268886    0.000000    0.000000
    0.045451    0.000000    0.000000
    0.000000   -0.533679    0.119955    0.000000    0.579423   -0.120204
    0.000000   -0.045744    0.000249
    0.000000    0.158995   -0.016080    0.000000   -0.120204    0.035652
    0.000000   -0.038791   -0.019571
   -0.032035    0.000000    0.000000    0.045451    0.000000    0.000000
   -0.013416    0.000000    0.000000
    0.000000    0.021258    0.014726    0.000000   -0.045744   -0.038791
    0.000000    0.024486    0.024065
    0.000000   -0.024313    0.023946    0.000000    0.000249   -0.019571
    0.000000    0.024065   -0.004375
M=    4  N=    2
    0.000000    0.512421   -0.134681    0.000000   -0.533679    0.158995
    0.000000    0.021258   -0.024313
    0.512421    0.000000    0.000000   -0.514178    0.000000    0.000000
    0.001757    0.000000    0.000000
   -0.134681    0.000000    0.000000    0.110519    0.000000    0.000000
    0.024162    0.000000    0.000000
    0.000000   -0.514178    0.110519    0.000000    0.550968   -0.118842
    0.000000   -0.036790    0.008322
   -0.533679    0.000000    0.000000    0.550968    0.000000    0.000000
   -0.017289    0.000000    0.000000
    0.158995    0.000000    0.000000   -0.118842    0.000000    0.000000
   -0.040153    0.000000    0.000000
    0.000000    0.001757    0.024162    0.000000   -0.017289   -0.040153
    0.000000    0.015532    0.015991
    0.021258    0.000000    0.000000   -0.036790    0.000000    0.000000
    0.015532    0.000000    0.000000
   -0.024313    0.000000    0.000000    0.008322    0.000000    0.000000
    0.015991    0.000000    0.000000
M=    4  N=    3
    0.000000   -0.134681   -0.007866    0.000000    0.119955   -0.016080
    0.000000    0.014726    0.023946
   -0.134681    0.000000    0.000000    0.110519    0.000000    0.000000
    0.024162    0.000000    0.000000
   -0.007866    0.000000    0.000000   -0.008640    0.000000    0.000000
    0.016506    0.000000    0.000000
    0.000000    0.110519   -0.008640    0.000000   -0.071379    0.033314
    0.000000   -0.039140   -0.024675
    0.119955    0.000000    0.000000   -0.071379    0.000000    0.000000
   -0.048576    0.000000    0.000000
   -0.016080    0.000000    0.000000    0.033314    0.000000    0.000000
   -0.017234    0.000000    0.000000
    0.000000    0.024162    0.016506    0.000000   -0.048576   -0.017234
    0.000000    0.024414    0.000728
    0.014726    0.000000    0.000000   -0.039140    0.000000    0.000000
    0.024414    0.000000    0.000000
    0.023946    0.000000    0.000000   -0.024675    0.000000    0.000000
    0.000728    0.000000    0.000000
M=    4  N=    4
    0.223435    0.000000    0.000000   -0.268886    0.000000    0.000000
    0.045451    0.000000    0.000000
    0.000000   -0.514178    0.110519    0.000000    0.550968   -0.118842
    0.000000   -0.036790    0.008322
    0.000000    0.110519   -0.008640    0.000000   -0.071379    0.033314
    0.000000   -0.039140   -0.024675
   -0.268886    0.000000    0.000000    0.521907    0.000000    0.000000
   -0.253021    0.000000    0.000000
    0.000000    0.550968   -0.071379    0.000000   -0.580379   -0.023187
    0.000000    0.029411    0.094566
    0.000000   -0.118842    0.033314    0.000000   -0.023187   -0.759776
    0.000000    0.142028    0.726462
    0.045451    0.000000    0.000000   -0.253021    0.000000    0.000000
    0.207569    0.000000    0.000000
    0.000000   -0.036790   -0.039140    0.000000    0.029411    0.142028
    0.000000    0.007379   -0.102888
    0.000000    0.008322   -0.024675    0.000000    0.094566    0.726462
    0.000000   -0.102888   -0.701787
M=    4  N=    5
    0.000000   -0.533679    0.119955    0.000000    0.579423   -0.120204
    0.000000   -0.045744    0.000249
   -0.533679    0.000000    0.000000    0.550968    0.000000    0.000000
   -0.017289    0.000000    0.000000
    0.119955    0.000000    0.000000   -0.071379    0.000000    0.000000
   -0.048576    0.000000    0.000000
    0.000000    0.550968   -0.071379    0.000000   -0.580379   -0.023187
    0.000000    0.029411    0.094566
    0.579423    0.000000    0.000000   -0.580379    0.000000    0.000000
    0.000956    0.000000    0.000000
   -0.120204    0.000000    0.000000   -0.023187    0.000000    0.000000
    0.143390    0.000000    0.000000
    0.000000   -0.017289   -0.048576    0.000000    0.000956    0.143390
    0.000000    0.016333   -0.094814
   -0.045744    0.000000    0.000000    0.029411    0.000000    0.000000
    0.016333    0.000000    0.000000
    0.000249    0.000000    0.000000    0.094566    0.000000    0.000000
   -0.094814    0.000000    0.000000
M=    4  N=    6
    0.000000    0.158995   -0.016080    0.000000   -0.120204    0.035652
    0.000000   -0.038791   -0.019571
    0.158995    0.000000    0.000000   -0.118842    0.000000    0.000000
   -0.040153    0.000000    0.000000
   -0.016080    0.000000    0.000000    0.033314    0.000000    0.000000
   -0.017234    0.000000    0.000000
    0.000000   -0.118842    0.033314    0.000000   -0.023187   -0.759776
    0.000000    0.142028    0.726462
   -0.120204    0.000000    0.000000   -0.023187    0.000000    0.000000
    0.143390    0.000000    0.000000
    0.035652    0.000000    0.000000   -0.759776    0.000000    0.000000
    0.724124    0.000000    0.000000
    0.000000   -0.040153   -0.017234    0.000000    0.143390    0.724124
    0.000000   -0.103237   -0.706890
   -0.038791    0.000000    0.000000    0.142028    0.000000    0.000000
   -0.103237    0.000000    0.000000
   -0.019571    0.000000    0.000000    0.726462    0.000000    0.000000
   -0.706890    0.000000    0.000000
M=    4  N=    7
   -0.032035    0.000000    0.000000    0.045451    0.000000    0.000000
   -0.013416    0.000000    0.000000
    0.000000    0.001757    0.024162    0.000000   -0.017289   -0.040153
    0.000000    0.015532    0.015991
    0.000000    0.024162    0.016506    0.000000   -0.048576   -0.017234
    0.000000    0.024414    0.000728
    0.045451    0.000000    0.000000   -0.253021    0.000000    0.000000
    0.207569    0.000000    0.000000
    0.000000   -0.017289   -0.048576    0.000000    0.000956    0.143390
    0.000000    0.016333   -0.094814
    0.000000   -0.040153   -0.017234    0.000000    0.143390    0.724124
    0.000000   -0.103237   -0.706890
   -0.013416    0.000000    0.000000    0.207569    0.000000    0.000000
   -0.194153    0.000000    0.000000
    0.000000    0.015532    0.024414    0.000000    0.016333   -0.103237
    0.000000   -0.031865    0.078824
    0.000000    0.015991    0.000728    0.000000   -0.094814   -0.706890
    0.000000    0.078824    0.706162
M=    4  N=    8
    0.000000    0.021258    0.014726    0.000000   -0.045744   -0.038791
    0.000000    0.024486    0.024065
    0.021258    0.000000    0.000000   -0.036790    0.000000    0.000000
    0.015532    0.000000    0.000000
    0.014726    0.000000    0.000000   -0.039140    0.000000    0.000000
    0.024414    0.000000    0.000000
    0.000000   -0.036790   -0.039140    0.000000    0.029411    0.142028
    0.000000    0.007379   -0.102888
   -0.045744    0.000000    0.000000    0.029411    0.000000    0.000000
    0.016333    0.000000    0.000000
   -0.038791    0.000000    0.000000    0.142028    0.000000    0.000000
   -0.103237    0.000000    0.000000
    0.000000    0.015532    0.024414    0.000000    0.016333   -0.103237
    0.000000   -0.031865    0.078824
    0.024486    0.000000    0.000000    0.007379    0.000000    0.000000
   -0.031865    0.000000    0.000000
    0.024065    0.000000    0.000000   -0.102888    0.000000    0.000000
    0.078824    0.000000    0.000000
M=    4  N=    9
    0.000000   -0.024313    0.023946    0.000000    0.000249   -0.019571
    0.000000    0.024065   -0.004375
   -0.024313    0.000000    0.000000    0.008322    0.000000    0.000000
    0.015991    0.000000    0.000000
    0.023946    0.000000    0.000000   -0.024675    0.000000    0.000000
    0.000728    0.000000    0.000000
    0.000000    0.008322   -0.024675    0.000000    0.094566    0.726462
    0.000000   -0.102888   -0.701787
    0.000249    0.000000    0.000000    0.094566    0.000000    0.000000
   -0.094814    0.000000    0.000000
   -0.019571    0.000000    0.000000    0.726462    0.000000    0.000000
   -0.706890    0.000000    0.000000
    0.000000    0.015991    0.000728    0.000000   -0.094814   -0.706890
    0.000000    0.078824    0.706162
    0.024065    0.000000    0.000000   -0.102888    0.000000    0.000000
    0.078824    0.000000    0.000000
   -0.004375    0.000000    0.000000   -0.701787    0.000000    0.000000
    0.706162    0.000000    0.000000
M=    5  N=    1
    0.000000    0.509012   -0.133543    0.000000   -0.538996    0.158830
    0.000000    0.029984   -0.025287
    0.509012    0.000000    0.000000   -0.533679    0.000000    0.000000
    0.024667    0.000000    0.000000
   -0.133543    0.000000    0.000000    0.119955    0.000000    0.000000
    0.013588    0.000000    0.000000
    0.000000   -0.533679    0.119955    0.000000    0.579423   -0.120204
    0.000000   -0.045744    0.000249
   -0.538996    0.000000    0.000000    0.579423    0.000000    0.000000
   -0.040427    0.000000    0.000000
    0.158830    0.000000    0.000000   -0.120204    0.000000    0.000000
   -0.038626    0.000000    0.000000
    0.000000    0.024667    0.013588    0.000000   -0.040427   -0.038626
    0.000000    0.015760    0.025039
    0.029984    0.000000    0.000000   -0.045744    0.000000    0.000000
    0.015760    0.000000    0.000000
   -0.025287    0.000000    0.000000    0.000249    0.000000    0.000000
    0.025039    0.000000    0.000000
M=    5  N=    2
    0.509012    0.000000    0.000000   -0.533679    0.000000    0.000000
    0.024667    0.000000    0.000000
    0.000000   -1.832145    0.974633    0.000000    1.840496   -0.993952
    0.000000   -0.008351    0.019319
    0.000000    0.974633    0.091043    0.000000   -0.980703   -0.037288
    0.000000    0.006070   -0.053756
   -0.533679    0.000000    0.000000    0.550968    0.000000    0.000000
   -0.017289    0.000000    0.000000
    0.000000    1.840496   -0.980703    0.000000   -1.841534    0.999825
    0.000000    0.001038   -0.019122
    0.000000   -0.993952   -0.037288    0.000000    0.999825    0.037991
    0.000000   -0.005873   -0.000704
    0.024667    0.000000    0.000000   -0.017289    0.000000    0.000000
   -0.007377    0.000000    0.000000
    0.000000   -0.008351    0.006070    0.000000    0.001038   -0.005873
    0.000000    0.007312   -0.000198
    0.000000    0.019319   -0.053756    0.000000   -0.019122   -0.000704
    0.000000   -0.000198    0.054459
M=    5  N=    3
   -0.133543    0.000000    0.000000    0.119955    0.000000    0.000000
    0.013588    0.000000    0.000000
    0.000000    0.974633    0.091043    0.000000   -0.980703   -0.037288
    0.000000    0.006070   -0.053756
    0.000000    0.091043   -0.264528    0.000000   -0.132374    0.266650
    0.000000    0.041331   -0.002122
    0.119955    0.000000    0.000000   -0.071379    0.000000    0.000000
   -0.048576    0.000000    0.000000
    0.000000   -0.980703   -0.132374    0.000000    1.046537    0.057541
    0.000000   -0.065834    0.074834
    0.000000   -0.037288    0.266650    0.000000    0.057541   -0.319445
    0.000000   -0.020253    0.052795
    0.013588    0.000000    0.000000   -0.048576    0.000000    0.000000
    0.034988    0.000000    0.000000
    0.000000    0.006070    0.041331    0.000000   -0.065834   -0.020253
    0.000000    0.059763   -0.021078
    0.000000   -0.053756   -0.002122    0.000000    0.074834    0.052795
    0.000000   -0.021078   -0.050673
M=    5  N=    4
    0.000000   -0.533679    0.119955    0.000000    0.579423   -0.120204
    0.000000   -0.045744    0.000249
   -0.533679    0.000000    0.000000    0.550968    0.000000    0.000000
   -0.017289    0.000000    0.000000
    0.119955    0.000000    0.000000   -0.071379    0.000000    0.000000
   -0.048576    0.000000    0.000000
    0.000000    0.550968   -0.071379    0.000000   -0.580379   -0.023187
    0.000000    0.029411    0.094566
    0.579423    0.000000    0.000000   -0.580379    0.000000    0.000000
    0.000956    0.000000    0.000000
   -0.120204    0.000000    0.000000   -0.023187    0.000000    0.000000
    0.143390    0.000000    0.000000
    0.000000   -0.017289   -0.048576    0.000000    0.000956    0.143390
    0.000000    0.016333   -0.094814
   -0.045744    0.000000    0.000000    0.029411    0.000000    0.000000
    0.016333    0.000000    0.000000
    0.000249    0.000000    0.000000    0.094566    0.000000    0.000000
   -0.094814    0.000000    0.000000
M=    5  N=    5
   -0.538996    0.000000    0.000000    0.579423    0.000000    0.000000
   -0.040427    0.000000    0.000000
    0.000000    1.840496   -0.980703    0.000000   -1.841534    0.999825
    0.000000    0.001038   -0.019122
    0.000000   -0.980703   -0.132374    0.000000    1.046537    0.057541
    0.000000   -0.065834    0.074834
    0.579423    0.000000    0.000000   -0.580379    0.000000    0.000000
    0.000956    0.000000    0.000000
    0.000000   -1.841534    1.046537    0.000000    1.880743   -1.224119
    0.000000   -0.039208    0.177582
    0.000000    0.999825    0.057541    0.000000   -1.224119   -0.604056
    0.000000    0.224294    0.546516
   -0.040427    0.000000    0.000000    0.000956    0.000000    0.000000
    0.039470    0.000000    0.000000
    0.000000    0.001038   -0.065834    0.000000   -0.039208    0.224294
    0.000000    0.038170   -0.158461
    0.000000   -0.019122    0.074834    0.000000    0.177582    0.546516
    0.000000   -0.158461   -0.621349
M=    5  N=    6
    0.158830    0.000000    0.000000   -0.120204    0.000000    0.000000
   -0.038626    0.000000    0.000000
    0.000000   -0.993952   -0.037288    0.000000    0.999825    0.037991
    0.000000   -0.005873   -0.000704
    0.000000   -0.037288    0.266650    0.000000    0.057541   -0.319445
    0.000000   -0.020253    0.052795
   -0.120204    0.000000    0.000000   -0.023187    0.000000    0.000000
    0.143390    0.000000    0.000000
    0.000000    0.999825    0.057541    0.000000   -1.224119   -0.604056
    0.000000    0.224294    0.546516
    0.000000    0.037991   -0.319445    0.000000   -0.604056    1.095184
    0.000000    0.566065   -0.775739
   -0.038626    0.000000    0.000000    0.143390    0.000000    0.000000
   -0.104764    0.000000    0.000000
    0.000000   -0.005873   -0.020253    0.000000    0.224294    0.566065
    0.000000   -0.218422   -0.545812
    0.000000   -0.000704    0.052795    0.000000    0.546516   -0.775739
    0.000000   -0.545812    0.722944
M=    5  N=    7
    0.000000    0.024667    0.013588    0.000000   -0.040427   -0.038626
    0.000000    0.015760    0.025039
    0.024667    0.000000    0.000000   -0.017289    0.000000    0.000000
   -0.007377    0.000000    0.000000
    0.013588    0.000000    0.000000   -0.048576    0.000000    0.000000
    0.034988    0.000000    0.000000
    0.000000   -0.017289   -0.048576    0.000000    0.000956    0.143390
    0.000000    0.016333   -0.094814
   -0.040427    0.000000    0.000000    0.000956    0.000000    0.000000
    0.039470    0.000000    0.000000
   -0.038626    0.000000    0.000000    0.143390    0.000000    0.000000
   -0.104764    0.000000    0.000000
    0.000000   -0.007377    0.034988    0.000000    0.039470   -0.104764
    0.000000   -0.032093    0.069776
    0.015760    0.000000    0.000000    0.016333    0.000000    0.000000
   -0.032093    0.000000    0.000000
    0.025039    0.000000    0.000000   -0.094814    0.000000    0.000000
    0.069776    0.000000    0.000000
M=    5  N=    8
    0.029984    0.000000    0.000000   -0.045744    0.000000    0.000000
    0.015760    0.000000    0.000000
    0.000000   -0.008351    0.006070    0.000000    0.001038   -0.005873
    0.000000    0.007312   -0.000198
    0.000000    0.006070    0.041331    0.000000   -0.065834   -0.020253
    0.000000    0.059763   -0.021078
   -0.045744    0.000000    0.000000    0.029411    0.000000    0.000000
    0.016333    0.000000    0.000000
    0.000000    0.001038   -0.065834    0.000000   -0.039208    0.224294
    0.000000    0.038170   -0.158461
    0.000000   -0.005873   -0.020253    0.000000    0.224294    0.566065
    0.000000   -0.218422   -0.545812
    0.015760    0.000000    0.000000    0.016333    0.000000    0.000000
   -0.032093    0.000000    0.000000
    0.000000    0.007312    0.059763    0.000000    0.038170   -0.218422
    0.000000   -0.045482    0.158658
    0.000000   -0.000198   -0.021078    0.000000   -0.158461   -0.545812
    0.000000    0.158658    0.566890
M=    5  N=    9
   -0.025287    0.000000    0.000000    0.000249    0.000000    0.000000
    0.025039    0.000000    0.000000
    0.000000    0.019319   -0.053756    0.000000   -0.019122   -0.000704
    0.000000   -0.000198    0.054459
    0.000000   -0.053756   -0.002122    0.000000    0.074834    0.052795
    0.000000   -0.021078   -0.050673
    0.000249    0.000000    0.000000    0.094566    0.000000    0.000000
   -0.094814    0.000000    0.000000
    0.000000   -0.019122    0.074834    0.000000    0.177582    0.546516
    0.000000   -0.158461   -0.621349
    0.000000   -0.000704    0.052795    0.000000    0.546516   -0.775739
    0.000000   -0.545812    0.722944
    0.025039    0.000000    0.000000   -0.094814    0.000000    0.000000
    0.069776    0.000000    0.000000
    0.000000   -0.000198   -0.021078    0.000000   -0.158461   -0.545812
    0.000000    0.158658    0.566890
    0.000000    0.054459   -0.050673    0.000000   -0.621349    0.722944
    0.000000    0.566890   -0.672272
M=    6  N=    1
    0.000000   -0.173279    0.005026    0.000000    0.158830   -0.026692
    0.000000    0.014448    0.021666
   -0.173279    0.000000    0.000000    0.158995    0.000000    0.000000
    0.014284    0.000000    0.000000
    0.005026    0.000000    0.000000   -0.016080    0.000000    0.000000
    0.011055    0.000000    0.000000
    0.000000    0.158995   -0.016080    0.000000   -0.120204    0.035652
    0.000000   -0.038791   -0.019571
    0.158830    0.000000    0.000000   -0.120204    0.000000    0.000000
   -0.038626    0.000000    0.000000
   -0.026692    0.000000    0.000000    0.035652    0.000000    0.000000
   -0.008960    0.000000    0.000000
    0.000000    0.014284    0.011055    0.000000   -0.038626   -0.008960
    0.000000    0.024343   -0.002095
    0.014448    0.000000    0.000000   -0.038791    0.000000    0.000000
    0.024343    0.000000    0.000000
    0.021666    0.000000    0.000000   -0.019571    0.000000    0.000000
   -0.002095    0.000000    0.000000
M=    6  N=    2
   -0.173279    0.000000    0.000000    0.158995    0.000000    0.000000
    0.014284    0.000000    0.000000
    0.000000    1.010324    0.031848    0.000000   -0.993952   -0.056076
    0.000000   -0.016371    0.024229
    0.000000    0.031848   -0.317052    0.000000   -0.037288    0.335473
    0.000000    0.005440   -0.018422
    0.158995    0.000000    0.000000   -0.118842    0.000000    0.000000
   -0.040153    0.000000    0.000000
    0.000000   -0.993952   -0.037288    0.000000    0.999825    0.037991
    0.000000   -0.005873   -0.000704
    0.000000   -0.056076    0.335473    0.000000    0.037991   -0.484185
    0.000000    0.018085    0.148712
    0.014284    0.000000    0.000000   -0.040153    0.000000    0.000000
    0.025869    0.000000    0.000000
    0.000000   -0.016371    0.005440    0.000000   -0.005873    0.018085
    0.000000    0.022244   -0.023525
    0.000000    0.024229   -0.018422    0.000000   -0.000704    0.148712
    0.000000   -0.023525   -0.130290
M=    6  N=    3
    0.005026    0.000000    0.000000   -0.016080    0.000000    0.000000
    0.011055    0.000000    0.000000
    0.000000    0.031848   -0.317052    0.000000   -0.037288    0.335473
    0.000000    0.005440   -0.018422
    0.000000   -0.317052    0.164841    0.000000    0.266650   -0.182230
    0.000000    0.050401    0.017389
   -0.016080    0.000000    0.000000    0.033314    0.000000    0.000000
   -0.017234    0.000000    0.000000
    0.000000   -0.037288    0.266650    0.000000    0.057541   -0.319445
    0.000000   -0.020253    0.052795
    0.000000    0.335473   -0.182230    0.000000   -0.319445    0.233428
    0.000000   -0.016028   -0.051198
    0.011055    0.000000    0.000000   -0.017234    0.000000    0.000000
    0.006179    0.000000    0.000000
    0.000000    0.005440    0.050401    0.000000   -0.020253   -0.016028
    0.000000    0.014813   -0.034373
    0.000000   -0.018422    0.017389    0.000000    0.052795   -0.051198
    0.000000   -0.034373    0.033809
M=    6  N=    4
    0.000000    0.158995   -0.016080    0.000000   -0.120204    0.035652
    0.000000   -0.038791   -0.019571
    0.158995    0.000000    0.000000   -0.118842    0.000000    0.000000
   -0.040153    0.000000    0.000000
   -0.016080    0.000000    0.000000    0.033314    0.000000    0.000000
   -0.017234    0.000000    0.000000
    0.000000   -0.118842    0.033314    0.000000   -0.023187   -0.759776
    0.000000    0.142028    0.726462
   -0.120204    0.000000    0.000000   -0.023187    0.000000    0.000000
    0.143390    0.000000    0.000000
    0.035652    0.000000    0.000000   -0.759776    0.000000    0.000000
    0.724124    0.000000    0.000000
    0.000000   -0.040153   -0.017234    0.000000    0.143390    0.724124
    0.000000   -0.103237   -0.706890
   -0.038791    0.000000    0.000000    0.142028    0.000000    0.000000
   -0.103237    0.000000    0.000000
   -0.019571    0.000000    0.000000    0.726462    0.000000    0.000000
   -0.706890    0.000000    0.000000
M=    6  N=    5
    0.158830    0.000000    0.000000   -0.120204    0.000000    0.000000
   -0.038626    0.000000    0.000000
    0.000000   -0.993952   -0.037288    0.000000    0.999825    0.037991
    0.000000   -0.005873   -0.000704
    0.000000   -0.037288    0.266650    0.000000    0.057541   -0.319445
    0.000000   -0.020253    0.052795
   -0.120204    0.000000    0.000000   -0.023187    0.000000    0.000000
    0.143390    0.000000    0.000000
    0.000000    0.999825    0.057541    0.000000   -1.224119   -0.604056
    0.000000    0.224294    0.546516
    0.000000    0.037991   -0.319445    0.000000   -0.604056    1.095184
    0.000000    0.566065   -0.775739
   -0.038626    0.000000    0.000000    0.143390    0.000000    0.000000
   -0.104764    0.000000    0.000000
    0.000000   -0.005873   -0.020253    0.000000    0.224294    0.566065
    0.000000   -0.218422   -0.545812
    0.000000   -0.000704    0.052795    0.000000    0.546516   -0.775739
    0.000000   -0.545812    0.722944
M=    6  N=    6
   -0.026692    0.000000    0.000000    0.035652    0.000000    0.000000
   -0.008960    0.000000    0.000000
    0.000000   -0.056076    0.335473    0.000000    0.037991   -0.484185
    0.000000    0.018085    0.148712
    0.000000    0.335473   -0.182230    0.000000   -0.319445    0.233428
    0.000000   -0.016028   -0.051198
    0.035652    0.000000    0.000000   -0.759776    0.000000    0.000000
    0.724124    0.000000    0.000000
    0.000000    0.037991   -0.319445    0.000000   -0.604056    1.095184
    0.000000    0.566065   -0.775739
    0.000000   -0.484185    0.233428    0.000000    1.095184    4.284840
    0.000000   -0.610999   -4.518268
   -0.008960    0.000000    0.000000    0.724124    0.000000    0.000000
   -0.715165    0.000000    0.000000
    0.000000    0.018085   -0.016028    0.000000    0.566065   -0.610999
    0.000000   -0.584150    0.627028
    0.000000    0.148712   -0.051198    0.000000   -0.775739   -4.518268
    0.000000    0.627028    4.569466
M=    6  N=    7
    0.000000    0.014284    0.011055    0.000000   -0.038626   -0.008960
    0.000000    0.024343   -0.002095
    0.014284    0.000000    0.000000   -0.040153    0.000000    0.000000
    0.025869    0.000000    0.000000
    0.011055    0.000000    0.000000   -0.017234    0.000000    0.000000
    0.006179    0.000000    0.000000
    0.000000   -0.040153   -0.017234    0.000000    0.143390    0.724124
    0.000000   -0.103237   -0.706890
   -0.038626    0.000000    0.000000    0.143390    0.000000    0.000000
   -0.104764    0.000000    0.000000
   -0.008960    0.000000    0.000000    0.724124    0.000000    0.000000
   -0.715165    0.000000    0.000000
    0.000000    0.025869    0.006179    0.000000   -0.104764   -0.715165
    0.000000    0.078895    0.708985
    0.024343    0.000000    0.000000   -0.103237    0.000000    0.000000
    0.078895    0.000000    0.000000
   -0.002095    0.000000    0.000000   -0.706890    0.000000    0.000000
    0.708985    0.000000    0.000000
M=    6  N=    8
    0.014448    0.000000    0.000000   -0.038791    0.000000    0.000000
    0.024343    0.000000    0.000000
    0.000000   -0.016371    0.005440    0.000000   -0.005873    0.018085
    0.000000    0.022244   -0.023525
    0.000000    0.005440    0.050401    0.000000   -0.020253   -0.016028
    0.000000    0.014813   -0.034373
   -0.038791    0.000000    0.000000    0.142028    0.000000    0.000000
   -0.103237    0.000000    0.000000
    0.000000   -0.005873   -0.020253    0.000000    0.224294    0.566065
    0.000000   -0.218422   -0.545812
    0.000000    0.018085   -0.016028    0.000000    0.566065   -0.610999
    0.000000   -0.584150    0.627028
    0.024343    0.000000    0.000000   -0.103237    0.000000    0.000000
    0.078895    0.000000    0.000000
    0.000000    0.022244    0.014813    0.000000   -0.218422   -0.584150
    0.000000    0.196178    0.569337
    0.000000   -0.023525   -0.034373    0.000000   -0.545812    0.627028
    0.000000    0.569337   -0.592655
M=    6  N=    9
    0.021666    0.000000    0.000000   -0.019571    0.000000    0.000000
   -0.002095    0.000000    0.000000
    0.000000    0.024229   -0.018422    0.000000   -0.000704    0.148712
    0.000000   -0.023525   -0.130290
    0.000000   -0.018422    0.017389    0.000000    0.052795   -0.051198
    0.000000   -0.034373    0.033809
   -0.019571    0.000000    0.000000    0.726462    0.000000    0.000000
   -0.706890    0.000000    0.000000
    0.000000   -0.000704    0.052795    0.000000    0.546516   -0.775739
    0.000000   -0.545812    0.722944
    0.000000    0.148712   -0.051198    0.000000   -0.775739   -4.518268
    0.000000    0.627028    4.569466
   -0.002095    0.000000    0.000000   -0.706890    0.000000    0.000000
    0.708985    0.000000    0.000000
    0.000000   -0.023525   -0.034373    0.000000   -0.545812    0.627028
    0.000000    0.569337   -0.592655
    0.000000   -0.130290    0.033809    0.000000    0.722944    4.569466
    0.000000   -0.592655   -4.603275
M=    7  N=    1
    0.005849    0.000000    0.000000   -0.032035    0.000000    0.000000
    0.026186    0.000000    0.000000
    0.000000   -0.014191   -0.022855    0.000000    0.024667    0.014284
    0.000000   -0.010475    0.008571
    0.000000   -0.022855    0.025575    0.000000    0.013588    0.011055
    0.000000    0.009267   -0.036630
   -0.032035    0.000000    0.000000    0.045451    0.000000    0.000000
   -0.013416    0.000000    0.000000
    0.000000    0.024667    0.013588    0.000000   -0.040427   -0.038626
    0.000000    0.015760    0.025039
    0.000000    0.014284    0.011055    0.000000   -0.038626   -0.008960
    0.000000    0.024343   -0.002095
    0.026186    0.000000    0.000000   -0.013416    0.000000    0.000000
   -0.012770    0.000000    0.000000
    0.000000   -0.010475    0.009267    0.000000    0.015760    0.024343
    0.000000   -0.005285   -0.033609
    0.000000    0.008571   -0.036630    0.000000    0.025039   -0.002095
    0.000000   -0.033609    0.038725
M=    7  N=    2
    0.000000   -0.014191   -0.022855    0.000000    0.024667    0.014284
    0.000000   -0.010475    0.008571
   -0.014191    0.000000    0.000000    0.001757    0.000000    0.000000
    0.012434    0.000000    0.000000
   -0.022855    0.000000    0.000000    0.024162    0.000000    0.000000
   -0.001308    0.000000    0.000000
    0.000000    0.001757    0.024162    0.000000   -0.017289   -0.040153
    0.000000    0.015532    0.015991
    0.024667    0.000000    0.000000   -0.017289    0.000000    0.000000
   -0.007377    0.000000    0.000000
    0.014284    0.000000    0.000000   -0.040153    0.000000    0.000000
    0.025869    0.000000    0.000000
    0.000000    0.012434   -0.001308    0.000000   -0.007377    0.025869
    0.000000   -0.005057   -0.024561
   -0.010475    0.000000    0.000000    0.015532    0.000000    0.000000
   -0.005057    0.000000    0.000000
    0.008571    0.000000    0.000000    0.015991    0.000000    0.000000
   -0.024561    0.000000    0.000000
M=    7  N=    3
    0.000000   -0.022855    0.025575    0.000000    0.013588    0.011055
    0.000000    0.009267   -0.036630
   -0.022855    0.000000    0.000000    0.024162    0.000000    0.000000
   -0.001308    0.000000    0.000000
    0.025575    0.000000    0.000000    0.016506    0.000000    0.000000
   -0.042081    0.000000    0.000000
    0.000000    0.024162    0.016506    0.000000   -0.048576   -0.017234
    0.000000    0.024414    0.000728
    0.013588    0.000000    0.000000   -0.048576    0.000000    0.000000
    0.034988    0.000000    0.000000
    0.011055    0.000000    0.000000   -0.017234    0.000000    0.000000
    0.006179    0.000000    0.000000
    0.000000   -0.001308   -0.042081    0.000000    0.034988    0.006179
    0.000000   -0.033681    0.035902
    0.009267    0.000000    0.000000    0.024414    0.000000    0.000000
   -0.033681    0.000000    0.000000
   -0.036630    0.000000    0.000000    0.000728    0.000000    0.000000
    0.035902    0.000000    0.000000
M=    7  N=    4
   -0.032035    0.000000    0.000000    0.045451    0.000000    0.000000
   -0.013416    0.000000    0.000000
    0.000000    0.001757    0.024162    0.000000   -0.017289   -0.040153
    0.000000    0.015532    0.015991
    0.000000    0.024162    0.016506    0.000000   -0.048576   -0.017234
    0.000000    0.024414    0.000728
    0.045451    0.000000    0.000000   -0.253021    0.000000    0.000000
    0.207569    0.000000    0.000000
    0.000000   -0.017289   -0.048576    0.000000    0.000956    0.143390
    0.000000    0.016333   -0.094814
    0.000000   -0.040153   -0.017234    0.000000    0.143390    0.724124
    0.000000   -0.103237   -0.706890
   -0.013416    0.000000    0.000000    0.207569    0.000000    0.000000
   -0.194153    0.000000    0.000000
    0.000000    0.015532    0.024414    0.000000    0.016333   -0.103237
    0.000000   -0.031865    0.078824
    0.000000    0.015991    0.000728    0.000000   -0.094814   -0.706890
    0.000000    0.078824    0.706162
M=    7  N=    5
    0.000000    0.024667    0.013588    0.000000   -0.040427   -0.038626
    0.000000    0.015760    0.025039
    0.024667    0.000000    0.000000   -0.017289    0.000000    0.000000
   -0.007377    0.000000    0.000000
    0.013588    0.000000    0.000000   -0.048576    0.000000    0.000000
    0.034988    0.000000    0.000000
    0.000000   -0.017289   -0.048576    0.000000    0.000956    0.143390
    0.000000    0.016333   -0.094814
   -0.040427    0.000000    0.000000    0.000956    0.000000    0.000000
    0.039470    0.000000    0.000000
   -0.038626    0.000000    0.000000    0.143390    0.000000    0.000000
   -0.104764    0.000000    0.000000
    0.000000   -0.007377    0.034988    0.000000    0.039470   -0.104764
    0.000000   -0.032093    0.069776
    0.015760    0.000000    0.000000    0.016333    0.000000    0.000000
   -0.032093    0.000000    0.000000
    0.025039    0.000000    0.000000   -0.094814    0.000000    0.000000
    0.069776    0.000000    0.000000
M=    7  N=    6
    0.000000    0.014284    0.011055    0.000000   -0.038626   -0.008960
    0.000000    0.024343   -0.002095
    0.014284    0.000000    0.000000   -0.040153    0.000000    0.000000
    0.025869    0.000000    0.000000
    0.011055    0.000000    0.000000   -0.017234    0.000000    0.000000
    0.006179    0.000000    0.000000
    0.000000   -0.040153   -0.017234    0.000000    0.143390    0.724124
    0.000000   -0.103237   -0.706890
   -0.038626    0.000000    0.000000    0.143390    0.000000    0.000000
   -0.104764    0.000000    0.000000
   -0.008960    0.000000    0.000000    0.724124    0.000000    0.000000
   -0.715165    0.000000    0.000000
    0.000000    0.025869    0.006179    0.000000   -0.104764   -0.715165
    0.000000    0.078895    0.708985
    0.024343    0.000000    0.000000   -0.103237    0.000000    0.000000
    0.078895    0.000000    0.000000
   -0.002095    0.000000    0.000000   -0.706890    0.000000    0.000000
    0.708985    0.000000    0.000000
M=    7  N=    7
    0.026186    0.000000    0.000000   -0.013416    0.000000    0.000000
   -0.012770    0.000000    0.000000
    0.000000    0.012434   -0.001308    0.000000   -0.007377    0.025869
    0.000000   -0.005057   -0.024561
    0.000000   -0.001308   -0.042081    0.000000    0.034988    0.006179
    0.000000   -0.033681    0.035902
   -0.013416    0.000000    0.000000    0.207569    0.000000    0.000000
   -0.194153    0.000000    0.000000
    0.000000   -0.007377    0.034988    0.000000    0.039470   -0.104764
    0.000000   -0.032093    0.069776
    0.000000    0.025869    0.006179    0.000000   -0.104764   -0.715165
    0.000000    0.078895    0.708985
   -0.012770    0.000000    0.000000   -0.194153    0.000000    0.000000
    0.206923    0.000000    0.000000
    0.000000   -0.005057   -0.033681    0.000000   -0.032093    0.078895
    0.000000    0.037150   -0.045214
    0.000000   -0.024561    0.035902    0.000000    0.069776    0.708985
    0.000000   -0.045214   -0.744887
M=    7  N=    8
    0.000000   -0.010475    0.009267    0.000000    0.015760    0.024343
    0.000000   -0.005285   -0.033609
   -0.010475    0.000000    0.000000    0.015532    0.000000    0.000000
   -0.005057    0.000000    0.000000
    0.009267    0.000000    0.000000    0.024414    0.000000    0.000000
   -0.033681    0.000000    0.000000
    0.000000    0.015532    0.024414    0.000000    0.016333   -0.103237
    0.000000   -0.031865    0.078824
    0.015760    0.000000    0.000000    0.016333    0.000000    0.000000
   -0.032093    0.000000    0.000000
    0.024343    0.000000    0.000000   -0.103237    0.000000    0.000000
    0.078895    0.000000    0.000000
    0.000000   -0.005057   -0.033681    0.000000   -0.032093    0.078895
    0.000000    0.037150   -0.045214
   -0.005285    0.000000    0.000000   -0.031865    0.000000    0.000000
    0.037150    0.000000    0.000000
   -0.033609    0.000000    0.000000    0.078824    0.000000    0.000000
   -0.045214    0.000000    0.000000
M=    7  N=    9
    0.000000    0.008571   -0.036630    0.000000    0.025039   -0.002095
    0.000000   -0.033609    0.038725
    0.008571    0.000000    0.000000    0.015991    0.000000    0.000000
   -0.024561    0.000000    0.000000
   -0.036630    0.000000    0.000000    0.000728    0.000000    0.000000
    0.035902    0.000000    0.000000
    0.000000    0.015991    0.000728    0.000000   -0.094814   -0.706890
    0.000000    0.078824    0.706162
    0.025039    0.000000    0.000000   -0.094814    0.000000    0.000000
    0.069776    0.000000    0.000000
   -0.002095    0.000000    0.000000   -0.706890    0.000000    0.000000
    0.708985    0.000000    0.000000
    0.000000   -0.024561    0.035902    0.000000    0.069776    0.708985
    0.000000   -0.045214   -0.744887
   -0.033609    0.000000    0.000000    0.078824    0.000000    0.000000
   -0.045214    0.000000    0.000000
    0.038725    0.000000    0.000000    0.706162    0.000000    0.000000
   -0.744887    0.000000    0.000000
M=    8  N=    1
    0.000000   -0.010783   -0.023993    0.000000    0.029984    0.014448
    0.000000   -0.019201    0.009545
   -0.010783    0.000000    0.000000    0.021258    0.000000    0.000000
   -0.010475    0.000000    0.000000
   -0.023993    0.000000    0.000000    0.014726    0.000000    0.000000
    0.009267    0.000000    0.000000
    0.000000    0.021258    0.014726    0.000000   -0.045744   -0.038791
    0.000000    0.024486    0.024065
    0.029984    0.000000    0.000000   -0.045744    0.000000    0.000000
    0.015760    0.000000    0.000000
    0.014448    0.000000    0.000000   -0.038791    0.000000    0.000000
    0.024343    0.000000    0.000000
    0.000000   -0.010475    0.009267    0.000000    0.015760    0.024343
    0.000000   -0.005285   -0.033609
   -0.019201    0.000000    0.000000    0.024486    0.000000    0.000000
   -0.005285    0.000000    0.000000
    0.009545    0.000000    0.000000    0.024065    0.000000    0.000000
   -0.033609    0.000000    0.000000
M=    8  N=    2
   -0.010783    0.000000    0.000000    0.021258    0.000000    0.000000
   -0.010475    0.000000    0.000000
    0.000000    0.011191   -0.010635    0.000000   -0.008351   -0.016371
    0.000000   -0.002840    0.027007
    0.000000   -0.010635   -0.029990    0.000000    0.006070    0.005440
    0.000000    0.004565    0.024550
    0.021258    0.000000    0.000000   -0.036790    0.000000    0.000000
    0.015532    0.000000    0.000000
    0.000000   -0.008351    0.006070    0.000000    0.001038   -0.005873
    0.000000    0.007312   -0.000198
    0.000000   -0.016371    0.005440    0.000000   -0.005873    0.018085
    0.000000    0.022244   -0.023525
   -0.010475    0.000000    0.000000    0.015532    0.000000    0.000000
   -0.005057    0.000000    0.000000
    0.000000   -0.002840    0.004565    0.000000    0.007312    0.022244
    0.000000   -0.004472   -0.026809
    0.000000    0.027007    0.024550    0.000000   -0.000198   -0.023525
    0.000000   -0.026809   -0.001025
M=    8  N=    3
   -0.023993    0.000000    0.000000    0.014726    0.000000    0.000000
    0.009267    0.000000    0.000000
    0.000000   -0.010635   -0.029990    0.000000    0.006070    0.005440
    0.000000    0.004565    0.024550
    0.000000   -0.029990    0.015967    0.000000    0.041331    0.050401
    0.000000   -0.011341   -0.066369
    0.014726    0.000000    0.000000   -0.039140    0.000000    0.000000
    0.024414    0.000000    0.000000
    0.000000    0.006070    0.041331    0.000000   -0.065834   -0.020253
    0.000000    0.059763   -0.021078
    0.000000    0.005440    0.050401    0.000000   -0.020253   -0.016028
    0.000000    0.014813   -0.034373
    0.009267    0.000000    0.000000    0.024414    0.000000    0.000000
   -0.033681    0.000000    0.000000
    0.000000    0.004565   -0.011341    0.000000    0.059763    0.014813
    0.000000   -0.064328   -0.003472
    0.000000    0.024550   -0.066369    0.000000   -0.021078   -0.034373
    0.000000   -0.003472    0.100742
M=    8  N=    4
    0.000000    0.021258    0.014726    0.000000   -0.045744   -0.038791
    0.000000    0.024486    0.024065
    0.021258    0.000000    0.000000   -0.036790    0.000000    0.000000
    0.015532    0.000000    0.000000
    0.014726    0.000000    0.000000   -0.039140    0.000000    0.000000
    0.024414    0.000000    0.000000
    0.000000   -0.036790   -0.039140    0.000000    0.029411    0.142028
    0.000000    0.007379   -0.102888
   -0.045744    0.000000    0.000000    0.029411    0.000000    0.000000
    0.016333    0.000000    0.000000
   -0.038791    0.000000    0.000000    0.142028    0.000000    0.000000
   -0.103237    0.000000    0.000000
    0.000000    0.015532    0.024414    0.000000    0.016333   -0.103237
    0.000000   -0.031865    0.078824
    0.024486    0.000000    0.000000    0.007379    0.000000    0.000000
   -0.031865    0.000000    0.000000
    0.024065    0.000000    0.000000   -0.102888    0.000000    0.000000
    0.078824    0.000000    0.000000
M=    8  N=    5
    0.029984    0.000000    0.000000   -0.045744    0.000000    0.000000
    0.015760    0.000000    0.000000
    0.000000   -0.008351    0.006070    0.000000    0.001038   -0.005873
    0.000000    0.007312   -0.000198
    0.000000    0.006070    0.041331    0.000000   -0.065834   -0.020253
    0.000000    0.059763   -0.021078
   -0.045744    0.000000    0.000000    0.029411    0.000000    0.000000
    0.016333    0.000000    0.000000
    0.000000    0.001038   -0.065834    0.000000   -0.039208    0.224294
    0.000000    0.038170   -0.158461
    0.000000   -0.005873   -0.020253    0.000000    0.224294    0.566065
    0.000000   -0.218422   -0.545812
    0.015760    0.000000    0.000000    0.016333    0.000000    0.000000
   -0.032093    0.000000    0.000000
    0.000000    0.007312    0.059763    0.000000    0.038170   -0.218422
    0.000000   -0.045482    0.158658
    0.000000   -0.000198   -0.021078    0.000000   -0.158461   -0.545812
    0.000000    0.158658    0.566890
M=    8  N=    6
    0.014448    0.000000    0.000000   -0.038791    0.000000    0.000000
    0.024343    0.000000    0.000000
    0.000000   -0.016371    0.005440    0.000000   -0.005873    0.018085
    0.000000    0.022244   -0.023525
    0.000000    0.005440    0.050401    0.000000   -0.020253   -0.016028
    0.000000    0.014813   -0.034373
   -0.038791    0.000000    0.000000    0.142028    0.000000    0.000000
   -0.103237    0.000000    0.000000
    0.000000   -0.005873   -0.020253    0.000000    0.224294    0.566065
    0.000000   -0.218422   -0.545812
    0.000000    0.018085   -0.016028    0.000000    0.566065   -0.610999
    0.000000   -0.584150    0.627028
    0.024343    0.000000    0.000000   -0.103237    0.000000    0.000000
    0.078895    0.000000    0.000000
    0.000000    0.022244    0.014813    0.000000   -0.218422   -0.584150
    0.000000    0.196178    0.569337
    0.000000   -0.023525   -0.034373    0.000000   -0.545812    0.627028
    0.000000    0.569337   -0.592655
M=    8  N=    7
    0.000000   -0.010475    0.009267    0.000000    0.015760    0.024343
    0.000000   -0.005285   -0.033609
   -0.010475    0.000000    0.000000    0.015532    0.000000    0.000000
   -0.005057    0.000000    0.000000
    0.009267    0.000000    0.000000    0.024414    0.000000    0.000000
   -0.033681    0.000000    0.000000
    0.000000    0.015532    0.024414    0.000000    0.016333   -0.103237
    0.000000   -0.031865    0.078824
    0.015760    0.000000    0.000000    0.016333    0.000000    0.000000
   -0.032093    0.000000    0.000000
    0.024343    0.000000    0.000000   -0.103237    0.000000    0.000000
    0.078895    0.000000    0.000000
    0.000000   -0.005057   -0.033681    0.000000   -0.032093    0.078895
    0.000000    0.037150   -0.045214
   -0.005285    0.000000    0.000000   -0.031865    0.000000    0.000000
    0.037150    0.000000    0.000000
   -0.033609    0.000000    0.000000    0.078824    0.000000    0.000000
   -0.045214    0.000000    0.000000
M=    8  N=    8
   -0.019201    0.000000    0.000000    0.024486    0.000000    0.000000
   -0.005285    0.000000    0.000000
    0.000000   -0.002840    0.004565    0.000000    0.007312    0.022244
    0.000000   -0.004472   -0.026809
    0.000000    0.004565   -0.011341    0.000000    0.059763    0.014813
    0.000000   -0.064328   -0.003472
    0.024486    0.000000    0.000000    0.007379    0.000000    0.000000
   -0.031865    0.000000    0.000000
    0.000000    0.007312    0.059763    0.000000    0.038170   -0.218422
    0.000000   -0.045482    0.158658
    0.000000    0.022244    0.014813    0.000000   -0.218422   -0.584150
    0.000000    0.196178    0.569337
   -0.005285    0.000000    0.000000   -0.031865    0.000000    0.000000
    0.037150    0.000000    0.000000
    0.000000   -0.004472   -0.064328    0.000000   -0.045482    0.196178
    0.000000    0.049954   -0.131849
    0.000000   -0.026809   -0.003472    0.000000    0.158658    0.569337
    0.000000   -0.131849   -0.565865
M=    8  N=    9
    0.009545    0.000000    0.000000    0.024065    0.000000    0.000000
   -0.033609    0.000000    0.000000
    0.000000    0.027007    0.024550    0.000000   -0.000198   -0.023525
    0.000000   -0.026809   -0.001025
    0.000000    0.024550   -0.066369    0.000000   -0.021078   -0.034373
    0.000000   -0.003472    0.100742
    0.024065    0.000000    0.000000   -0.102888    0.000000    0.000000
    0.078824    0.000000    0.000000
    0.000000   -0.000198   -0.021078    0.000000   -0.158461   -0.545812
    0.000000    0.158658    0.566890
    0.000000   -0.023525   -0.034373    0.000000   -0.545812    0.627028
    0.000000    0.569337   -0.592655
   -0.033609    0.000000    0.000000    0.078824    0.000000    0.000000
   -0.045214    0.000000    0.000000
    0.000000   -0.026809   -0.003472    0.000000    0.158658    0.569337
    0.000000   -0.131849   -0.565865
    0.000000   -0.001025    0.100742    0.000000    0.566890   -0.592655
    0.000000   -0.565865    0.491913
M=    9  N=    1
    0.000000    0.015743    0.012683    0.000000   -0.025287    0.021666
    0.000000    0.009545   -0.034350
    0.015743    0.000000    0.000000   -0.024313    0.000000    0.000000
    0.008571    0.000000    0.000000
    0.012683    0.000000    0.000000    0.023946    0.000000    0.000000
   -0.036630    0.000000    0.000000
    0.000000   -0.024313    0.023946    0.000000    0.000249   -0.019571
    0.000000    0.024065   -0.004375
   -0.025287    0.000000    0.000000    0.000249    0.000000    0.000000
    0.025039    0.000000    0.000000
    0.021666    0.000000    0.000000   -0.019571    0.000000    0.000000
   -0.002095    0.000000    0.000000
    0.000000    0.008571   -0.036630    0.000000    0.025039   -0.002095
    0.000000   -0.033609    0.038725
    0.009545    0.000000    0.000000    0.024065    0.000000    0.000000
   -0.033609    0.000000    0.000000
   -0.034350    0.000000    0.000000   -0.004375    0.000000    0.000000
    0.038725    0.000000    0.000000
M=    9  N=    2
    0.015743    0.000000    0.000000   -0.024313    0.000000    0.000000
    0.008571    0.000000    0.000000
    0.000000   -0.046326    0.029206    0.000000    0.019319    0.024229
    0.000000    0.027007   -0.053434
    0.000000    0.029206    0.068491    0.000000   -0.053756   -0.018422
    0.000000    0.024550   -0.050069
   -0.024313    0.000000    0.000000    0.008322    0.000000    0.000000
    0.015991    0.000000    0.000000
    0.000000    0.019319   -0.053756    0.000000   -0.019122   -0.000704
    0.000000   -0.000198    0.054459
    0.000000    0.024229   -0.018422    0.000000   -0.000704    0.148712
    0.000000   -0.023525   -0.130290
    0.008571    0.000000    0.000000    0.015991    0.000000    0.000000
   -0.024561    0.000000    0.000000
    0.000000    0.027007    0.024550    0.000000   -0.000198   -0.023525
    0.000000   -0.026809   -0.001025
    0.000000   -0.053434   -0.050069    0.000000    0.054459   -0.130290
    0.000000   -0.001025    0.180359
M=    9  N=    3
    0.012683    0.000000    0.000000    0.023946    0.000000    0.000000
   -0.036630    0.000000    0.000000
    0.000000    0.029206    0.068491    0.000000   -0.053756   -0.018422
    0.000000    0.024550   -0.050069
    0.000000    0.068491   -0.069351    0.000000   -0.002122    0.017389
    0.000000   -0.066369    0.051962
    0.023946    0.000000    0.000000   -0.024675    0.000000    0.000000
    0.000728    0.000000    0.000000
    0.000000   -0.053756   -0.002122    0.000000    0.074834    0.052795
    0.000000   -0.021078   -0.050673
    0.000000   -0.018422    0.017389    0.000000    0.052795   -0.051198
    0.000000   -0.034373    0.033809
   -0.036630    0.000000    0.000000    0.000728    0.000000    0.000000
    0.035902    0.000000    0.000000
    0.000000    0.024550   -0.066369    0.000000   -0.021078   -0.034373
    0.000000   -0.003472    0.100742
    0.000000   -0.050069    0.051962    0.000000   -0.050673    0.033809
    0.000000    0.100742   -0.085772
M=    9  N=    4
    0.000000   -0.024313    0.023946    0.000000    0.000249   -0.019571
    0.000000    0.024065   -0.004375
   -0.024313    0.000000    0.000000    0.008322    0.000000    0.000000
    0.015991    0.000000    0.000000
    0.023946    0.000000    0.000000   -0.024675    0.000000    0.000000
    0.000728    0.000000    0.000000
    0.000000    0.008322   -0.024675    0.000000    0.094566    0.726462
    0.000000   -0.102888   -0.701787
    0.000249    0.000000    0.000000    0.094566    0.000000    0.000000
   -0.094814    0.000000    0.000000
   -0.019571    0.000000    0.000000    0.726462    0.000000    0.000000
   -0.706890    0.000000    0.000000
    0.000000    0.015991    0.000728    0.000000   -0.094814   -0.706890
    0.000000    0.078824    0.706162
    0.024065    0.000000    0.000000   -0.102888    0.000000    0.000000
    0.078824    0.000000    0.000000
   -0.004375    0.000000    0.000000   -0.701787    0.000000    0.000000
    0.706162    0.000000    0.000000
M=    9  N=    5
   -0.025287    0.000000    0.000000    0.000249    0.000000    0.000000
    0.025039    0.000000    0.000000
    0.000000    0.019319   -0.053756    0.000000   -0.019122   -0.000704
    0.000000   -0.000198    0.054459
    0.000000   -0.053756   -0.002122    0.000000    0.074834    0.052795
    0.000000   -0.021078   -0.050673
    0.000249    0.000000    0.000000    0.094566    0.000000    0.000000
   -0.094814    0.000000    0.000000
    0.000000   -0.019122    0.074834    0.000000    0.177582    0.546516
    0.000000   -0.158461   -0.621349
    0.000000   -0.000704    0.052795    0.000000    0.546516   -0.775739
    0.000000   -0.545812    0.722944
    0.025039    0.000000    0.000000   -0.094814    0.000000    0.000000
    0.069776    0.000000    0.000000
    0.000000   -0.000198   -0.021078    0.000000   -0.158461   -0.545812
    0.000000    0.158658    0.566890
    0.000000    0.054459   -0.050673    0.000000   -0.621349    0.722944
    0.000000    0.566890   -0.672272
M=    9  N=    6
    0.021666    0.000000    0.000000   -0.019571    0.000000    0.000000
   -0.002095    0.000000    0.000000
    0.000000    0.024229   -0.018422    0.000000   -0.000704    0.148712
    0.000000   -0.023525   -0.130290
    0.000000   -0.018422    0.017389    0.000000    0.052795   -0.051198
    0.000000   -0.034373    0.033809
   -0.019571    0.000000    0.000000    0.726462    0.000000    0.000000
   -0.706890    0.000000    0.000000
    0.000000   -0.000704    0.052795    0.000000    0.546516   -0.775739
    0.000000   -0.545812    0.722944
    0.000000    0.148712   -0.051198    0.000000   -0.775739   -4.518268
    0.000000    0.627028    4.569466
   -0.002095    0.000000    0.000000   -0.706890    0.000000    0.000000
    0.708985    0.000000    0.000000
    0.000000   -0.023525   -0.034373    0.000000   -0.545812    0.627028
    0.000000    0.569337   -0.592655
    0.000000   -0.130290    0.033809    0.000000    0.722944    4.569466
    0.000000   -0.592655   -4.603275
M=    9  N=    7
    0.000000    0.008571   -0.036630    0.000000    0.025039   -0.002095
    0.000000   -0.033609    0.038725
    0.008571    0.000000    0.000000    0.015991    0.000000    0.000000
   -0.024561    0.000000    0.000000
   -0.036630    0.000000    0.000000    0.000728    0.000000    0.000000
    0.035902    0.000000    0.000000
    0.000000    0.015991    0.000728    0.000000   -0.094814   -0.706890
    0.000000    0.078824    0.706162
    0.025039    0.000000    0.000000   -0.094814    0.000000    0.000000
    0.069776    0.000000    0.000000
   -0.002095    0.000000    0.000000   -0.706890    0.000000    0.000000
    0.708985    0.000000    0.000000
    0.000000   -0.024561    0.035902    0.000000    0.069776    0.708985
    0.000000   -0.045214   -0.744887
   -0.033609    0.000000    0.000000    0.078824    0.000000    0.000000
   -0.045214    0.000000    0.000000
    0.038725    0.000000    0.000000    0.706162    0.000000    0.000000
   -0.744887    0.000000    0.000000
M=    9  N=    8
    0.009545    0.000000    0.000000    0.024065    0.000000    0.000000
   -0.033609    0.000000    0.000000
    0.000000    0.027007    0.024550    0.000000   -0.000198   -0.023525
    0.000000   -0.026809   -0.001025
    0.000000    0.024550   -0.066369    0.000000   -0.021078   -0.034373
    0.000000   -0.003472    0.100742
    0.024065    0.000000    0.000000   -0.102888    0.000000    0.000000
    0.078824    0.000000    0.000000
    0.000000   -0.000198   -0.021078    0.000000   -0.158461   -0.545812
    0.000000    0.158658    0.566890
    0.000000   -0.023525   -0.034373    0.000000   -0.545812    0.627028
    0.000000    0.569337   -0.592655
   -0.033609    0.000000    0.000000    0.078824    0.000000    0.000000
   -0.045214    0.000000    0.000000
    0.000000   -0.026809   -0.003472    0.000000    0.158658    0.569337
    0.000000   -0.131849   -0.565865
    0.000000   -0.001025    0.100742    0.000000    0.566890   -0.592655
    0.000000   -0.565865    0.491913
M=    9  N=    9
   -0.034350    0.000000    0.000000   -0.004375    0.000000    0.000000
    0.038725    0.000000    0.000000
    0.000000   -0.053434   -0.050069    0.000000    0.054459   -0.130290
    0.000000   -0.001025    0.180359
    0.000000   -0.050069    0.051962    0.000000   -0.050673    0.033809
    0.000000    0.100742   -0.085772
   -0.004375    0.000000    0.000000   -0.701787    0.000000    0.000000
    0.706162    0.000000    0.000000
    0.000000    0.054459   -0.050673    0.000000   -0.621349    0.722944
    0.000000    0.566890   -0.672272
    0.000000   -0.130290    0.033809    0.000000    0.722944    4.569466
    0.000000   -0.592655   -4.603275
    0.038725    0.000000    0.000000    0.706162    0.000000    0.000000
   -0.744887    0.000000    0.000000
    0.000000   -0.001025    0.100742    0.000000    0.566890   -0.592655
    0.000000   -0.565865    0.491913
    0.000000    0.180359   -0.085772    0.000000   -0.672272   -4.603275
    0.000000    0.491913    4.689047


 NORMAL MODE ANALYSIS IN INTERNAL COORDINATES


 NUCLEAR CARTESIAN COORDINATES (ANG.) AND MASSES

  ATOM    MASS             X             Y             Z

    1    1.007825     0.0000000000  0.9675657055 -1.0969415090
    2   12.000000     0.0000000000 -0.1019831755 -0.7632262627
    3   18.998400     0.0000000000  0.0131595194  0.5406865770


 QUADRATIC FORCE CONSTANTS IN MDYN/A, MDYN/RAD, OR MDYN*A/RAD**2

    1  1  4.299205    1  2  0.336350    1  3  0.084327
    2  1  0.336350    2  2  6.755192    2  3  0.665068
    3  1  0.084327    3  2  0.665068    3  3  1.329609



 LOWEST EIGENVALUES OF THE G MATRIX

    0.129046    0.939923    1.102921



 VIBRATIONAL FREQUENCIES (CM-1) AND EIGENVECTORS


 ----------------------------------------
                1         2         3
 COORDINATE  1214.592  1438.996  2797.571
 ----------------------------------------
      1     -0.019869  0.002334  1.036904
      2      0.367997 -0.021160 -0.009997
      3     -0.143638  0.967215 -0.064921
 ----------------------------------------





 TOTAL ENERGY DISTRIBUTIONS (%)


 ----------------------------------------
                1         2         3
 COORDINATE  1214.592  1438.996  2797.571
 ----------------------------------------
      1      -0.05999   0.01616 100.04383
      2     100.92073  -0.86912  -0.05161
      3      -0.86074 100.85296   0.00779
 ----------------------------------------





 VIBRATIONAL ASSIGNMENTS


   MODE    CM-1                 DOMINANT COMPONENTS OF TED

     1    1214.6      2 (100.9)
     2    1439.0      3 (100.9)
     3    2797.6      1 (100.0)


 NORMAL MODE ANALYSIS IN CARTESIAN COORDINATES


 NUCLEAR CARTESIAN COORDINATES (ANG.) AND MASSES

  ATOM    MASS             X             Y             Z

    1    1.007825     0.0000000000  0.9675657055 -1.0969415090
    2   12.000000     0.0000000000 -0.1019831755 -0.7632262627
    3   18.998400     0.0000000000  0.0131595194  0.5406865770


 QUADRATIC FORCE CONSTANTS IN HARTREE/BOHR**2

    1  1  0.000000    1  2  0.000000    1  3  0.000000    1  4  0.000000    1  5  0.000000    1  6  0.000000
    1  7  0.000000    1  8  0.000000    1  9  0.000000
    2  1  0.000000    2  2  0.254928    2  3 -0.063149    2  4  0.000000    2  5 -0.269086    2  6  0.055096
    2  7  0.000000    2  8  0.014158    2  9  0.008053
    3  1  0.000000    3  2 -0.063149    3  3  0.089244    3  4  0.000000    3  5  0.010316    3  6 -0.041581
    3  7  0.000000    3  8  0.052833    3  9 -0.047663
    4  1  0.000000    4  2  0.000000    4  3  0.000000    4  4  0.000000    4  5  0.000000    4  6  0.000000
    4  7  0.000000    4  8  0.000000    4  9  0.000000
    5  1  0.000000    5  2 -0.269086    5  3  0.010316    5  4  0.000000    5  5  0.330338    5  6 -0.000741
    5  7  0.000000    5  8 -0.061252    5  9 -0.009575
    6  1  0.000000    6  2  0.055096    6  3 -0.041581    6  4  0.000000    6  5 -0.000741    6  6  0.430554
    6  7  0.000000    6  8 -0.054355    6  9 -0.388973
    7  1  0.000000    7  2  0.000000    7  3  0.000000    7  4  0.000000    7  5  0.000000    7  6  0.000000
    7  7  0.000000    7  8  0.000000    7  9  0.000000
    8  1  0.000000    8  2  0.014158    8  3  0.052833    8  4  0.000000    8  5 -0.061252    8  6 -0.054355
    8  7  0.000000    8  8  0.047094    8  9  0.001522
    9  1  0.000000    9  2  0.008053    9  3 -0.047663    9  4  0.000000    9  5 -0.009575    9  6 -0.388973
    9  7  0.000000    9  8  0.001522    9  9  0.436636



 ZERO FREQUENCIES (CM-1)

     -0.0157     -0.0000      0.0000      0.0000      0.0000      0.0000



 VIBRATIONAL FREQUENCIES (CM-1) AND EIGENVECTORS


 ----------------------------------------
                1         2         3
 COORDINATE  1214.592  1438.996  2797.571
 ----------------------------------------
      1      0.000000  0.000000  0.000000
      2     -0.012792  0.209459 -0.914206
      3      0.059584  0.901987  0.284133
      4      0.000000  0.000000  0.000000
      5      0.017377 -0.080705  0.077234
      6      0.222982 -0.035819 -0.019584
      7     -0.000000  0.000000  0.000000
      8     -0.010297  0.039865 -0.000287
      9     -0.144003 -0.025224 -0.002703
 ----------------------------------------





   MODE    CM-1

     1    1214.6
     2    1439.0
     3    2797.6
