
 INTDER2005

 A GENERAL PROGRAM DEVELOPED BY WESLEY D. ALLEN AND CO-WORKERS
 WHICH PERFORMS VARIOUS VIBRATIONAL ANALYSES AND HIGHER-ORDER
 NONLINEAR TRANSFORMATIONS AMONG FORCE FIELD REPRESENTATIONS

   PROGRAM OPTIONS

   NA      NSYM       NEQ      NINV     NTEST     NFREQ      NVEC     NDISP
        NS      NDER      NPRT      NDUM     NGEOM     IRINT     NSTOP     NMODE
    3    3    3    0    0    3    0    0    0    1    0    0    0    1    1    0


 NUCLEAR CARTESIAN COORDINATES (BOHR)

         0.0000000000        1.5087734267        1.0707665803
         0.0000000000        0.0000000000       -0.1541074582
         0.0000000000       -1.5087734267        1.0707665803


 DEFINITION OF INTERNAL COORDINATES

 SIMPLE INTERNAL COORDINATES

L( 1)=   STRE    1    2    0    0     
L( 2)=   STRE    2    3    0    0     
L( 3)=   BEND    1    2    3    0     

 SYMMETRY INTERNAL COORDINATES

S( 1)=   0.7071067812 L( 1)    0.7071067812 L( 2)
S( 2)=   1.0000000000 L( 3)
S( 3)=   0.7071067812 L( 1)   -0.7071067812 L( 2)


 INTERNAL DISPLACEMENT SUBROUTINE




 VALUES OF SIMPLE INTERNAL COORDINATES (ANG. OR DEG.) FOR REFERENCE GEOMETRY

   1    1.0283908265   2    1.0283908265   3  101.8582459430



 VALUES OF SYMMETRY INTERNAL COORDINATES (ANG. OR RAD.) FOR REFERENCE GEOMETRY

   1    1.4543642542   2    1.7777617620   3    0.0000000000

 DISPLACEMENT    1

 INTERNAL DISPLACEMENTS

    1       -0.0000435645
    2       -0.0000193354
    3        0.0000000000


 INTERNAL (SYMMETRY) COORDINATE FINAL VALUES

    1        1.4543206897
    2        1.7777424266
    3        0.0000000000

  ITER =     1   MAX INTERNAL DEVIATION =  0.436E-04

 DETERMINANT OF B*BT MATRIX=  12.512    


 A MATRIX FOR (SYMMETRY) INTERNAL COORDINATES

 I=           1
    0.000000    0.000000    0.000000
 I=           2
    0.548974    0.324088    0.248912
 I=           3
    0.148559   -0.133068    0.202076
 I=           4
    0.000000    0.000000    0.000000
 I=           5
    0.000000    0.000000   -0.497825
 I=           6
   -0.297117    0.266136    0.000000
 I=           7
    0.000000    0.000000    0.000000
 I=           8
   -0.548974   -0.324088    0.248912
 I=           9
    0.148559   -0.133068   -0.202076

  ITER =     2   MAX INTERNAL DEVIATION =  0.579E-09

 DETERMINANT OF B*BT MATRIX=  12.513    


 A MATRIX FOR (SYMMETRY) INTERNAL COORDINATES

 I=           1
    0.000000    0.000000    0.000000
 I=           2
    0.548970    0.324082    0.248913
 I=           3
    0.148560   -0.133063    0.202080
 I=           4
    0.000000    0.000000    0.000000
 I=           5
    0.000000    0.000000   -0.497825
 I=           6
   -0.297121    0.266126    0.000000
 I=           7
    0.000000    0.000000    0.000000
 I=           8
   -0.548970   -0.324082    0.248913
 I=           9
    0.148560   -0.133063   -0.202080

  ITER =     3   MAX INTERNAL DEVIATION =  0.000E+00

 NEW CARTESIAN GEOMETRY FOUND IN     3 ITERATIONS.

ECKART CONDITION VECTORS

        0.0000000000        0.0000000000        0.0000000000
        0.0000000000        0.0000000000        0.0000000000

 NEW CARTESIAN GEOMETRY (BOHR)

        0.0000000000        1.5087163910        1.0707592122
        0.0000000000        0.0000000000       -0.1540927220
        0.0000000000       -1.5087163910        1.0707592122
