
 INTDER2005

 A GENERAL PROGRAM DEVELOPED BY WESLEY D. ALLEN AND CO-WORKERS
 WHICH PERFORMS VARIOUS VIBRATIONAL ANALYSES AND HIGHER-ORDER
 NONLINEAR TRANSFORMATIONS AMONG FORCE FIELD REPRESENTATIONS

   PROGRAM OPTIONS

   NA      NSYM       NEQ      NINV     NTEST     NFREQ      NVEC     NDISP
        NS      NDER      NPRT      NDUM     NGEOM     IRINT     NSTOP     NMODE
    3    3    3    4    0    3    2    0    0    1    3    0    0    0    0    0


 NUCLEAR CARTESIAN COORDINATES (BOHR)

         0.0000000000        1.5087163910        1.0707592122
         0.0000000000        0.0000000000       -0.1540927220
         0.0000000000       -1.5087163910        1.0707592122


 DEFINITION OF INTERNAL COORDINATES

 SIMPLE INTERNAL COORDINATES

L( 1)=   STRE    1    2    0    0     
L( 2)=   STRE    2    3    0    0     
L( 3)=   BEND    1    2    3    0     

 SYMMETRY INTERNAL COORDINATES

S( 1)=   0.7071067812 L( 1)    0.7071067812 L( 2)
S( 2)=   1.0000000000 L( 3)
S( 3)=   0.7071067812 L( 1)   -0.7071067812 L( 2)



 VALUES OF SIMPLE INTERNAL COORDINATES (ANG. OR DEG.)

   1    1.0283600217   2    1.0283600217   3  101.8571381058



 VALUES OF SYMMETRY INTERNAL COORDINATES (ANG. OR RAD.)

   1    1.4543206897   2    1.7777424266   3    0.0000000000

 B MATRIX FOR (SYMMETRY) INTERNAL COORDINATES

 I=            1
    0.000000    0.548970    0.445681    0.000000    0.000000   -0.891363
    0.000000   -0.548970    0.445681
 I=            2
    0.000000    0.612907   -0.754950    0.000000    0.000000    1.509901
    0.000000   -0.612907   -0.754950
 I=            3
    0.000000    0.548970    0.445681    0.000000   -1.097940    0.000000
    0.000000    0.548970   -0.445681

 DETERMINANT OF B*BT MATRIX=  12.513    


 A MATRIX FOR (SYMMETRY) INTERNAL COORDINATES

 I=           1
    0.000000    0.000000    0.000000
 I=           2
    0.548970    0.324082    0.248913
 I=           3
    0.148560   -0.133063    0.202080
 I=           4
    0.000000    0.000000    0.000000
 I=           5
    0.000000    0.000000   -0.497825
 I=           6
   -0.297121    0.266126    0.000000
 I=           7
    0.000000    0.000000    0.000000
 I=           8
   -0.548970   -0.324082    0.248913
 I=           9
    0.148560   -0.133063   -0.202080


 FINAL CARTESIAN COORDINATE FORCE CONSTANTS

 QUADRATIC FORCE CONSTANTS

    0.000000    0.000000    0.000000    0.000000    0.000000    0.000000
    0.000000    0.000000    0.000000
    0.000000    0.272773    0.170865    0.000000   -0.241842   -0.145391
    0.000000   -0.030931   -0.025474
    0.000000    0.170865    0.165755    0.000000   -0.196340   -0.172112
    0.000000    0.025474    0.006357
    0.000000    0.000000    0.000000    0.000000    0.000000    0.000000
    0.000000    0.000000    0.000000
    0.000000   -0.241842   -0.196340    0.000000    0.483684    0.000000
    0.000000   -0.241842    0.196340
    0.000000   -0.145391   -0.172112    0.000000    0.000000    0.344225
    0.000000    0.145391   -0.172112
    0.000000    0.000000    0.000000    0.000000    0.000000    0.000000
    0.000000    0.000000    0.000000
    0.000000   -0.030931    0.025474    0.000000   -0.241842    0.145391
    0.000000    0.272773   -0.170865
    0.000000   -0.025474    0.006357    0.000000    0.196340   -0.172112
    0.000000   -0.170865    0.165755

 CUBIC FORCE CONSTANTS

M=    1
    0.000000    0.160149    0.124290    0.000000   -0.160297   -0.118442
    0.000000    0.000148   -0.005847
    0.160149    0.000000    0.000000   -0.139499    0.000000    0.000000
   -0.020650    0.000000    0.000000
    0.124290    0.000000    0.000000   -0.135327    0.000000    0.000000
    0.011037    0.000000    0.000000
    0.000000   -0.139499   -0.135327    0.000000    0.160297    0.140517
    0.000000   -0.020798   -0.005190
   -0.160297    0.000000    0.000000    0.160297    0.000000    0.000000
    0.000000    0.000000    0.000000
   -0.118442    0.000000    0.000000    0.140517    0.000000    0.000000
   -0.022075    0.000000    0.000000
    0.000000   -0.020650    0.011037    0.000000    0.000000   -0.022075
    0.000000    0.020650    0.011037
    0.000148    0.000000    0.000000   -0.020798    0.000000    0.000000
    0.020650    0.000000    0.000000
   -0.005847    0.000000    0.000000   -0.005190    0.000000    0.000000
    0.011037    0.000000    0.000000
M=    2
    0.160149    0.000000    0.000000   -0.139499    0.000000    0.000000
   -0.020650    0.000000    0.000000
    0.000000   -0.533932   -0.620398    0.000000    0.490929    0.615730
    0.000000    0.043003    0.004667
    0.000000   -0.620398   -0.445472    0.000000    0.632793    0.448144
    0.000000   -0.012395   -0.002672
   -0.139499    0.000000    0.000000    0.118701    0.000000    0.000000
    0.020798    0.000000    0.000000
    0.000000    0.490929    0.632793    0.000000   -0.490929   -0.640520
    0.000000    0.000000    0.007727
    0.000000    0.615730    0.448144    0.000000   -0.640520   -0.422499
    0.000000    0.024789   -0.025645
   -0.020650    0.000000    0.000000    0.020798    0.000000    0.000000
   -0.000148    0.000000    0.000000
    0.000000    0.043003   -0.012395    0.000000    0.000000    0.024789
    0.000000   -0.043003   -0.012395
    0.000000    0.004667   -0.002672    0.000000    0.007727   -0.025645
    0.000000   -0.012395    0.028317
M=    3
    0.124290    0.000000    0.000000   -0.135327    0.000000    0.000000
    0.011037    0.000000    0.000000
    0.000000   -0.620398   -0.445472    0.000000    0.632793    0.448144
    0.000000   -0.012395   -0.002672
    0.000000   -0.445472   -0.161242    0.000000    0.473788    0.164344
    0.000000   -0.028317   -0.003102
   -0.135327    0.000000    0.000000    0.140517    0.000000    0.000000
   -0.005190    0.000000    0.000000
    0.000000    0.632793    0.473788    0.000000   -0.640520   -0.473788
    0.000000    0.007727   -0.000000
    0.000000    0.448144    0.164344    0.000000   -0.473788   -0.170547
    0.000000    0.025645    0.006203
    0.011037    0.000000    0.000000   -0.005190    0.000000    0.000000
   -0.005847    0.000000    0.000000
    0.000000   -0.012395   -0.028317    0.000000    0.007727    0.025645
    0.000000    0.004667    0.002672
    0.000000   -0.002672   -0.003102    0.000000   -0.000000    0.006203
    0.000000    0.002672   -0.003102
M=    4
    0.000000   -0.139499   -0.135327    0.000000    0.160297    0.140517
    0.000000   -0.020798   -0.005190
   -0.139499    0.000000    0.000000    0.118701    0.000000    0.000000
    0.020798    0.000000    0.000000
   -0.135327    0.000000    0.000000    0.140517    0.000000    0.000000
   -0.005190    0.000000    0.000000
    0.000000    0.118701    0.140517    0.000000    0.000000   -0.281034
    0.000000   -0.118701    0.140517
    0.160297    0.000000    0.000000    0.000000    0.000000    0.000000
   -0.160297    0.000000    0.000000
    0.140517    0.000000    0.000000   -0.281034    0.000000    0.000000
    0.140517    0.000000    0.000000
    0.000000    0.020798   -0.005190    0.000000   -0.160297    0.140517
    0.000000    0.139499   -0.135327
   -0.020798    0.000000    0.000000   -0.118701    0.000000    0.000000
    0.139499    0.000000    0.000000
   -0.005190    0.000000    0.000000    0.140517    0.000000    0.000000
   -0.135327    0.000000    0.000000
M=    5
   -0.160297    0.000000    0.000000    0.160297    0.000000    0.000000
    0.000000    0.000000    0.000000
    0.000000    0.490929    0.632793    0.000000   -0.490929   -0.640520
    0.000000    0.000000    0.007727
    0.000000    0.632793    0.473788    0.000000   -0.640520   -0.473788
    0.000000    0.007727   -0.000000
    0.160297    0.000000    0.000000    0.000000    0.000000    0.000000
   -0.160297    0.000000    0.000000
    0.000000   -0.490929   -0.640520    0.000000    0.000000    1.281039
    0.000000    0.490929   -0.640520
    0.000000   -0.640520   -0.473788    0.000000    1.281039    0.000000
    0.000000   -0.640520    0.473788
    0.000000    0.000000    0.000000   -0.160297    0.000000    0.000000
    0.160297    0.000000    0.000000
    0.000000    0.000000    0.007727    0.000000    0.490929   -0.640520
    0.000000   -0.490929    0.632793
    0.000000    0.007727   -0.000000    0.000000   -0.640520    0.473788
    0.000000    0.632793   -0.473788
M=    6
   -0.118442    0.000000    0.000000    0.140517    0.000000    0.000000
   -0.022075    0.000000    0.000000
    0.000000    0.615730    0.448144    0.000000   -0.640520   -0.422499
    0.000000    0.024789   -0.025645
    0.000000    0.448144    0.164344    0.000000   -0.473788   -0.170547
    0.000000    0.025645    0.006203
    0.140517    0.000000    0.000000   -0.281034    0.000000    0.000000
    0.140517    0.000000    0.000000
    0.000000   -0.640520   -0.473788    0.000000    1.281039    0.000000
    0.000000   -0.640520    0.473788
    0.000000   -0.422499   -0.170547    0.000000    0.000000    0.341094
    0.000000    0.422499   -0.170547
   -0.022075    0.000000    0.000000    0.140517    0.000000    0.000000
   -0.118442    0.000000    0.000000
    0.000000    0.024789    0.025645    0.000000   -0.640520    0.422499
    0.000000    0.615730   -0.448144
    0.000000   -0.025645    0.006203    0.000000    0.473788   -0.170547
    0.000000   -0.448144    0.164344
M=    7
    0.000000   -0.020650    0.011037    0.000000    0.000000   -0.022075
    0.000000    0.020650    0.011037
   -0.020650    0.000000    0.000000    0.020798    0.000000    0.000000
   -0.000148    0.000000    0.000000
    0.011037    0.000000    0.000000   -0.005190    0.000000    0.000000
   -0.005847    0.000000    0.000000
    0.000000    0.020798   -0.005190    0.000000   -0.160297    0.140517
    0.000000    0.139499   -0.135327
    0.000000    0.000000    0.000000   -0.160297    0.000000    0.000000
    0.160297    0.000000    0.000000
   -0.022075    0.000000    0.000000    0.140517    0.000000    0.000000
   -0.118442    0.000000    0.000000
    0.000000   -0.000148   -0.005847    0.000000    0.160297   -0.118442
    0.000000   -0.160149    0.124290
    0.020650    0.000000    0.000000    0.139499    0.000000    0.000000
   -0.160149    0.000000    0.000000
    0.011037    0.000000    0.000000   -0.135327    0.000000    0.000000
    0.124290    0.000000    0.000000
M=    8
    0.000148    0.000000    0.000000   -0.020798    0.000000    0.000000
    0.020650    0.000000    0.000000
    0.000000    0.043003   -0.012395    0.000000    0.000000    0.024789
    0.000000   -0.043003   -0.012395
    0.000000   -0.012395   -0.028317    0.000000    0.007727    0.025645
    0.000000    0.004667    0.002672
   -0.020798    0.000000    0.000000   -0.118701    0.000000    0.000000
    0.139499    0.000000    0.000000
    0.000000    0.000000    0.007727    0.000000    0.490929   -0.640520
    0.000000   -0.490929    0.632793
    0.000000    0.024789    0.025645    0.000000   -0.640520    0.422499
    0.000000    0.615730   -0.448144
    0.020650    0.000000    0.000000    0.139499    0.000000    0.000000
   -0.160149    0.000000    0.000000
    0.000000   -0.043003    0.004667    0.000000   -0.490929    0.615730
    0.000000    0.533932   -0.620398
    0.000000   -0.012395    0.002672    0.000000    0.632793   -0.448144
    0.000000   -0.620398    0.445472
M=    9
   -0.005847    0.000000    0.000000   -0.005190    0.000000    0.000000
    0.011037    0.000000    0.000000
    0.000000    0.004667   -0.002672    0.000000    0.007727   -0.025645
    0.000000   -0.012395    0.028317
    0.000000   -0.002672   -0.003102    0.000000   -0.000000    0.006203
    0.000000    0.002672   -0.003102
   -0.005190    0.000000    0.000000    0.140517    0.000000    0.000000
   -0.135327    0.000000    0.000000
    0.000000    0.007727   -0.000000    0.000000   -0.640520    0.473788
    0.000000    0.632793   -0.473788
    0.000000   -0.025645    0.006203    0.000000    0.473788   -0.170547
    0.000000   -0.448144    0.164344
    0.011037    0.000000    0.000000   -0.135327    0.000000    0.000000
    0.124290    0.000000    0.000000
    0.000000   -0.012395    0.002672    0.000000    0.632793   -0.448144
    0.000000   -0.620398    0.445472
    0.000000    0.028317   -0.003102    0.000000   -0.473788    0.164344
    0.000000    0.445472   -0.161242

 QUARTIC FORCE CONSTANTS

M=    1  N=    1
    0.311433    0.000000    0.000000   -0.304419    0.000000    0.000000
   -0.007014    0.000000    0.000000
    0.000000   -0.536352   -0.494017    0.000000    0.520366    0.483193
    0.000000    0.015986    0.010823
    0.000000   -0.494017   -0.314927    0.000000    0.513402    0.319197
    0.000000   -0.019385   -0.004270
   -0.304419    0.000000    0.000000    0.317668    0.000000    0.000000
   -0.013248    0.000000    0.000000
    0.000000    0.520366    0.513402    0.000000   -0.530413   -0.517683
    0.000000    0.010047    0.004281
    0.000000    0.483193    0.319197    0.000000   -0.517683   -0.324360
    0.000000    0.034489    0.005163
   -0.007014    0.000000    0.000000   -0.013248    0.000000    0.000000
    0.020262    0.000000    0.000000
    0.000000    0.015986   -0.019385    0.000000    0.010047    0.034489
    0.000000   -0.026033   -0.015104
    0.000000    0.010823   -0.004270    0.000000    0.004281    0.005163
    0.000000   -0.015104   -0.000893
M=    1  N=    2
    0.000000   -0.536352   -0.494017    0.000000    0.520366    0.483193
    0.000000    0.015986    0.010823
   -0.536352    0.000000    0.000000    0.506508    0.000000    0.000000
    0.029844    0.000000    0.000000
   -0.494017    0.000000    0.000000    0.494444    0.000000    0.000000
   -0.000427    0.000000    0.000000
    0.000000    0.506508    0.494444    0.000000   -0.516628   -0.479766
    0.000000    0.010119   -0.014677
    0.520366    0.000000    0.000000   -0.516628    0.000000    0.000000
   -0.003738    0.000000    0.000000
    0.483193    0.000000    0.000000   -0.479766    0.000000    0.000000
   -0.003427    0.000000    0.000000
    0.000000    0.029844   -0.000427    0.000000   -0.003738   -0.003427
    0.000000   -0.026106    0.003854
    0.015986    0.000000    0.000000    0.010119    0.000000    0.000000
   -0.026106    0.000000    0.000000
    0.010823    0.000000    0.000000   -0.014677    0.000000    0.000000
    0.003854    0.000000    0.000000
M=    1  N=    3
    0.000000   -0.494017   -0.314927    0.000000    0.513402    0.319197
    0.000000   -0.019385   -0.004270
   -0.494017    0.000000    0.000000    0.494444    0.000000    0.000000
   -0.000427    0.000000    0.000000
   -0.314927    0.000000    0.000000    0.334588    0.000000    0.000000
   -0.019662    0.000000    0.000000
    0.000000    0.494444    0.334588    0.000000   -0.517683   -0.341358
    0.000000    0.023239    0.006769
    0.513402    0.000000    0.000000   -0.517683    0.000000    0.000000
    0.004281    0.000000    0.000000
    0.319197    0.000000    0.000000   -0.341358    0.000000    0.000000
    0.022161    0.000000    0.000000
    0.000000   -0.000427   -0.019662    0.000000    0.004281    0.022161
    0.000000   -0.003854   -0.002499
   -0.019385    0.000000    0.000000    0.023239    0.000000    0.000000
   -0.003854    0.000000    0.000000
   -0.004270    0.000000    0.000000    0.006769    0.000000    0.000000
   -0.002499    0.000000    0.000000
M=    1  N=    4
   -0.304419    0.000000    0.000000    0.317668    0.000000    0.000000
   -0.013248    0.000000    0.000000
    0.000000    0.506508    0.494444    0.000000   -0.516628   -0.479766
    0.000000    0.010119   -0.014677
    0.000000    0.494444    0.334588    0.000000   -0.517683   -0.341358
    0.000000    0.023239    0.006769
    0.317668    0.000000    0.000000   -0.344164    0.000000    0.000000
    0.026497    0.000000    0.000000
    0.000000   -0.516628   -0.517683    0.000000    0.522936    0.517683
    0.000000   -0.006309    0.000000
    0.000000   -0.479766   -0.341358    0.000000    0.517683    0.368682
    0.000000   -0.037917   -0.027324
   -0.013248    0.000000    0.000000    0.026497    0.000000    0.000000
   -0.013248    0.000000    0.000000
    0.000000    0.010119    0.023239    0.000000   -0.006309   -0.037917
    0.000000   -0.003811    0.014677
    0.000000   -0.014677    0.006769    0.000000    0.000000   -0.027324
    0.000000    0.014677    0.020554
M=    1  N=    5
    0.000000    0.520366    0.513402    0.000000   -0.530413   -0.517683
    0.000000    0.010047    0.004281
    0.520366    0.000000    0.000000   -0.516628    0.000000    0.000000
   -0.003738    0.000000    0.000000
    0.513402    0.000000    0.000000   -0.517683    0.000000    0.000000
    0.004281    0.000000    0.000000
    0.000000   -0.516628   -0.517683    0.000000    0.522936    0.517683
    0.000000   -0.006309    0.000000
   -0.530413    0.000000    0.000000    0.522936    0.000000    0.000000
    0.007476    0.000000    0.000000
   -0.517683    0.000000    0.000000    0.517683    0.000000    0.000000
    0.000000    0.000000    0.000000
    0.000000   -0.003738    0.004281    0.000000    0.007476    0.000000
    0.000000   -0.003738   -0.004281
    0.010047    0.000000    0.000000   -0.006309    0.000000    0.000000
   -0.003738    0.000000    0.000000
    0.004281    0.000000    0.000000    0.000000    0.000000    0.000000
   -0.004281    0.000000    0.000000
M=    1  N=    6
    0.000000    0.483193    0.319197    0.000000   -0.517683   -0.324360
    0.000000    0.034489    0.005163
    0.483193    0.000000    0.000000   -0.479766    0.000000    0.000000
   -0.003427    0.000000    0.000000
    0.319197    0.000000    0.000000   -0.341358    0.000000    0.000000
    0.022161    0.000000    0.000000
    0.000000   -0.479766   -0.341358    0.000000    0.517683    0.368682
    0.000000   -0.037917   -0.027324
   -0.517683    0.000000    0.000000    0.517683    0.000000    0.000000
    0.000000    0.000000    0.000000
   -0.324360    0.000000    0.000000    0.368682    0.000000    0.000000
   -0.044321    0.000000    0.000000
    0.000000   -0.003427    0.022161    0.000000    0.000000   -0.044321
    0.000000    0.003427    0.022161
    0.034489    0.000000    0.000000   -0.037917    0.000000    0.000000
    0.003427    0.000000    0.000000
    0.005163    0.000000    0.000000   -0.027324    0.000000    0.000000
    0.022161    0.000000    0.000000
M=    1  N=    7
   -0.007014    0.000000    0.000000   -0.013248    0.000000    0.000000
    0.020262    0.000000    0.000000
    0.000000    0.029844   -0.000427    0.000000   -0.003738   -0.003427
    0.000000   -0.026106    0.003854
    0.000000   -0.000427   -0.019662    0.000000    0.004281    0.022161
    0.000000   -0.003854   -0.002499
   -0.013248    0.000000    0.000000    0.026497    0.000000    0.000000
   -0.013248    0.000000    0.000000
    0.000000   -0.003738    0.004281    0.000000    0.007476    0.000000
    0.000000   -0.003738   -0.004281
    0.000000   -0.003427    0.022161    0.000000    0.000000   -0.044321
    0.000000    0.003427    0.022161
    0.020262    0.000000    0.000000   -0.013248    0.000000    0.000000
   -0.007014    0.000000    0.000000
    0.000000   -0.026106   -0.003854    0.000000   -0.003738    0.003427
    0.000000    0.029844    0.000427
    0.000000    0.003854   -0.002499    0.000000   -0.004281    0.022161
    0.000000    0.000427   -0.019662
M=    1  N=    8
    0.000000    0.015986   -0.019385    0.000000    0.010047    0.034489
    0.000000   -0.026033   -0.015104
    0.015986    0.000000    0.000000    0.010119    0.000000    0.000000
   -0.026106    0.000000    0.000000
   -0.019385    0.000000    0.000000    0.023239    0.000000    0.000000
   -0.003854    0.000000    0.000000
    0.000000    0.010119    0.023239    0.000000   -0.006309   -0.037917
    0.000000   -0.003811    0.014677
    0.010047    0.000000    0.000000   -0.006309    0.000000    0.000000
   -0.003738    0.000000    0.000000
    0.034489    0.000000    0.000000   -0.037917    0.000000    0.000000
    0.003427    0.000000    0.000000
    0.000000   -0.026106   -0.003854    0.000000   -0.003738    0.003427
    0.000000    0.029844    0.000427
   -0.026033    0.000000    0.000000   -0.003811    0.000000    0.000000
    0.029844    0.000000    0.000000
   -0.015104    0.000000    0.000000    0.014677    0.000000    0.000000
    0.000427    0.000000    0.000000
M=    1  N=    9
    0.000000    0.010823   -0.004270    0.000000    0.004281    0.005163
    0.000000   -0.015104   -0.000893
    0.010823    0.000000    0.000000   -0.014677    0.000000    0.000000
    0.003854    0.000000    0.000000
   -0.004270    0.000000    0.000000    0.006769    0.000000    0.000000
   -0.002499    0.000000    0.000000
    0.000000   -0.014677    0.006769    0.000000    0.000000   -0.027324
    0.000000    0.014677    0.020554
    0.004281    0.000000    0.000000    0.000000    0.000000    0.000000
   -0.004281    0.000000    0.000000
    0.005163    0.000000    0.000000   -0.027324    0.000000    0.000000
    0.022161    0.000000    0.000000
    0.000000    0.003854   -0.002499    0.000000   -0.004281    0.022161
    0.000000    0.000427   -0.019662
   -0.015104    0.000000    0.000000    0.014677    0.000000    0.000000
    0.000427    0.000000    0.000000
   -0.000893    0.000000    0.000000    0.020554    0.000000    0.000000
   -0.019662    0.000000    0.000000
M=    2  N=    1
    0.000000   -0.536352   -0.494017    0.000000    0.520366    0.483193
    0.000000    0.015986    0.010823
   -0.536352    0.000000    0.000000    0.506508    0.000000    0.000000
    0.029844    0.000000    0.000000
   -0.494017    0.000000    0.000000    0.494444    0.000000    0.000000
   -0.000427    0.000000    0.000000
    0.000000    0.506508    0.494444    0.000000   -0.516628   -0.479766
    0.000000    0.010119   -0.014677
    0.520366    0.000000    0.000000   -0.516628    0.000000    0.000000
   -0.003738    0.000000    0.000000
    0.483193    0.000000    0.000000   -0.479766    0.000000    0.000000
   -0.003427    0.000000    0.000000
    0.000000    0.029844   -0.000427    0.000000   -0.003738   -0.003427
    0.000000   -0.026106    0.003854
    0.015986    0.000000    0.000000    0.010119    0.000000    0.000000
   -0.026106    0.000000    0.000000
    0.010823    0.000000    0.000000   -0.014677    0.000000    0.000000
    0.003854    0.000000    0.000000
M=    2  N=    2
   -0.536352    0.000000    0.000000    0.506508    0.000000    0.000000
    0.029844    0.000000    0.000000
    0.000000    0.333269    1.473781    0.000000   -0.294453   -1.474883
    0.000000   -0.038815    0.001102
    0.000000    1.473781    1.444340    0.000000   -1.477951   -1.452173
    0.000000    0.004170    0.007833
    0.506508    0.000000    0.000000   -0.502698    0.000000    0.000000
   -0.003811    0.000000    0.000000
    0.000000   -0.294453   -1.477951    0.000000    0.278728    1.482653
    0.000000    0.015726   -0.004702
    0.000000   -1.474883   -1.452173    0.000000    1.482653    1.431976
    0.000000   -0.007770    0.020197
    0.029844    0.000000    0.000000   -0.003811    0.000000    0.000000
   -0.026033    0.000000    0.000000
    0.000000   -0.038815    0.004170    0.000000    0.015726   -0.007770
    0.000000    0.023090    0.003600
    0.000000    0.001102    0.007833    0.000000   -0.004702    0.020197
    0.000000    0.003600   -0.028029
M=    2  N=    3
   -0.494017    0.000000    0.000000    0.494444    0.000000    0.000000
   -0.000427    0.000000    0.000000
    0.000000    1.473781    1.444340    0.000000   -1.477951   -1.452173
    0.000000    0.004170    0.007833
    0.000000    1.444340    0.508651    0.000000   -1.491398   -0.522054
    0.000000    0.047058    0.013403
    0.494444    0.000000    0.000000   -0.479766    0.000000    0.000000
   -0.014677    0.000000    0.000000
    0.000000   -1.477951   -1.491398    0.000000    1.478521    1.496783
    0.000000   -0.000570   -0.005385
    0.000000   -1.452173   -0.522054    0.000000    1.496783    0.547555
    0.000000   -0.044610   -0.025501
   -0.000427    0.000000    0.000000   -0.014677    0.000000    0.000000
    0.015104    0.000000    0.000000
    0.000000    0.004170    0.047058    0.000000   -0.000570   -0.044610
    0.000000   -0.003600   -0.002448
    0.000000    0.007833    0.013403    0.000000   -0.005385   -0.025501
    0.000000   -0.002448    0.012097
M=    2  N=    4
    0.000000    0.506508    0.494444    0.000000   -0.516628   -0.479766
    0.000000    0.010119   -0.014677
    0.506508    0.000000    0.000000   -0.502698    0.000000    0.000000
   -0.003811    0.000000    0.000000
    0.494444    0.000000    0.000000   -0.479766    0.000000    0.000000
   -0.014677    0.000000    0.000000
    0.000000   -0.502698   -0.479766    0.000000    0.522936    0.441849
    0.000000   -0.020239    0.037917
   -0.516628    0.000000    0.000000    0.522936    0.000000    0.000000
   -0.006309    0.000000    0.000000
   -0.479766    0.000000    0.000000    0.441849    0.000000    0.000000
    0.037917    0.000000    0.000000
    0.000000   -0.003811   -0.014677    0.000000   -0.006309    0.037917
    0.000000    0.010119   -0.023239
    0.010119    0.000000    0.000000   -0.020239    0.000000    0.000000
    0.010119    0.000000    0.000000
   -0.014677    0.000000    0.000000    0.037917    0.000000    0.000000
   -0.023239    0.000000    0.000000
M=    2  N=    5
    0.520366    0.000000    0.000000   -0.516628    0.000000    0.000000
   -0.003738    0.000000    0.000000
    0.000000   -0.294453   -1.477951    0.000000    0.278728    1.482653
    0.000000    0.015726   -0.004702
    0.000000   -1.477951   -1.491398    0.000000    1.478521    1.496783
    0.000000   -0.000570   -0.005385
   -0.516628    0.000000    0.000000    0.522936    0.000000    0.000000
   -0.006309    0.000000    0.000000
    0.000000    0.278728    1.478521    0.000000   -0.247277   -1.482653
    0.000000   -0.031451    0.004131
    0.000000    1.482653    1.496783    0.000000   -1.482653   -1.521197
    0.000000   -0.000000    0.024414
   -0.003738    0.000000    0.000000   -0.006309    0.000000    0.000000
    0.010047    0.000000    0.000000
    0.000000    0.015726   -0.000570    0.000000   -0.031451   -0.000000
    0.000000    0.015726    0.000570
    0.000000   -0.004702   -0.005385    0.000000    0.004131    0.024414
    0.000000    0.000570   -0.019029
M=    2  N=    6
    0.483193    0.000000    0.000000   -0.479766    0.000000    0.000000
   -0.003427    0.000000    0.000000
    0.000000   -1.474883   -1.452173    0.000000    1.482653    1.431976
    0.000000   -0.007770    0.020197
    0.000000   -1.452173   -0.522054    0.000000    1.496783    0.547555
    0.000000   -0.044610   -0.025501
   -0.479766    0.000000    0.000000    0.441849    0.000000    0.000000
    0.037917    0.000000    0.000000
    0.000000    1.482653    1.496783    0.000000   -1.482653   -1.521197
    0.000000   -0.000000    0.024414
    0.000000    1.431976    0.547555    0.000000   -1.521197   -0.596177
    0.000000    0.089221    0.048622
   -0.003427    0.000000    0.000000    0.037917    0.000000    0.000000
   -0.034489    0.000000    0.000000
    0.000000   -0.007770   -0.044610    0.000000   -0.000000    0.089221
    0.000000    0.007770   -0.044610
    0.000000    0.020197   -0.025501    0.000000    0.024414    0.048622
    0.000000   -0.044610   -0.023121
M=    2  N=    7
    0.000000    0.029844   -0.000427    0.000000   -0.003738   -0.003427
    0.000000   -0.026106    0.003854
    0.029844    0.000000    0.000000   -0.003811    0.000000    0.000000
   -0.026033    0.000000    0.000000
   -0.000427    0.000000    0.000000   -0.014677    0.000000    0.000000
    0.015104    0.000000    0.000000
    0.000000   -0.003811   -0.014677    0.000000   -0.006309    0.037917
    0.000000    0.010119   -0.023239
   -0.003738    0.000000    0.000000   -0.006309    0.000000    0.000000
    0.010047    0.000000    0.000000
   -0.003427    0.000000    0.000000    0.037917    0.000000    0.000000
   -0.034489    0.000000    0.000000
    0.000000   -0.026033    0.015104    0.000000    0.010047   -0.034489
    0.000000    0.015986    0.019385
   -0.026106    0.000000    0.000000    0.010119    0.000000    0.000000
    0.015986    0.000000    0.000000
    0.003854    0.000000    0.000000   -0.023239    0.000000    0.000000
    0.019385    0.000000    0.000000
M=    2  N=    8
    0.015986    0.000000    0.000000    0.010119    0.000000    0.000000
   -0.026106    0.000000    0.000000
    0.000000   -0.038815    0.004170    0.000000    0.015726   -0.007770
    0.000000    0.023090    0.003600
    0.000000    0.004170    0.047058    0.000000   -0.000570   -0.044610
    0.000000   -0.003600   -0.002448
    0.010119    0.000000    0.000000   -0.020239    0.000000    0.000000
    0.010119    0.000000    0.000000
    0.000000    0.015726   -0.000570    0.000000   -0.031451   -0.000000
    0.000000    0.015726    0.000570
    0.000000   -0.007770   -0.044610    0.000000   -0.000000    0.089221
    0.000000    0.007770   -0.044610
   -0.026106    0.000000    0.000000    0.010119    0.000000    0.000000
    0.015986    0.000000    0.000000
    0.000000    0.023090   -0.003600    0.000000    0.015726    0.007770
    0.000000   -0.038815   -0.004170
    0.000000    0.003600   -0.002448    0.000000    0.000570   -0.044610
    0.000000   -0.004170    0.047058
M=    2  N=    9
    0.010823    0.000000    0.000000   -0.014677    0.000000    0.000000
    0.003854    0.000000    0.000000
    0.000000    0.001102    0.007833    0.000000   -0.004702    0.020197
    0.000000    0.003600   -0.028029
    0.000000    0.007833    0.013403    0.000000   -0.005385   -0.025501
    0.000000   -0.002448    0.012097
   -0.014677    0.000000    0.000000    0.037917    0.000000    0.000000
   -0.023239    0.000000    0.000000
    0.000000   -0.004702   -0.005385    0.000000    0.004131    0.024414
    0.000000    0.000570   -0.019029
    0.000000    0.020197   -0.025501    0.000000    0.024414    0.048622
    0.000000   -0.044610   -0.023121
    0.003854    0.000000    0.000000   -0.023239    0.000000    0.000000
    0.019385    0.000000    0.000000
    0.000000    0.003600   -0.002448    0.000000    0.000570   -0.044610
    0.000000   -0.004170    0.047058
    0.000000   -0.028029    0.012097    0.000000   -0.019029   -0.023121
    0.000000    0.047058    0.011024
M=    3  N=    1
    0.000000   -0.494017   -0.314927    0.000000    0.513402    0.319197
    0.000000   -0.019385   -0.004270
   -0.494017    0.000000    0.000000    0.494444    0.000000    0.000000
   -0.000427    0.000000    0.000000
   -0.314927    0.000000    0.000000    0.334588    0.000000    0.000000
   -0.019662    0.000000    0.000000
    0.000000    0.494444    0.334588    0.000000   -0.517683   -0.341358
    0.000000    0.023239    0.006769
    0.513402    0.000000    0.000000   -0.517683    0.000000    0.000000
    0.004281    0.000000    0.000000
    0.319197    0.000000    0.000000   -0.341358    0.000000    0.000000
    0.022161    0.000000    0.000000
    0.000000   -0.000427   -0.019662    0.000000    0.004281    0.022161
    0.000000   -0.003854   -0.002499
   -0.019385    0.000000    0.000000    0.023239    0.000000    0.000000
   -0.003854    0.000000    0.000000
   -0.004270    0.000000    0.000000    0.006769    0.000000    0.000000
   -0.002499    0.000000    0.000000
M=    3  N=    2
   -0.494017    0.000000    0.000000    0.494444    0.000000    0.000000
   -0.000427    0.000000    0.000000
    0.000000    1.473781    1.444340    0.000000   -1.477951   -1.452173
    0.000000    0.004170    0.007833
    0.000000    1.444340    0.508651    0.000000   -1.491398   -0.522054
    0.000000    0.047058    0.013403
    0.494444    0.000000    0.000000   -0.479766    0.000000    0.000000
   -0.014677    0.000000    0.000000
    0.000000   -1.477951   -1.491398    0.000000    1.478521    1.496783
    0.000000   -0.000570   -0.005385
    0.000000   -1.452173   -0.522054    0.000000    1.496783    0.547555
    0.000000   -0.044610   -0.025501
   -0.000427    0.000000    0.000000   -0.014677    0.000000    0.000000
    0.015104    0.000000    0.000000
    0.000000    0.004170    0.047058    0.000000   -0.000570   -0.044610
    0.000000   -0.003600   -0.002448
    0.000000    0.007833    0.013403    0.000000   -0.005385   -0.025501
    0.000000   -0.002448    0.012097
M=    3  N=    3
   -0.314927    0.000000    0.000000    0.334588    0.000000    0.000000
   -0.019662    0.000000    0.000000
    0.000000    1.444340    0.508651    0.000000   -1.491398   -0.522054
    0.000000    0.047058    0.013403
    0.000000    0.508651   -0.494934    0.000000   -0.497627    0.508072
    0.000000   -0.011024   -0.013137
    0.334588    0.000000    0.000000   -0.355143    0.000000    0.000000
    0.020554    0.000000    0.000000
    0.000000   -1.491398   -0.497627    0.000000    1.510427    0.498933
    0.000000   -0.019029   -0.001306
    0.000000   -0.522054    0.508072    0.000000    0.498933   -0.513095
    0.000000    0.023121    0.005024
   -0.019662    0.000000    0.000000    0.020554    0.000000    0.000000
   -0.000893    0.000000    0.000000
    0.000000    0.047058   -0.011024    0.000000   -0.019029    0.023121
    0.000000   -0.028029   -0.012097
    0.000000    0.013403   -0.013137    0.000000   -0.001306    0.005024
    0.000000   -0.012097    0.008113
M=    3  N=    4
    0.000000    0.494444    0.334588    0.000000   -0.517683   -0.341358
    0.000000    0.023239    0.006769
    0.494444    0.000000    0.000000   -0.479766    0.000000    0.000000
   -0.014677    0.000000    0.000000
    0.334588    0.000000    0.000000   -0.355143    0.000000    0.000000
    0.020554    0.000000    0.000000
    0.000000   -0.479766   -0.355143    0.000000    0.517683    0.368682
    0.000000   -0.037917   -0.013539
   -0.517683    0.000000    0.000000    0.517683    0.000000    0.000000
    0.000000    0.000000    0.000000
   -0.341358    0.000000    0.000000    0.368682    0.000000    0.000000
   -0.027324    0.000000    0.000000
    0.000000   -0.014677    0.020554    0.000000    0.000000   -0.027324
    0.000000    0.014677    0.006769
    0.023239    0.000000    0.000000   -0.037917    0.000000    0.000000
    0.014677    0.000000    0.000000
    0.006769    0.000000    0.000000   -0.013539    0.000000    0.000000
    0.006769    0.000000    0.000000
M=    3  N=    5
    0.513402    0.000000    0.000000   -0.517683    0.000000    0.000000
    0.004281    0.000000    0.000000
    0.000000   -1.477951   -1.491398    0.000000    1.478521    1.496783
    0.000000   -0.000570   -0.005385
    0.000000   -1.491398   -0.497627    0.000000    1.510427    0.498933
    0.000000   -0.019029   -0.001306
   -0.517683    0.000000    0.000000    0.517683    0.000000    0.000000
    0.000000    0.000000    0.000000
    0.000000    1.478521    1.510427    0.000000   -1.474390   -1.521197
    0.000000   -0.004131    0.010770
    0.000000    1.496783    0.498933    0.000000   -1.521197   -0.498933
    0.000000    0.024414   -0.000000
    0.004281    0.000000    0.000000    0.000000    0.000000    0.000000
   -0.004281    0.000000    0.000000
    0.000000   -0.000570   -0.019029    0.000000   -0.004131    0.024414
    0.000000    0.004702   -0.005385
    0.000000   -0.005385   -0.001306    0.000000    0.010770   -0.000000
    0.000000   -0.005385    0.001306
M=    3  N=    6
    0.319197    0.000000    0.000000   -0.341358    0.000000    0.000000
    0.022161    0.000000    0.000000
    0.000000   -1.452173   -0.522054    0.000000    1.496783    0.547555
    0.000000   -0.044610   -0.025501
    0.000000   -0.522054    0.508072    0.000000    0.498933   -0.513095
    0.000000    0.023121    0.005024
   -0.341358    0.000000    0.000000    0.368682    0.000000    0.000000
   -0.027324    0.000000    0.000000
    0.000000    1.496783    0.498933    0.000000   -1.521197   -0.498933
    0.000000    0.024414   -0.000000
    0.000000    0.547555   -0.513095    0.000000   -0.498933    0.523143
    0.000000   -0.048622   -0.010048
    0.022161    0.000000    0.000000   -0.027324    0.000000    0.000000
    0.005163    0.000000    0.000000
    0.000000   -0.044610    0.023121    0.000000    0.024414   -0.048622
    0.000000    0.020197    0.025501
    0.000000   -0.025501    0.005024    0.000000   -0.000000   -0.010048
    0.000000    0.025501    0.005024
M=    3  N=    7
    0.000000   -0.000427   -0.019662    0.000000    0.004281    0.022161
    0.000000   -0.003854   -0.002499
   -0.000427    0.000000    0.000000   -0.014677    0.000000    0.000000
    0.015104    0.000000    0.000000
   -0.019662    0.000000    0.000000    0.020554    0.000000    0.000000
   -0.000893    0.000000    0.000000
    0.000000   -0.014677    0.020554    0.000000    0.000000   -0.027324
    0.000000    0.014677    0.006769
    0.004281    0.000000    0.000000    0.000000    0.000000    0.000000
   -0.004281    0.000000    0.000000
    0.022161    0.000000    0.000000   -0.027324    0.000000    0.000000
    0.005163    0.000000    0.000000
    0.000000    0.015104   -0.000893    0.000000   -0.004281    0.005163
    0.000000   -0.010823   -0.004270
   -0.003854    0.000000    0.000000    0.014677    0.000000    0.000000
   -0.010823    0.000000    0.000000
   -0.002499    0.000000    0.000000    0.006769    0.000000    0.000000
   -0.004270    0.000000    0.000000
M=    3  N=    8
   -0.019385    0.000000    0.000000    0.023239    0.000000    0.000000
   -0.003854    0.000000    0.000000
    0.000000    0.004170    0.047058    0.000000   -0.000570   -0.044610
    0.000000   -0.003600   -0.002448
    0.000000    0.047058   -0.011024    0.000000   -0.019029    0.023121
    0.000000   -0.028029   -0.012097
    0.023239    0.000000    0.000000   -0.037917    0.000000    0.000000
    0.014677    0.000000    0.000000
    0.000000   -0.000570   -0.019029    0.000000   -0.004131    0.024414
    0.000000    0.004702   -0.005385
    0.000000   -0.044610    0.023121    0.000000    0.024414   -0.048622
    0.000000    0.020197    0.025501
   -0.003854    0.000000    0.000000    0.014677    0.000000    0.000000
   -0.010823    0.000000    0.000000
    0.000000   -0.003600   -0.028029    0.000000    0.004702    0.020197
    0.000000   -0.001102    0.007833
    0.000000   -0.002448   -0.012097    0.000000   -0.005385    0.025501
    0.000000    0.007833   -0.013403
M=    3  N=    9
   -0.004270    0.000000    0.000000    0.006769    0.000000    0.000000
   -0.002499    0.000000    0.000000
    0.000000    0.007833    0.013403    0.000000   -0.005385   -0.025501
    0.000000   -0.002448    0.012097
    0.000000    0.013403   -0.013137    0.000000   -0.001306    0.005024
    0.000000   -0.012097    0.008113
    0.006769    0.000000    0.000000   -0.013539    0.000000    0.000000
    0.006769    0.000000    0.000000
    0.000000   -0.005385   -0.001306    0.000000    0.010770   -0.000000
    0.000000   -0.005385    0.001306
    0.000000   -0.025501    0.005024    0.000000   -0.000000   -0.010048
    0.000000    0.025501    0.005024
   -0.002499    0.000000    0.000000    0.006769    0.000000    0.000000
   -0.004270    0.000000    0.000000
    0.000000   -0.002448   -0.012097    0.000000   -0.005385    0.025501
    0.000000    0.007833   -0.013403
    0.000000    0.012097    0.008113    0.000000    0.001306    0.005024
    0.000000   -0.013403   -0.013137
M=    4  N=    1
   -0.304419    0.000000    0.000000    0.317668    0.000000    0.000000
   -0.013248    0.000000    0.000000
    0.000000    0.506508    0.494444    0.000000   -0.516628   -0.479766
    0.000000    0.010119   -0.014677
    0.000000    0.494444    0.334588    0.000000   -0.517683   -0.341358
    0.000000    0.023239    0.006769
    0.317668    0.000000    0.000000   -0.344164    0.000000    0.000000
    0.026497    0.000000    0.000000
    0.000000   -0.516628   -0.517683    0.000000    0.522936    0.517683
    0.000000   -0.006309    0.000000
    0.000000   -0.479766   -0.341358    0.000000    0.517683    0.368682
    0.000000   -0.037917   -0.027324
   -0.013248    0.000000    0.000000    0.026497    0.000000    0.000000
   -0.013248    0.000000    0.000000
    0.000000    0.010119    0.023239    0.000000   -0.006309   -0.037917
    0.000000   -0.003811    0.014677
    0.000000   -0.014677    0.006769    0.000000    0.000000   -0.027324
    0.000000    0.014677    0.020554
M=    4  N=    2
    0.000000    0.506508    0.494444    0.000000   -0.516628   -0.479766
    0.000000    0.010119   -0.014677
    0.506508    0.000000    0.000000   -0.502698    0.000000    0.000000
   -0.003811    0.000000    0.000000
    0.494444    0.000000    0.000000   -0.479766    0.000000    0.000000
   -0.014677    0.000000    0.000000
    0.000000   -0.502698   -0.479766    0.000000    0.522936    0.441849
    0.000000   -0.020239    0.037917
   -0.516628    0.000000    0.000000    0.522936    0.000000    0.000000
   -0.006309    0.000000    0.000000
   -0.479766    0.000000    0.000000    0.441849    0.000000    0.000000
    0.037917    0.000000    0.000000
    0.000000   -0.003811   -0.014677    0.000000   -0.006309    0.037917
    0.000000    0.010119   -0.023239
    0.010119    0.000000    0.000000   -0.020239    0.000000    0.000000
    0.010119    0.000000    0.000000
   -0.014677    0.000000    0.000000    0.037917    0.000000    0.000000
   -0.023239    0.000000    0.000000
M=    4  N=    3
    0.000000    0.494444    0.334588    0.000000   -0.517683   -0.341358
    0.000000    0.023239    0.006769
    0.494444    0.000000    0.000000   -0.479766    0.000000    0.000000
   -0.014677    0.000000    0.000000
    0.334588    0.000000    0.000000   -0.355143    0.000000    0.000000
    0.020554    0.000000    0.000000
    0.000000   -0.479766   -0.355143    0.000000    0.517683    0.368682
    0.000000   -0.037917   -0.013539
   -0.517683    0.000000    0.000000    0.517683    0.000000    0.000000
    0.000000    0.000000    0.000000
   -0.341358    0.000000    0.000000    0.368682    0.000000    0.000000
   -0.027324    0.000000    0.000000
    0.000000   -0.014677    0.020554    0.000000    0.000000   -0.027324
    0.000000    0.014677    0.006769
    0.023239    0.000000    0.000000   -0.037917    0.000000    0.000000
    0.014677    0.000000    0.000000
    0.006769    0.000000    0.000000   -0.013539    0.000000    0.000000
    0.006769    0.000000    0.000000
M=    4  N=    4
    0.317668    0.000000    0.000000   -0.344164    0.000000    0.000000
    0.026497    0.000000    0.000000
    0.000000   -0.502698   -0.479766    0.000000    0.522936    0.441849
    0.000000   -0.020239    0.037917
    0.000000   -0.479766   -0.355143    0.000000    0.517683    0.368682
    0.000000   -0.037917   -0.013539
   -0.344164    0.000000    0.000000    0.688329    0.000000    0.000000
   -0.344164    0.000000    0.000000
    0.000000    0.522936    0.517683    0.000000   -1.045873    0.000000
    0.000000    0.522936   -0.517683
    0.000000    0.441849    0.368682    0.000000    0.000000   -0.737363
    0.000000   -0.441849    0.368682
    0.026497    0.000000    0.000000   -0.344164    0.000000    0.000000
    0.317668    0.000000    0.000000
    0.000000   -0.020239   -0.037917    0.000000    0.522936   -0.441849
    0.000000   -0.502698    0.479766
    0.000000    0.037917   -0.013539    0.000000   -0.517683    0.368682
    0.000000    0.479766   -0.355143
M=    4  N=    5
    0.000000   -0.516628   -0.517683    0.000000    0.522936    0.517683
    0.000000   -0.006309    0.000000
   -0.516628    0.000000    0.000000    0.522936    0.000000    0.000000
   -0.006309    0.000000    0.000000
   -0.517683    0.000000    0.000000    0.517683    0.000000    0.000000
    0.000000    0.000000    0.000000
    0.000000    0.522936    0.517683    0.000000   -1.045873    0.000000
    0.000000    0.522936   -0.517683
    0.522936    0.000000    0.000000   -1.045873    0.000000    0.000000
    0.522936    0.000000    0.000000
    0.517683    0.000000    0.000000    0.000000    0.000000    0.000000
   -0.517683    0.000000    0.000000
    0.000000   -0.006309    0.000000    0.000000    0.522936   -0.517683
    0.000000   -0.516628    0.517683
   -0.006309    0.000000    0.000000    0.522936    0.000000    0.000000
   -0.516628    0.000000    0.000000
    0.000000    0.000000    0.000000   -0.517683    0.000000    0.000000
    0.517683    0.000000    0.000000
M=    4  N=    6
    0.000000   -0.479766   -0.341358    0.000000    0.517683    0.368682
    0.000000   -0.037917   -0.027324
   -0.479766    0.000000    0.000000    0.441849    0.000000    0.000000
    0.037917    0.000000    0.000000
   -0.341358    0.000000    0.000000    0.368682    0.000000    0.000000
   -0.027324    0.000000    0.000000
    0.000000    0.441849    0.368682    0.000000    0.000000   -0.737363
    0.000000   -0.441849    0.368682
    0.517683    0.000000    0.000000    0.000000    0.000000    0.000000
   -0.517683    0.000000    0.000000
    0.368682    0.000000    0.000000   -0.737363    0.000000    0.000000
    0.368682    0.000000    0.000000
    0.000000    0.037917   -0.027324    0.000000   -0.517683    0.368682
    0.000000    0.479766   -0.341358
   -0.037917    0.000000    0.000000   -0.441849    0.000000    0.000000
    0.479766    0.000000    0.000000
   -0.027324    0.000000    0.000000    0.368682    0.000000    0.000000
   -0.341358    0.000000    0.000000
M=    4  N=    7
   -0.013248    0.000000    0.000000    0.026497    0.000000    0.000000
   -0.013248    0.000000    0.000000
    0.000000   -0.003811   -0.014677    0.000000   -0.006309    0.037917
    0.000000    0.010119   -0.023239
    0.000000   -0.014677    0.020554    0.000000    0.000000   -0.027324
    0.000000    0.014677    0.006769
    0.026497    0.000000    0.000000   -0.344164    0.000000    0.000000
    0.317668    0.000000    0.000000
    0.000000   -0.006309    0.000000    0.000000    0.522936   -0.517683
    0.000000   -0.516628    0.517683
    0.000000    0.037917   -0.027324    0.000000   -0.517683    0.368682
    0.000000    0.479766   -0.341358
   -0.013248    0.000000    0.000000    0.317668    0.000000    0.000000
   -0.304419    0.000000    0.000000
    0.000000    0.010119    0.014677    0.000000   -0.516628    0.479766
    0.000000    0.506508   -0.494444
    0.000000   -0.023239    0.006769    0.000000    0.517683   -0.341358
    0.000000   -0.494444    0.334588
M=    4  N=    8
    0.000000    0.010119    0.023239    0.000000   -0.006309   -0.037917
    0.000000   -0.003811    0.014677
    0.010119    0.000000    0.000000   -0.020239    0.000000    0.000000
    0.010119    0.000000    0.000000
    0.023239    0.000000    0.000000   -0.037917    0.000000    0.000000
    0.014677    0.000000    0.000000
    0.000000   -0.020239   -0.037917    0.000000    0.522936   -0.441849
    0.000000   -0.502698    0.479766
   -0.006309    0.000000    0.000000    0.522936    0.000000    0.000000
   -0.516628    0.000000    0.000000
   -0.037917    0.000000    0.000000   -0.441849    0.000000    0.000000
    0.479766    0.000000    0.000000
    0.000000    0.010119    0.014677    0.000000   -0.516628    0.479766
    0.000000    0.506508   -0.494444
   -0.003811    0.000000    0.000000   -0.502698    0.000000    0.000000
    0.506508    0.000000    0.000000
    0.014677    0.000000    0.000000    0.479766    0.000000    0.000000
   -0.494444    0.000000    0.000000
M=    4  N=    9
    0.000000   -0.014677    0.006769    0.000000    0.000000   -0.027324
    0.000000    0.014677    0.020554
   -0.014677    0.000000    0.000000    0.037917    0.000000    0.000000
   -0.023239    0.000000    0.000000
    0.006769    0.000000    0.000000   -0.013539    0.000000    0.000000
    0.006769    0.000000    0.000000
    0.000000    0.037917   -0.013539    0.000000   -0.517683    0.368682
    0.000000    0.479766   -0.355143
    0.000000    0.000000    0.000000   -0.517683    0.000000    0.000000
    0.517683    0.000000    0.000000
   -0.027324    0.000000    0.000000    0.368682    0.000000    0.000000
   -0.341358    0.000000    0.000000
    0.000000   -0.023239    0.006769    0.000000    0.517683   -0.341358
    0.000000   -0.494444    0.334588
    0.014677    0.000000    0.000000    0.479766    0.000000    0.000000
   -0.494444    0.000000    0.000000
    0.020554    0.000000    0.000000   -0.355143    0.000000    0.000000
    0.334588    0.000000    0.000000
M=    5  N=    1
    0.000000    0.520366    0.513402    0.000000   -0.530413   -0.517683
    0.000000    0.010047    0.004281
    0.520366    0.000000    0.000000   -0.516628    0.000000    0.000000
   -0.003738    0.000000    0.000000
    0.513402    0.000000    0.000000   -0.517683    0.000000    0.000000
    0.004281    0.000000    0.000000
    0.000000   -0.516628   -0.517683    0.000000    0.522936    0.517683
    0.000000   -0.006309    0.000000
   -0.530413    0.000000    0.000000    0.522936    0.000000    0.000000
    0.007476    0.000000    0.000000
   -0.517683    0.000000    0.000000    0.517683    0.000000    0.000000
    0.000000    0.000000    0.000000
    0.000000   -0.003738    0.004281    0.000000    0.007476    0.000000
    0.000000   -0.003738   -0.004281
    0.010047    0.000000    0.000000   -0.006309    0.000000    0.000000
   -0.003738    0.000000    0.000000
    0.004281    0.000000    0.000000    0.000000    0.000000    0.000000
   -0.004281    0.000000    0.000000
M=    5  N=    2
    0.520366    0.000000    0.000000   -0.516628    0.000000    0.000000
   -0.003738    0.000000    0.000000
    0.000000   -0.294453   -1.477951    0.000000    0.278728    1.482653
    0.000000    0.015726   -0.004702
    0.000000   -1.477951   -1.491398    0.000000    1.478521    1.496783
    0.000000   -0.000570   -0.005385
   -0.516628    0.000000    0.000000    0.522936    0.000000    0.000000
   -0.006309    0.000000    0.000000
    0.000000    0.278728    1.478521    0.000000   -0.247277   -1.482653
    0.000000   -0.031451    0.004131
    0.000000    1.482653    1.496783    0.000000   -1.482653   -1.521197
    0.000000   -0.000000    0.024414
   -0.003738    0.000000    0.000000   -0.006309    0.000000    0.000000
    0.010047    0.000000    0.000000
    0.000000    0.015726   -0.000570    0.000000   -0.031451   -0.000000
    0.000000    0.015726    0.000570
    0.000000   -0.004702   -0.005385    0.000000    0.004131    0.024414
    0.000000    0.000570   -0.019029
M=    5  N=    3
    0.513402    0.000000    0.000000   -0.517683    0.000000    0.000000
    0.004281    0.000000    0.000000
    0.000000   -1.477951   -1.491398    0.000000    1.478521    1.496783
    0.000000   -0.000570   -0.005385
    0.000000   -1.491398   -0.497627    0.000000    1.510427    0.498933
    0.000000   -0.019029   -0.001306
   -0.517683    0.000000    0.000000    0.517683    0.000000    0.000000
    0.000000    0.000000    0.000000
    0.000000    1.478521    1.510427    0.000000   -1.474390   -1.521197
    0.000000   -0.004131    0.010770
    0.000000    1.496783    0.498933    0.000000   -1.521197   -0.498933
    0.000000    0.024414   -0.000000
    0.004281    0.000000    0.000000    0.000000    0.000000    0.000000
   -0.004281    0.000000    0.000000
    0.000000   -0.000570   -0.019029    0.000000   -0.004131    0.024414
    0.000000    0.004702   -0.005385
    0.000000   -0.005385   -0.001306    0.000000    0.010770   -0.000000
    0.000000   -0.005385    0.001306
M=    5  N=    4
    0.000000   -0.516628   -0.517683    0.000000    0.522936    0.517683
    0.000000   -0.006309    0.000000
   -0.516628    0.000000    0.000000    0.522936    0.000000    0.000000
   -0.006309    0.000000    0.000000
   -0.517683    0.000000    0.000000    0.517683    0.000000    0.000000
    0.000000    0.000000    0.000000
    0.000000    0.522936    0.517683    0.000000   -1.045873    0.000000
    0.000000    0.522936   -0.517683
    0.522936    0.000000    0.000000   -1.045873    0.000000    0.000000
    0.522936    0.000000    0.000000
    0.517683    0.000000    0.000000    0.000000    0.000000    0.000000
   -0.517683    0.000000    0.000000
    0.000000   -0.006309    0.000000    0.000000    0.522936   -0.517683
    0.000000   -0.516628    0.517683
   -0.006309    0.000000    0.000000    0.522936    0.000000    0.000000
   -0.516628    0.000000    0.000000
    0.000000    0.000000    0.000000   -0.517683    0.000000    0.000000
    0.517683    0.000000    0.000000
M=    5  N=    5
   -0.530413    0.000000    0.000000    0.522936    0.000000    0.000000
    0.007476    0.000000    0.000000
    0.000000    0.278728    1.478521    0.000000   -0.247277   -1.482653
    0.000000   -0.031451    0.004131
    0.000000    1.478521    1.510427    0.000000   -1.474390   -1.521197
    0.000000   -0.004131    0.010770
    0.522936    0.000000    0.000000   -1.045873    0.000000    0.000000
    0.522936    0.000000    0.000000
    0.000000   -0.247277   -1.474390    0.000000    0.494553    0.000000
    0.000000   -0.247277    1.474390
    0.000000   -1.482653   -1.521197    0.000000    0.000000    3.042394
    0.000000    1.482653   -1.521197
    0.007476    0.000000    0.000000    0.522936    0.000000    0.000000
   -0.530413    0.000000    0.000000
    0.000000   -0.031451   -0.004131    0.000000   -0.247277    1.482653
    0.000000    0.278728   -1.478521
    0.000000    0.004131    0.010770    0.000000    1.474390   -1.521197
    0.000000   -1.478521    1.510427
M=    5  N=    6
   -0.517683    0.000000    0.000000    0.517683    0.000000    0.000000
    0.000000    0.000000    0.000000
    0.000000    1.482653    1.496783    0.000000   -1.482653   -1.521197
    0.000000   -0.000000    0.024414
    0.000000    1.496783    0.498933    0.000000   -1.521197   -0.498933
    0.000000    0.024414   -0.000000
    0.517683    0.000000    0.000000    0.000000    0.000000    0.000000
   -0.517683    0.000000    0.000000
    0.000000   -1.482653   -1.521197    0.000000    0.000000    3.042394
    0.000000    1.482653   -1.521197
    0.000000   -1.521197   -0.498933    0.000000    3.042394    0.000000
    0.000000   -1.521197    0.498933
    0.000000    0.000000    0.000000   -0.517683    0.000000    0.000000
    0.517683    0.000000    0.000000
    0.000000   -0.000000    0.024414    0.000000    1.482653   -1.521197
    0.000000   -1.482653    1.496783
    0.000000    0.024414   -0.000000    0.000000   -1.521197    0.498933
    0.000000    1.496783   -0.498933
M=    5  N=    7
    0.000000   -0.003738    0.004281    0.000000    0.007476    0.000000
    0.000000   -0.003738   -0.004281
   -0.003738    0.000000    0.000000   -0.006309    0.000000    0.000000
    0.010047    0.000000    0.000000
    0.004281    0.000000    0.000000    0.000000    0.000000    0.000000
   -0.004281    0.000000    0.000000
    0.000000   -0.006309    0.000000    0.000000    0.522936   -0.517683
    0.000000   -0.516628    0.517683
    0.007476    0.000000    0.000000    0.522936    0.000000    0.000000
   -0.530413    0.000000    0.000000
    0.000000    0.000000    0.000000   -0.517683    0.000000    0.000000
    0.517683    0.000000    0.000000
    0.000000    0.010047   -0.004281    0.000000   -0.530413    0.517683
    0.000000    0.520366   -0.513402
   -0.003738    0.000000    0.000000   -0.516628    0.000000    0.000000
    0.520366    0.000000    0.000000
   -0.004281    0.000000    0.000000    0.517683    0.000000    0.000000
   -0.513402    0.000000    0.000000
M=    5  N=    8
    0.010047    0.000000    0.000000   -0.006309    0.000000    0.000000
   -0.003738    0.000000    0.000000
    0.000000    0.015726   -0.000570    0.000000   -0.031451   -0.000000
    0.000000    0.015726    0.000570
    0.000000   -0.000570   -0.019029    0.000000   -0.004131    0.024414
    0.000000    0.004702   -0.005385
   -0.006309    0.000000    0.000000    0.522936    0.000000    0.000000
   -0.516628    0.000000    0.000000
    0.000000   -0.031451   -0.004131    0.000000   -0.247277    1.482653
    0.000000    0.278728   -1.478521
    0.000000   -0.000000    0.024414    0.000000    1.482653   -1.521197
    0.000000   -1.482653    1.496783
   -0.003738    0.000000    0.000000   -0.516628    0.000000    0.000000
    0.520366    0.000000    0.000000
    0.000000    0.015726    0.004702    0.000000    0.278728   -1.482653
    0.000000   -0.294453    1.477951
    0.000000    0.000570   -0.005385    0.000000   -1.478521    1.496783
    0.000000    1.477951   -1.491398
M=    5  N=    9
    0.004281    0.000000    0.000000    0.000000    0.000000    0.000000
   -0.004281    0.000000    0.000000
    0.000000   -0.004702   -0.005385    0.000000    0.004131    0.024414
    0.000000    0.000570   -0.019029
    0.000000   -0.005385   -0.001306    0.000000    0.010770   -0.000000
    0.000000   -0.005385    0.001306
    0.000000    0.000000    0.000000   -0.517683    0.000000    0.000000
    0.517683    0.000000    0.000000
    0.000000    0.004131    0.010770    0.000000    1.474390   -1.521197
    0.000000   -1.478521    1.510427
    0.000000    0.024414   -0.000000    0.000000   -1.521197    0.498933
    0.000000    1.496783   -0.498933
   -0.004281    0.000000    0.000000    0.517683    0.000000    0.000000
   -0.513402    0.000000    0.000000
    0.000000    0.000570   -0.005385    0.000000   -1.478521    1.496783
    0.000000    1.477951   -1.491398
    0.000000   -0.019029    0.001306    0.000000    1.510427   -0.498933
    0.000000   -1.491398    0.497627
M=    6  N=    1
    0.000000    0.483193    0.319197    0.000000   -0.517683   -0.324360
    0.000000    0.034489    0.005163
    0.483193    0.000000    0.000000   -0.479766    0.000000    0.000000
   -0.003427    0.000000    0.000000
    0.319197    0.000000    0.000000   -0.341358    0.000000    0.000000
    0.022161    0.000000    0.000000
    0.000000   -0.479766   -0.341358    0.000000    0.517683    0.368682
    0.000000   -0.037917   -0.027324
   -0.517683    0.000000    0.000000    0.517683    0.000000    0.000000
    0.000000    0.000000    0.000000
   -0.324360    0.000000    0.000000    0.368682    0.000000    0.000000
   -0.044321    0.000000    0.000000
    0.000000   -0.003427    0.022161    0.000000    0.000000   -0.044321
    0.000000    0.003427    0.022161
    0.034489    0.000000    0.000000   -0.037917    0.000000    0.000000
    0.003427    0.000000    0.000000
    0.005163    0.000000    0.000000   -0.027324    0.000000    0.000000
    0.022161    0.000000    0.000000
M=    6  N=    2
    0.483193    0.000000    0.000000   -0.479766    0.000000    0.000000
   -0.003427    0.000000    0.000000
    0.000000   -1.474883   -1.452173    0.000000    1.482653    1.431976
    0.000000   -0.007770    0.020197
    0.000000   -1.452173   -0.522054    0.000000    1.496783    0.547555
    0.000000   -0.044610   -0.025501
   -0.479766    0.000000    0.000000    0.441849    0.000000    0.000000
    0.037917    0.000000    0.000000
    0.000000    1.482653    1.496783    0.000000   -1.482653   -1.521197
    0.000000   -0.000000    0.024414
    0.000000    1.431976    0.547555    0.000000   -1.521197   -0.596177
    0.000000    0.089221    0.048622
   -0.003427    0.000000    0.000000    0.037917    0.000000    0.000000
   -0.034489    0.000000    0.000000
    0.000000   -0.007770   -0.044610    0.000000   -0.000000    0.089221
    0.000000    0.007770   -0.044610
    0.000000    0.020197   -0.025501    0.000000    0.024414    0.048622
    0.000000   -0.044610   -0.023121
M=    6  N=    3
    0.319197    0.000000    0.000000   -0.341358    0.000000    0.000000
    0.022161    0.000000    0.000000
    0.000000   -1.452173   -0.522054    0.000000    1.496783    0.547555
    0.000000   -0.044610   -0.025501
    0.000000   -0.522054    0.508072    0.000000    0.498933   -0.513095
    0.000000    0.023121    0.005024
   -0.341358    0.000000    0.000000    0.368682    0.000000    0.000000
   -0.027324    0.000000    0.000000
    0.000000    1.496783    0.498933    0.000000   -1.521197   -0.498933
    0.000000    0.024414   -0.000000
    0.000000    0.547555   -0.513095    0.000000   -0.498933    0.523143
    0.000000   -0.048622   -0.010048
    0.022161    0.000000    0.000000   -0.027324    0.000000    0.000000
    0.005163    0.000000    0.000000
    0.000000   -0.044610    0.023121    0.000000    0.024414   -0.048622
    0.000000    0.020197    0.025501
    0.000000   -0.025501    0.005024    0.000000   -0.000000   -0.010048
    0.000000    0.025501    0.005024
M=    6  N=    4
    0.000000   -0.479766   -0.341358    0.000000    0.517683    0.368682
    0.000000   -0.037917   -0.027324
   -0.479766    0.000000    0.000000    0.441849    0.000000    0.000000
    0.037917    0.000000    0.000000
   -0.341358    0.000000    0.000000    0.368682    0.000000    0.000000
   -0.027324    0.000000    0.000000
    0.000000    0.441849    0.368682    0.000000    0.000000   -0.737363
    0.000000   -0.441849    0.368682
    0.517683    0.000000    0.000000    0.000000    0.000000    0.000000
   -0.517683    0.000000    0.000000
    0.368682    0.000000    0.000000   -0.737363    0.000000    0.000000
    0.368682    0.000000    0.000000
    0.000000    0.037917   -0.027324    0.000000   -0.517683    0.368682
    0.000000    0.479766   -0.341358
   -0.037917    0.000000    0.000000   -0.441849    0.000000    0.000000
    0.479766    0.000000    0.000000
   -0.027324    0.000000    0.000000    0.368682    0.000000    0.000000
   -0.341358    0.000000    0.000000
M=    6  N=    5
   -0.517683    0.000000    0.000000    0.517683    0.000000    0.000000
    0.000000    0.000000    0.000000
    0.000000    1.482653    1.496783    0.000000   -1.482653   -1.521197
    0.000000   -0.000000    0.024414
    0.000000    1.496783    0.498933    0.000000   -1.521197   -0.498933
    0.000000    0.024414   -0.000000
    0.517683    0.000000    0.000000    0.000000    0.000000    0.000000
   -0.517683    0.000000    0.000000
    0.000000   -1.482653   -1.521197    0.000000    0.000000    3.042394
    0.000000    1.482653   -1.521197
    0.000000   -1.521197   -0.498933    0.000000    3.042394    0.000000
    0.000000   -1.521197    0.498933
    0.000000    0.000000    0.000000   -0.517683    0.000000    0.000000
    0.517683    0.000000    0.000000
    0.000000   -0.000000    0.024414    0.000000    1.482653   -1.521197
    0.000000   -1.482653    1.496783
    0.000000    0.024414   -0.000000    0.000000   -1.521197    0.498933
    0.000000    1.496783   -0.498933
M=    6  N=    6
   -0.324360    0.000000    0.000000    0.368682    0.000000    0.000000
   -0.044321    0.000000    0.000000
    0.000000    1.431976    0.547555    0.000000   -1.521197   -0.596177
    0.000000    0.089221    0.048622
    0.000000    0.547555   -0.513095    0.000000   -0.498933    0.523143
    0.000000   -0.048622   -0.010048
    0.368682    0.000000    0.000000   -0.737363    0.000000    0.000000
    0.368682    0.000000    0.000000
    0.000000   -1.521197   -0.498933    0.000000    3.042394    0.000000
    0.000000   -1.521197    0.498933
    0.000000   -0.596177    0.523143    0.000000    0.000000   -1.046287
    0.000000    0.596177    0.523143
   -0.044321    0.000000    0.000000    0.368682    0.000000    0.000000
   -0.324360    0.000000    0.000000
    0.000000    0.089221   -0.048622    0.000000   -1.521197    0.596177
    0.000000    1.431976   -0.547555
    0.000000    0.048622   -0.010048    0.000000    0.498933    0.523143
    0.000000   -0.547555   -0.513095
M=    6  N=    7
    0.000000   -0.003427    0.022161    0.000000    0.000000   -0.044321
    0.000000    0.003427    0.022161
   -0.003427    0.000000    0.000000    0.037917    0.000000    0.000000
   -0.034489    0.000000    0.000000
    0.022161    0.000000    0.000000   -0.027324    0.000000    0.000000
    0.005163    0.000000    0.000000
    0.000000    0.037917   -0.027324    0.000000   -0.517683    0.368682
    0.000000    0.479766   -0.341358
    0.000000    0.000000    0.000000   -0.517683    0.000000    0.000000
    0.517683    0.000000    0.000000
   -0.044321    0.000000    0.000000    0.368682    0.000000    0.000000
   -0.324360    0.000000    0.000000
    0.000000   -0.034489    0.005163    0.000000    0.517683   -0.324360
    0.000000   -0.483193    0.319197
    0.003427    0.000000    0.000000    0.479766    0.000000    0.000000
   -0.483193    0.000000    0.000000
    0.022161    0.000000    0.000000   -0.341358    0.000000    0.000000
    0.319197    0.000000    0.000000
M=    6  N=    8
    0.034489    0.000000    0.000000   -0.037917    0.000000    0.000000
    0.003427    0.000000    0.000000
    0.000000   -0.007770   -0.044610    0.000000   -0.000000    0.089221
    0.000000    0.007770   -0.044610
    0.000000   -0.044610    0.023121    0.000000    0.024414   -0.048622
    0.000000    0.020197    0.025501
   -0.037917    0.000000    0.000000   -0.441849    0.000000    0.000000
    0.479766    0.000000    0.000000
    0.000000   -0.000000    0.024414    0.000000    1.482653   -1.521197
    0.000000   -1.482653    1.496783
    0.000000    0.089221   -0.048622    0.000000   -1.521197    0.596177
    0.000000    1.431976   -0.547555
    0.003427    0.000000    0.000000    0.479766    0.000000    0.000000
   -0.483193    0.000000    0.000000
    0.000000    0.007770    0.020197    0.000000   -1.482653    1.431976
    0.000000    1.474883   -1.452173
    0.000000   -0.044610    0.025501    0.000000    1.496783   -0.547555
    0.000000   -1.452173    0.522054
M=    6  N=    9
    0.005163    0.000000    0.000000   -0.027324    0.000000    0.000000
    0.022161    0.000000    0.000000
    0.000000    0.020197   -0.025501    0.000000    0.024414    0.048622
    0.000000   -0.044610   -0.023121
    0.000000   -0.025501    0.005024    0.000000   -0.000000   -0.010048
    0.000000    0.025501    0.005024
   -0.027324    0.000000    0.000000    0.368682    0.000000    0.000000
   -0.341358    0.000000    0.000000
    0.000000    0.024414   -0.000000    0.000000   -1.521197    0.498933
    0.000000    1.496783   -0.498933
    0.000000    0.048622   -0.010048    0.000000    0.498933    0.523143
    0.000000   -0.547555   -0.513095
    0.022161    0.000000    0.000000   -0.341358    0.000000    0.000000
    0.319197    0.000000    0.000000
    0.000000   -0.044610    0.025501    0.000000    1.496783   -0.547555
    0.000000   -1.452173    0.522054
    0.000000   -0.023121    0.005024    0.000000   -0.498933   -0.513095
    0.000000    0.522054    0.508072
M=    7  N=    1
   -0.007014    0.000000    0.000000   -0.013248    0.000000    0.000000
    0.020262    0.000000    0.000000
    0.000000    0.029844   -0.000427    0.000000   -0.003738   -0.003427
    0.000000   -0.026106    0.003854
    0.000000   -0.000427   -0.019662    0.000000    0.004281    0.022161
    0.000000   -0.003854   -0.002499
   -0.013248    0.000000    0.000000    0.026497    0.000000    0.000000
   -0.013248    0.000000    0.000000
    0.000000   -0.003738    0.004281    0.000000    0.007476    0.000000
    0.000000   -0.003738   -0.004281
    0.000000   -0.003427    0.022161    0.000000    0.000000   -0.044321
    0.000000    0.003427    0.022161
    0.020262    0.000000    0.000000   -0.013248    0.000000    0.000000
   -0.007014    0.000000    0.000000
    0.000000   -0.026106   -0.003854    0.000000   -0.003738    0.003427
    0.000000    0.029844    0.000427
    0.000000    0.003854   -0.002499    0.000000   -0.004281    0.022161
    0.000000    0.000427   -0.019662
M=    7  N=    2
    0.000000    0.029844   -0.000427    0.000000   -0.003738   -0.003427
    0.000000   -0.026106    0.003854
    0.029844    0.000000    0.000000   -0.003811    0.000000    0.000000
   -0.026033    0.000000    0.000000
   -0.000427    0.000000    0.000000   -0.014677    0.000000    0.000000
    0.015104    0.000000    0.000000
    0.000000   -0.003811   -0.014677    0.000000   -0.006309    0.037917
    0.000000    0.010119   -0.023239
   -0.003738    0.000000    0.000000   -0.006309    0.000000    0.000000
    0.010047    0.000000    0.000000
   -0.003427    0.000000    0.000000    0.037917    0.000000    0.000000
   -0.034489    0.000000    0.000000
    0.000000   -0.026033    0.015104    0.000000    0.010047   -0.034489
    0.000000    0.015986    0.019385
   -0.026106    0.000000    0.000000    0.010119    0.000000    0.000000
    0.015986    0.000000    0.000000
    0.003854    0.000000    0.000000   -0.023239    0.000000    0.000000
    0.019385    0.000000    0.000000
M=    7  N=    3
    0.000000   -0.000427   -0.019662    0.000000    0.004281    0.022161
    0.000000   -0.003854   -0.002499
   -0.000427    0.000000    0.000000   -0.014677    0.000000    0.000000
    0.015104    0.000000    0.000000
   -0.019662    0.000000    0.000000    0.020554    0.000000    0.000000
   -0.000893    0.000000    0.000000
    0.000000   -0.014677    0.020554    0.000000    0.000000   -0.027324
    0.000000    0.014677    0.006769
    0.004281    0.000000    0.000000    0.000000    0.000000    0.000000
   -0.004281    0.000000    0.000000
    0.022161    0.000000    0.000000   -0.027324    0.000000    0.000000
    0.005163    0.000000    0.000000
    0.000000    0.015104   -0.000893    0.000000   -0.004281    0.005163
    0.000000   -0.010823   -0.004270
   -0.003854    0.000000    0.000000    0.014677    0.000000    0.000000
   -0.010823    0.000000    0.000000
   -0.002499    0.000000    0.000000    0.006769    0.000000    0.000000
   -0.004270    0.000000    0.000000
M=    7  N=    4
   -0.013248    0.000000    0.000000    0.026497    0.000000    0.000000
   -0.013248    0.000000    0.000000
    0.000000   -0.003811   -0.014677    0.000000   -0.006309    0.037917
    0.000000    0.010119   -0.023239
    0.000000   -0.014677    0.020554    0.000000    0.000000   -0.027324
    0.000000    0.014677    0.006769
    0.026497    0.000000    0.000000   -0.344164    0.000000    0.000000
    0.317668    0.000000    0.000000
    0.000000   -0.006309    0.000000    0.000000    0.522936   -0.517683
    0.000000   -0.516628    0.517683
    0.000000    0.037917   -0.027324    0.000000   -0.517683    0.368682
    0.000000    0.479766   -0.341358
   -0.013248    0.000000    0.000000    0.317668    0.000000    0.000000
   -0.304419    0.000000    0.000000
    0.000000    0.010119    0.014677    0.000000   -0.516628    0.479766
    0.000000    0.506508   -0.494444
    0.000000   -0.023239    0.006769    0.000000    0.517683   -0.341358
    0.000000   -0.494444    0.334588
M=    7  N=    5
    0.000000   -0.003738    0.004281    0.000000    0.007476    0.000000
    0.000000   -0.003738   -0.004281
   -0.003738    0.000000    0.000000   -0.006309    0.000000    0.000000
    0.010047    0.000000    0.000000
    0.004281    0.000000    0.000000    0.000000    0.000000    0.000000
   -0.004281    0.000000    0.000000
    0.000000   -0.006309    0.000000    0.000000    0.522936   -0.517683
    0.000000   -0.516628    0.517683
    0.007476    0.000000    0.000000    0.522936    0.000000    0.000000
   -0.530413    0.000000    0.000000
    0.000000    0.000000    0.000000   -0.517683    0.000000    0.000000
    0.517683    0.000000    0.000000
    0.000000    0.010047   -0.004281    0.000000   -0.530413    0.517683
    0.000000    0.520366   -0.513402
   -0.003738    0.000000    0.000000   -0.516628    0.000000    0.000000
    0.520366    0.000000    0.000000
   -0.004281    0.000000    0.000000    0.517683    0.000000    0.000000
   -0.513402    0.000000    0.000000
M=    7  N=    6
    0.000000   -0.003427    0.022161    0.000000    0.000000   -0.044321
    0.000000    0.003427    0.022161
   -0.003427    0.000000    0.000000    0.037917    0.000000    0.000000
   -0.034489    0.000000    0.000000
    0.022161    0.000000    0.000000   -0.027324    0.000000    0.000000
    0.005163    0.000000    0.000000
    0.000000    0.037917   -0.027324    0.000000   -0.517683    0.368682
    0.000000    0.479766   -0.341358
    0.000000    0.000000    0.000000   -0.517683    0.000000    0.000000
    0.517683    0.000000    0.000000
   -0.044321    0.000000    0.000000    0.368682    0.000000    0.000000
   -0.324360    0.000000    0.000000
    0.000000   -0.034489    0.005163    0.000000    0.517683   -0.324360
    0.000000   -0.483193    0.319197
    0.003427    0.000000    0.000000    0.479766    0.000000    0.000000
   -0.483193    0.000000    0.000000
    0.022161    0.000000    0.000000   -0.341358    0.000000    0.000000
    0.319197    0.000000    0.000000
M=    7  N=    7
    0.020262    0.000000    0.000000   -0.013248    0.000000    0.000000
   -0.007014    0.000000    0.000000
    0.000000   -0.026033    0.015104    0.000000    0.010047   -0.034489
    0.000000    0.015986    0.019385
    0.000000    0.015104   -0.000893    0.000000   -0.004281    0.005163
    0.000000   -0.010823   -0.004270
   -0.013248    0.000000    0.000000    0.317668    0.000000    0.000000
   -0.304419    0.000000    0.000000
    0.000000    0.010047   -0.004281    0.000000   -0.530413    0.517683
    0.000000    0.520366   -0.513402
    0.000000   -0.034489    0.005163    0.000000    0.517683   -0.324360
    0.000000   -0.483193    0.319197
   -0.007014    0.000000    0.000000   -0.304419    0.000000    0.000000
    0.311433    0.000000    0.000000
    0.000000    0.015986   -0.010823    0.000000    0.520366   -0.483193
    0.000000   -0.536352    0.494017
    0.000000    0.019385   -0.004270    0.000000   -0.513402    0.319197
    0.000000    0.494017   -0.314927
M=    7  N=    8
    0.000000   -0.026106   -0.003854    0.000000   -0.003738    0.003427
    0.000000    0.029844    0.000427
   -0.026106    0.000000    0.000000    0.010119    0.000000    0.000000
    0.015986    0.000000    0.000000
   -0.003854    0.000000    0.000000    0.014677    0.000000    0.000000
   -0.010823    0.000000    0.000000
    0.000000    0.010119    0.014677    0.000000   -0.516628    0.479766
    0.000000    0.506508   -0.494444
   -0.003738    0.000000    0.000000   -0.516628    0.000000    0.000000
    0.520366    0.000000    0.000000
    0.003427    0.000000    0.000000    0.479766    0.000000    0.000000
   -0.483193    0.000000    0.000000
    0.000000    0.015986   -0.010823    0.000000    0.520366   -0.483193
    0.000000   -0.536352    0.494017
    0.029844    0.000000    0.000000    0.506508    0.000000    0.000000
   -0.536352    0.000000    0.000000
    0.000427    0.000000    0.000000   -0.494444    0.000000    0.000000
    0.494017    0.000000    0.000000
M=    7  N=    9
    0.000000    0.003854   -0.002499    0.000000   -0.004281    0.022161
    0.000000    0.000427   -0.019662
    0.003854    0.000000    0.000000   -0.023239    0.000000    0.000000
    0.019385    0.000000    0.000000
   -0.002499    0.000000    0.000000    0.006769    0.000000    0.000000
   -0.004270    0.000000    0.000000
    0.000000   -0.023239    0.006769    0.000000    0.517683   -0.341358
    0.000000   -0.494444    0.334588
   -0.004281    0.000000    0.000000    0.517683    0.000000    0.000000
   -0.513402    0.000000    0.000000
    0.022161    0.000000    0.000000   -0.341358    0.000000    0.000000
    0.319197    0.000000    0.000000
    0.000000    0.019385   -0.004270    0.000000   -0.513402    0.319197
    0.000000    0.494017   -0.314927
    0.000427    0.000000    0.000000   -0.494444    0.000000    0.000000
    0.494017    0.000000    0.000000
   -0.019662    0.000000    0.000000    0.334588    0.000000    0.000000
   -0.314927    0.000000    0.000000
M=    8  N=    1
    0.000000    0.015986   -0.019385    0.000000    0.010047    0.034489
    0.000000   -0.026033   -0.015104
    0.015986    0.000000    0.000000    0.010119    0.000000    0.000000
   -0.026106    0.000000    0.000000
   -0.019385    0.000000    0.000000    0.023239    0.000000    0.000000
   -0.003854    0.000000    0.000000
    0.000000    0.010119    0.023239    0.000000   -0.006309   -0.037917
    0.000000   -0.003811    0.014677
    0.010047    0.000000    0.000000   -0.006309    0.000000    0.000000
   -0.003738    0.000000    0.000000
    0.034489    0.000000    0.000000   -0.037917    0.000000    0.000000
    0.003427    0.000000    0.000000
    0.000000   -0.026106   -0.003854    0.000000   -0.003738    0.003427
    0.000000    0.029844    0.000427
   -0.026033    0.000000    0.000000   -0.003811    0.000000    0.000000
    0.029844    0.000000    0.000000
   -0.015104    0.000000    0.000000    0.014677    0.000000    0.000000
    0.000427    0.000000    0.000000
M=    8  N=    2
    0.015986    0.000000    0.000000    0.010119    0.000000    0.000000
   -0.026106    0.000000    0.000000
    0.000000   -0.038815    0.004170    0.000000    0.015726   -0.007770
    0.000000    0.023090    0.003600
    0.000000    0.004170    0.047058    0.000000   -0.000570   -0.044610
    0.000000   -0.003600   -0.002448
    0.010119    0.000000    0.000000   -0.020239    0.000000    0.000000
    0.010119    0.000000    0.000000
    0.000000    0.015726   -0.000570    0.000000   -0.031451   -0.000000
    0.000000    0.015726    0.000570
    0.000000   -0.007770   -0.044610    0.000000   -0.000000    0.089221
    0.000000    0.007770   -0.044610
   -0.026106    0.000000    0.000000    0.010119    0.000000    0.000000
    0.015986    0.000000    0.000000
    0.000000    0.023090   -0.003600    0.000000    0.015726    0.007770
    0.000000   -0.038815   -0.004170
    0.000000    0.003600   -0.002448    0.000000    0.000570   -0.044610
    0.000000   -0.004170    0.047058
M=    8  N=    3
   -0.019385    0.000000    0.000000    0.023239    0.000000    0.000000
   -0.003854    0.000000    0.000000
    0.000000    0.004170    0.047058    0.000000   -0.000570   -0.044610
    0.000000   -0.003600   -0.002448
    0.000000    0.047058   -0.011024    0.000000   -0.019029    0.023121
    0.000000   -0.028029   -0.012097
    0.023239    0.000000    0.000000   -0.037917    0.000000    0.000000
    0.014677    0.000000    0.000000
    0.000000   -0.000570   -0.019029    0.000000   -0.004131    0.024414
    0.000000    0.004702   -0.005385
    0.000000   -0.044610    0.023121    0.000000    0.024414   -0.048622
    0.000000    0.020197    0.025501
   -0.003854    0.000000    0.000000    0.014677    0.000000    0.000000
   -0.010823    0.000000    0.000000
    0.000000   -0.003600   -0.028029    0.000000    0.004702    0.020197
    0.000000   -0.001102    0.007833
    0.000000   -0.002448   -0.012097    0.000000   -0.005385    0.025501
    0.000000    0.007833   -0.013403
M=    8  N=    4
    0.000000    0.010119    0.023239    0.000000   -0.006309   -0.037917
    0.000000   -0.003811    0.014677
    0.010119    0.000000    0.000000   -0.020239    0.000000    0.000000
    0.010119    0.000000    0.000000
    0.023239    0.000000    0.000000   -0.037917    0.000000    0.000000
    0.014677    0.000000    0.000000
    0.000000   -0.020239   -0.037917    0.000000    0.522936   -0.441849
    0.000000   -0.502698    0.479766
   -0.006309    0.000000    0.000000    0.522936    0.000000    0.000000
   -0.516628    0.000000    0.000000
   -0.037917    0.000000    0.000000   -0.441849    0.000000    0.000000
    0.479766    0.000000    0.000000
    0.000000    0.010119    0.014677    0.000000   -0.516628    0.479766
    0.000000    0.506508   -0.494444
   -0.003811    0.000000    0.000000   -0.502698    0.000000    0.000000
    0.506508    0.000000    0.000000
    0.014677    0.000000    0.000000    0.479766    0.000000    0.000000
   -0.494444    0.000000    0.000000
M=    8  N=    5
    0.010047    0.000000    0.000000   -0.006309    0.000000    0.000000
   -0.003738    0.000000    0.000000
    0.000000    0.015726   -0.000570    0.000000   -0.031451   -0.000000
    0.000000    0.015726    0.000570
    0.000000   -0.000570   -0.019029    0.000000   -0.004131    0.024414
    0.000000    0.004702   -0.005385
   -0.006309    0.000000    0.000000    0.522936    0.000000    0.000000
   -0.516628    0.000000    0.000000
    0.000000   -0.031451   -0.004131    0.000000   -0.247277    1.482653
    0.000000    0.278728   -1.478521
    0.000000   -0.000000    0.024414    0.000000    1.482653   -1.521197
    0.000000   -1.482653    1.496783
   -0.003738    0.000000    0.000000   -0.516628    0.000000    0.000000
    0.520366    0.000000    0.000000
    0.000000    0.015726    0.004702    0.000000    0.278728   -1.482653
    0.000000   -0.294453    1.477951
    0.000000    0.000570   -0.005385    0.000000   -1.478521    1.496783
    0.000000    1.477951   -1.491398
M=    8  N=    6
    0.034489    0.000000    0.000000   -0.037917    0.000000    0.000000
    0.003427    0.000000    0.000000
    0.000000   -0.007770   -0.044610    0.000000   -0.000000    0.089221
    0.000000    0.007770   -0.044610
    0.000000   -0.044610    0.023121    0.000000    0.024414   -0.048622
    0.000000    0.020197    0.025501
   -0.037917    0.000000    0.000000   -0.441849    0.000000    0.000000
    0.479766    0.000000    0.000000
    0.000000   -0.000000    0.024414    0.000000    1.482653   -1.521197
    0.000000   -1.482653    1.496783
    0.000000    0.089221   -0.048622    0.000000   -1.521197    0.596177
    0.000000    1.431976   -0.547555
    0.003427    0.000000    0.000000    0.479766    0.000000    0.000000
   -0.483193    0.000000    0.000000
    0.000000    0.007770    0.020197    0.000000   -1.482653    1.431976
    0.000000    1.474883   -1.452173
    0.000000   -0.044610    0.025501    0.000000    1.496783   -0.547555
    0.000000   -1.452173    0.522054
M=    8  N=    7
    0.000000   -0.026106   -0.003854    0.000000   -0.003738    0.003427
    0.000000    0.029844    0.000427
   -0.026106    0.000000    0.000000    0.010119    0.000000    0.000000
    0.015986    0.000000    0.000000
   -0.003854    0.000000    0.000000    0.014677    0.000000    0.000000
   -0.010823    0.000000    0.000000
    0.000000    0.010119    0.014677    0.000000   -0.516628    0.479766
    0.000000    0.506508   -0.494444
   -0.003738    0.000000    0.000000   -0.516628    0.000000    0.000000
    0.520366    0.000000    0.000000
    0.003427    0.000000    0.000000    0.479766    0.000000    0.000000
   -0.483193    0.000000    0.000000
    0.000000    0.015986   -0.010823    0.000000    0.520366   -0.483193
    0.000000   -0.536352    0.494017
    0.029844    0.000000    0.000000    0.506508    0.000000    0.000000
   -0.536352    0.000000    0.000000
    0.000427    0.000000    0.000000   -0.494444    0.000000    0.000000
    0.494017    0.000000    0.000000
M=    8  N=    8
   -0.026033    0.000000    0.000000   -0.003811    0.000000    0.000000
    0.029844    0.000000    0.000000
    0.000000    0.023090   -0.003600    0.000000    0.015726    0.007770
    0.000000   -0.038815   -0.004170
    0.000000   -0.003600   -0.028029    0.000000    0.004702    0.020197
    0.000000   -0.001102    0.007833
   -0.003811    0.000000    0.000000   -0.502698    0.000000    0.000000
    0.506508    0.000000    0.000000
    0.000000    0.015726    0.004702    0.000000    0.278728   -1.482653
    0.000000   -0.294453    1.477951
    0.000000    0.007770    0.020197    0.000000   -1.482653    1.431976
    0.000000    1.474883   -1.452173
    0.029844    0.000000    0.000000    0.506508    0.000000    0.000000
   -0.536352    0.000000    0.000000
    0.000000   -0.038815   -0.001102    0.000000   -0.294453    1.474883
    0.000000    0.333269   -1.473781
    0.000000   -0.004170    0.007833    0.000000    1.477951   -1.452173
    0.000000   -1.473781    1.444340
M=    8  N=    9
   -0.015104    0.000000    0.000000    0.014677    0.000000    0.000000
    0.000427    0.000000    0.000000
    0.000000    0.003600   -0.002448    0.000000    0.000570   -0.044610
    0.000000   -0.004170    0.047058
    0.000000   -0.002448   -0.012097    0.000000   -0.005385    0.025501
    0.000000    0.007833   -0.013403
    0.014677    0.000000    0.000000    0.479766    0.000000    0.000000
   -0.494444    0.000000    0.000000
    0.000000    0.000570   -0.005385    0.000000   -1.478521    1.496783
    0.000000    1.477951   -1.491398
    0.000000   -0.044610    0.025501    0.000000    1.496783   -0.547555
    0.000000   -1.452173    0.522054
    0.000427    0.000000    0.000000   -0.494444    0.000000    0.000000
    0.494017    0.000000    0.000000
    0.000000   -0.004170    0.007833    0.000000    1.477951   -1.452173
    0.000000   -1.473781    1.444340
    0.000000    0.047058   -0.013403    0.000000   -1.491398    0.522054
    0.000000    1.444340   -0.508651
M=    9  N=    1
    0.000000    0.010823   -0.004270    0.000000    0.004281    0.005163
    0.000000   -0.015104   -0.000893
    0.010823    0.000000    0.000000   -0.014677    0.000000    0.000000
    0.003854    0.000000    0.000000
   -0.004270    0.000000    0.000000    0.006769    0.000000    0.000000
   -0.002499    0.000000    0.000000
    0.000000   -0.014677    0.006769    0.000000    0.000000   -0.027324
    0.000000    0.014677    0.020554
    0.004281    0.000000    0.000000    0.000000    0.000000    0.000000
   -0.004281    0.000000    0.000000
    0.005163    0.000000    0.000000   -0.027324    0.000000    0.000000
    0.022161    0.000000    0.000000
    0.000000    0.003854   -0.002499    0.000000   -0.004281    0.022161
    0.000000    0.000427   -0.019662
   -0.015104    0.000000    0.000000    0.014677    0.000000    0.000000
    0.000427    0.000000    0.000000
   -0.000893    0.000000    0.000000    0.020554    0.000000    0.000000
   -0.019662    0.000000    0.000000
M=    9  N=    2
    0.010823    0.000000    0.000000   -0.014677    0.000000    0.000000
    0.003854    0.000000    0.000000
    0.000000    0.001102    0.007833    0.000000   -0.004702    0.020197
    0.000000    0.003600   -0.028029
    0.000000    0.007833    0.013403    0.000000   -0.005385   -0.025501
    0.000000   -0.002448    0.012097
   -0.014677    0.000000    0.000000    0.037917    0.000000    0.000000
   -0.023239    0.000000    0.000000
    0.000000   -0.004702   -0.005385    0.000000    0.004131    0.024414
    0.000000    0.000570   -0.019029
    0.000000    0.020197   -0.025501    0.000000    0.024414    0.048622
    0.000000   -0.044610   -0.023121
    0.003854    0.000000    0.000000   -0.023239    0.000000    0.000000
    0.019385    0.000000    0.000000
    0.000000    0.003600   -0.002448    0.000000    0.000570   -0.044610
    0.000000   -0.004170    0.047058
    0.000000   -0.028029    0.012097    0.000000   -0.019029   -0.023121
    0.000000    0.047058    0.011024
M=    9  N=    3
   -0.004270    0.000000    0.000000    0.006769    0.000000    0.000000
   -0.002499    0.000000    0.000000
    0.000000    0.007833    0.013403    0.000000   -0.005385   -0.025501
    0.000000   -0.002448    0.012097
    0.000000    0.013403   -0.013137    0.000000   -0.001306    0.005024
    0.000000   -0.012097    0.008113
    0.006769    0.000000    0.000000   -0.013539    0.000000    0.000000
    0.006769    0.000000    0.000000
    0.000000   -0.005385   -0.001306    0.000000    0.010770   -0.000000
    0.000000   -0.005385    0.001306
    0.000000   -0.025501    0.005024    0.000000   -0.000000   -0.010048
    0.000000    0.025501    0.005024
   -0.002499    0.000000    0.000000    0.006769    0.000000    0.000000
   -0.004270    0.000000    0.000000
    0.000000   -0.002448   -0.012097    0.000000   -0.005385    0.025501
    0.000000    0.007833   -0.013403
    0.000000    0.012097    0.008113    0.000000    0.001306    0.005024
    0.000000   -0.013403   -0.013137
M=    9  N=    4
    0.000000   -0.014677    0.006769    0.000000    0.000000   -0.027324
    0.000000    0.014677    0.020554
   -0.014677    0.000000    0.000000    0.037917    0.000000    0.000000
   -0.023239    0.000000    0.000000
    0.006769    0.000000    0.000000   -0.013539    0.000000    0.000000
    0.006769    0.000000    0.000000
    0.000000    0.037917   -0.013539    0.000000   -0.517683    0.368682
    0.000000    0.479766   -0.355143
    0.000000    0.000000    0.000000   -0.517683    0.000000    0.000000
    0.517683    0.000000    0.000000
   -0.027324    0.000000    0.000000    0.368682    0.000000    0.000000
   -0.341358    0.000000    0.000000
    0.000000   -0.023239    0.006769    0.000000    0.517683   -0.341358
    0.000000   -0.494444    0.334588
    0.014677    0.000000    0.000000    0.479766    0.000000    0.000000
   -0.494444    0.000000    0.000000
    0.020554    0.000000    0.000000   -0.355143    0.000000    0.000000
    0.334588    0.000000    0.000000
M=    9  N=    5
    0.004281    0.000000    0.000000    0.000000    0.000000    0.000000
   -0.004281    0.000000    0.000000
    0.000000   -0.004702   -0.005385    0.000000    0.004131    0.024414
    0.000000    0.000570   -0.019029
    0.000000   -0.005385   -0.001306    0.000000    0.010770   -0.000000
    0.000000   -0.005385    0.001306
    0.000000    0.000000    0.000000   -0.517683    0.000000    0.000000
    0.517683    0.000000    0.000000
    0.000000    0.004131    0.010770    0.000000    1.474390   -1.521197
    0.000000   -1.478521    1.510427
    0.000000    0.024414   -0.000000    0.000000   -1.521197    0.498933
    0.000000    1.496783   -0.498933
   -0.004281    0.000000    0.000000    0.517683    0.000000    0.000000
   -0.513402    0.000000    0.000000
    0.000000    0.000570   -0.005385    0.000000   -1.478521    1.496783
    0.000000    1.477951   -1.491398
    0.000000   -0.019029    0.001306    0.000000    1.510427   -0.498933
    0.000000   -1.491398    0.497627
M=    9  N=    6
    0.005163    0.000000    0.000000   -0.027324    0.000000    0.000000
    0.022161    0.000000    0.000000
    0.000000    0.020197   -0.025501    0.000000    0.024414    0.048622
    0.000000   -0.044610   -0.023121
    0.000000   -0.025501    0.005024    0.000000   -0.000000   -0.010048
    0.000000    0.025501    0.005024
   -0.027324    0.000000    0.000000    0.368682    0.000000    0.000000
   -0.341358    0.000000    0.000000
    0.000000    0.024414   -0.000000    0.000000   -1.521197    0.498933
    0.000000    1.496783   -0.498933
    0.000000    0.048622   -0.010048    0.000000    0.498933    0.523143
    0.000000   -0.547555   -0.513095
    0.022161    0.000000    0.000000   -0.341358    0.000000    0.000000
    0.319197    0.000000    0.000000
    0.000000   -0.044610    0.025501    0.000000    1.496783   -0.547555
    0.000000   -1.452173    0.522054
    0.000000   -0.023121    0.005024    0.000000   -0.498933   -0.513095
    0.000000    0.522054    0.508072
M=    9  N=    7
    0.000000    0.003854   -0.002499    0.000000   -0.004281    0.022161
    0.000000    0.000427   -0.019662
    0.003854    0.000000    0.000000   -0.023239    0.000000    0.000000
    0.019385    0.000000    0.000000
   -0.002499    0.000000    0.000000    0.006769    0.000000    0.000000
   -0.004270    0.000000    0.000000
    0.000000   -0.023239    0.006769    0.000000    0.517683   -0.341358
    0.000000   -0.494444    0.334588
   -0.004281    0.000000    0.000000    0.517683    0.000000    0.000000
   -0.513402    0.000000    0.000000
    0.022161    0.000000    0.000000   -0.341358    0.000000    0.000000
    0.319197    0.000000    0.000000
    0.000000    0.019385   -0.004270    0.000000   -0.513402    0.319197
    0.000000    0.494017   -0.314927
    0.000427    0.000000    0.000000   -0.494444    0.000000    0.000000
    0.494017    0.000000    0.000000
   -0.019662    0.000000    0.000000    0.334588    0.000000    0.000000
   -0.314927    0.000000    0.000000
M=    9  N=    8
   -0.015104    0.000000    0.000000    0.014677    0.000000    0.000000
    0.000427    0.000000    0.000000
    0.000000    0.003600   -0.002448    0.000000    0.000570   -0.044610
    0.000000   -0.004170    0.047058
    0.000000   -0.002448   -0.012097    0.000000   -0.005385    0.025501
    0.000000    0.007833   -0.013403
    0.014677    0.000000    0.000000    0.479766    0.000000    0.000000
   -0.494444    0.000000    0.000000
    0.000000    0.000570   -0.005385    0.000000   -1.478521    1.496783
    0.000000    1.477951   -1.491398
    0.000000   -0.044610    0.025501    0.000000    1.496783   -0.547555
    0.000000   -1.452173    0.522054
    0.000427    0.000000    0.000000   -0.494444    0.000000    0.000000
    0.494017    0.000000    0.000000
    0.000000   -0.004170    0.007833    0.000000    1.477951   -1.452173
    0.000000   -1.473781    1.444340
    0.000000    0.047058   -0.013403    0.000000   -1.491398    0.522054
    0.000000    1.444340   -0.508651
M=    9  N=    9
   -0.000893    0.000000    0.000000    0.020554    0.000000    0.000000
   -0.019662    0.000000    0.000000
    0.000000   -0.028029    0.012097    0.000000   -0.019029   -0.023121
    0.000000    0.047058    0.011024
    0.000000    0.012097    0.008113    0.000000    0.001306    0.005024
    0.000000   -0.013403   -0.013137
    0.020554    0.000000    0.000000   -0.355143    0.000000    0.000000
    0.334588    0.000000    0.000000
    0.000000   -0.019029    0.001306    0.000000    1.510427   -0.498933
    0.000000   -1.491398    0.497627
    0.000000   -0.023121    0.005024    0.000000   -0.498933   -0.513095
    0.000000    0.522054    0.508072
   -0.019662    0.000000    0.000000    0.334588    0.000000    0.000000
   -0.314927    0.000000    0.000000
    0.000000    0.047058   -0.013403    0.000000   -1.491398    0.522054
    0.000000    1.444340   -0.508651
    0.000000    0.011024   -0.013137    0.000000    0.497627    0.508072
    0.000000   -0.508651   -0.494934


 NORMAL MODE ANALYSIS IN INTERNAL COORDINATES


 NUCLEAR CARTESIAN COORDINATES (ANG.) AND MASSES

  ATOM    MASS             X             Y             Z

    1    1.007825     0.0000000000  0.7983783893  0.5666214143
    2   14.003070     0.0000000000  0.0000000000 -0.0815423627
    3    1.007825     0.0000000000 -0.7983783893  0.5666214143


 QUADRATIC FORCE CONSTANTS IN MDYN/A, MDYN/RAD, OR MDYN*A/RAD**2

    1  1  6.129753    1  2  0.390788    1  3  0.000000
    2  1  0.390788    2  2  0.675871    2  3  0.000000
    3  1  0.000000    3  2  0.000000    3  3  6.246890



 LOWEST EIGENVALUES OF THE G MATRIX

    1.039734    1.078322    2.048574



 VIBRATIONAL FREQUENCIES (CM-1) AND EIGENVECTORS


 ----------------------------------------
                1         2         3
 COORDINATE  1500.540  3297.516  3381.278
 ----------------------------------------
      1     -0.097205  1.019572  0.000000
      2      1.427440  0.041823  0.000000
      3      0.000000  0.000000  1.038423
 ----------------------------------------





 TOTAL ENERGY DISTRIBUTIONS (%)


 ----------------------------------------
                1         2         3
 COORDINATE  1500.540  3297.516  3381.278
 ----------------------------------------
      1       0.27856  99.72144   0.00000
      2      99.72144   0.27856   0.00000
      3       0.00000   0.00000 100.00000
 ----------------------------------------





 VIBRATIONAL ASSIGNMENTS


   MODE    CM-1                 DOMINANT COMPONENTS OF TED

     1    1500.5      2 ( 99.7)
     2    3297.5      1 ( 99.7)
     3    3381.3      3 (100.0)


 NORMAL MODE ANALYSIS IN CARTESIAN COORDINATES


 NUCLEAR CARTESIAN COORDINATES (ANG.) AND MASSES

  ATOM    MASS             X             Y             Z

    1    1.007825     0.0000000000  0.7983783893  0.5666214143
    2   14.003070     0.0000000000  0.0000000000 -0.0815423627
    3    1.007825     0.0000000000 -0.7983783893  0.5666214143


 QUADRATIC FORCE CONSTANTS IN HARTREE/BOHR**2

    1  1  0.000000    1  2  0.000000    1  3  0.000000    1  4  0.000000    1  5  0.000000    1  6  0.000000
    1  7  0.000000    1  8  0.000000    1  9  0.000000
    2  1  0.000000    2  2  0.272773    2  3  0.170865    2  4  0.000000    2  5 -0.241842    2  6 -0.145391
    2  7  0.000000    2  8 -0.030931    2  9 -0.025474
    3  1  0.000000    3  2  0.170865    3  3  0.165755    3  4  0.000000    3  5 -0.196340    3  6 -0.172112
    3  7  0.000000    3  8  0.025474    3  9  0.006357
    4  1  0.000000    4  2  0.000000    4  3  0.000000    4  4  0.000000    4  5  0.000000    4  6  0.000000
    4  7  0.000000    4  8  0.000000    4  9  0.000000
    5  1  0.000000    5  2 -0.241842    5  3 -0.196340    5  4  0.000000    5  5  0.483684    5  6  0.000000
    5  7  0.000000    5  8 -0.241842    5  9  0.196340
    6  1  0.000000    6  2 -0.145391    6  3 -0.172112    6  4  0.000000    6  5  0.000000    6  6  0.344225
    6  7  0.000000    6  8  0.145391    6  9 -0.172112
    7  1  0.000000    7  2  0.000000    7  3  0.000000    7  4  0.000000    7  5  0.000000    7  6  0.000000
    7  7  0.000000    7  8  0.000000    7  9  0.000000
    8  1  0.000000    8  2 -0.030931    8  3  0.025474    8  4  0.000000    8  5 -0.241842    8  6  0.145391
    8  7  0.000000    8  8  0.272773    8  9 -0.170865
    9  1  0.000000    9  2 -0.025474    9  3  0.006357    9  4  0.000000    9  5  0.196340    9  6 -0.172112
    9  7  0.000000    9  8 -0.170865    9  9  0.165755



 ZERO FREQUENCIES (CM-1)

     -0.0239     -0.0000     -0.0000      0.0000      0.0000      0.0268



 VIBRATIONAL FREQUENCIES (CM-1) AND EIGENVECTORS


 ----------------------------------------
                1         2         3
 COORDINATE  1500.540  3297.516  3381.278
 ----------------------------------------
      1      0.000000  0.000000  0.000000
      2      0.409245  0.573268 -0.524553
      3     -0.535989  0.382632 -0.425858
      4      0.000000  0.000000  0.000000
      5      0.000000 -0.000000  0.075506
      6      0.077152 -0.055077 -0.000000
      7      0.000000  0.000000 -0.000000
      8     -0.409245 -0.573268 -0.524553
      9     -0.535989  0.382632  0.425858
 ----------------------------------------





   MODE    CM-1

     1    1500.5
     2    3297.5
     3    3381.3
