
 ************************************************************
                      PROGRAM SPECTRO 
    SPECTROSCOPIC CONSTANTS AND VIBRATIONAL PROPERTIES

             WRITTEN BY:  JEFFREY F. GAW 
                    AND  ANDREW WILLETTS 


  RUNNING IN:  CARTESIAN --> NORMAL --> INTERNAL COORD MODE
 ************************************************************

 NCART    =    1
 ISOTOP   =    0
 NBOND    =    2
 NBEND    =    1
 2*NLBEND =    0
 NOFPB    =    0
 NTORS    =    0
 NDERIV   =    4
 ISYMM    =    0
 ICURVQ   =    0
 IDEGNL   =    0
 IFREQ    =    0
 IPRNT    =    0
 NWFRQ    =    0
 NPROP    =    0
 ICORIL   =    0
 IFERM1   =    0
 IFERM2   =    0
 IROTRN   =    0
 ILSQRS   =    0
 IAVERG   =    1
 IREP     =    0
 IPARMF   =    0
 IPARMD   =    0
 IGEOM    =    0
 ITEMP    =  300
 IDARL    =    0
 MAXJ     =    3
 INORM    =    0
 <>
 ISOTOPE #            1

          --- INPUT GEOMETRY IN BOHR


  GEOMETRY ANALYSIS - 1. INITIAL GEOMETRY
                      2. MOVE TO PRINCIPAL AXES
                      3. ROTATE ATOM TO X-AXIS
                         (SYMMETRIC TOP ONLY)


****************************************
 ORIGINAL COORDINATE REPRESENTATION 
****************************************


   MOLECULAR CARTESIAN GEOMETRY (IN A)

ATOM NO.               X              Y              Z              W
    1              0.0000000      0.7983781      0.5666212      1.0078250
    2              0.0000000      0.0000000     -0.0815423     14.0030740
    3              0.0000000     -0.7983781      0.5666212      1.0078250

   CENTER OF MASS COORDINATES

           CMX            CMY            CMZ
        0.0000000      0.0000000      0.0000167

   CARTESIAN COORDINATES W.R.T. CENTER OF MASS

ATOM NO.               X              Y              Z              W
    1              0.0000000      0.7983781      0.5666046      1.0078250
    2              0.0000000      0.0000000     -0.0815590     14.0030740
    3              0.0000000     -0.7983781      0.5666046      1.0078250

   INERTIA TENSOR

             1           2           3
  ------------------------------------------
   1     2.0250430
   2     0.0000000   0.7402524
   3     0.0000000   0.0000000   1.2847907

   EIGENVECTORS OF INERTIA TENSOR

              1           2           3
   ------------------------------------------
    1    0.00000000  0.00000000  1.00000000
    2   -1.00000000  0.00000000  0.00000000
    3    0.00000000  1.00000000  0.00000000

   PRINCIPAL MOMENTS OF INERTIA

              IN AMU.A+2        IN G.CM+2         IN CM-1           IN MHZ
                                (*D+39)
   1          0.74025D+00       0.12292D+00       0.22773D+02       0.68271D+06
   2          0.12848D+01       0.21335D+00       0.13121D+02       0.39336D+06
   3          0.20250D+01       0.33627D+00       0.83246D+01       0.24956D+06

**************************************************
 COORDINATE SYSTEM ABOUT PRINCIPAL AXES 
**************************************************


   MOLECULAR PRINCIPAL GEOMETRY (IN A)

ATOM NO.               A              B              C              W
    1             -0.7983781      0.5666046      0.0000000      1.0078250
    2              0.0000000     -0.0815590      0.0000000     14.0030740
    3              0.7983781      0.5666046      0.0000000      1.0078250

   CENTER OF MASS COORDINATES

           CMX            CMY            CMZ
        0.0000000      0.0000000      0.0000000

   INERTIA TENSOR

             1           2           3
  ------------------------------------------
   1     0.7402524
   2     0.0000000   1.2847907
   3     0.0000000   0.0000000   2.0250430

 INTERNUCLEAR DISTANCE MATRIX (IN A)

             1           2           3
  ------------------------------------------
   1     0.0000000
   2     1.0283597   0.0000000
   3     1.5967562   1.0283597   0.0000000

   BOND ANGLES (CENTRAL ATOM FIRST)

   J   I   K    DEGREES     I   J   K    DEGREES    K   I   J    DEGREES   

   2   1   3    101.857     1   2   3     39.071    3   1   2     39.071
 <>

          ------------------------------------------------------------
                             MEMORY ALLOCATION SCHEME 
          ------------------------------------------------------------

 INTEGER DEFAULT ALLOCATION
   ALLOCATION: BLOCK START-     1   FINISH-    92   TOTAL-    91

 REAL DEFAULT ALLOCATION
   ALLOCATION: BLOCK START-    92   FINISH- 19762   TOTAL- 19670

 CUBIC AND QUARTIC ALLOCATION
   ALLOCATION: BLOCK START- 19762   FINISH- 20872   TOTAL-  1110

   ALLOCATION: BLOCK START- 20872   FINISH- 20990   TOTAL-   118

 VIBFX ALLOCATION
   ALLOCATION: BLOCK START- 20990   FINISH- 21224   TOTAL-   234

 LTENSR ALLOCATION
   ALLOCATION: BLOCK START- 20990   FINISH- 21159   TOTAL-   169

 SQHAMP ALLOCATION
   ALLOCATION: BLOCK START- 20990   FINISH- 21017   TOTAL-    27

 UMATRX ALLOCATION
   ALLOCATION: BLOCK START- 20990   FINISH- 21056   TOTAL-    66

 ZETA ALLOCATION
   ALLOCATION: BLOCK START- 20990   FINISH- 21083   TOTAL-    93

 TRNSFM ALLOCATION
   ALLOCATION: BLOCK START- 21224   FINISH- 21378   TOTAL-   154

 FORCE3/FORCE4 ALLOCATION
   ALLOCATION: BLOCK START- 21378   FINISH- 21636   TOTAL-   258

 XCALC/XCALS ALLOCATION
   ALLOCATION: BLOCK START- 21378   FINISH- 21384   TOTAL-     6

 ROTA/ROTS ALLOCATION
   ALLOCATION: BLOCK START- 21378   FINISH- 21630   TOTAL-   252

 INTEN ALLOCATION
   ALLOCATION: BLOCK START- 21636   FINISH- 21636   TOTAL-     0

 DIPTRN ALLOCATION
   ALLOCATION: BLOCK START- 21636   FINISH- 21770   TOTAL-   134

 ATUNIT ALLOCATION
   ALLOCATION: BLOCK START- 21770   FINISH- 24662   TOTAL-  2892

 ITERATE ALLOCATION
   ALLOCATION: BLOCK START- 24662   FINISH- 32393   TOTAL-  7731

 RAMANQ ALLOCATION
   ALLOCATION: BLOCK START- 32393   FINISH- 32393   TOTAL-     0

 INTENR ALLOCATION
   ALLOCATION: BLOCK START- 32393   FINISH- 32393   TOTAL-     0

 HRAMAN ALLOCATION
   ALLOCATION: BLOCK START- 32393   FINISH- 32393   TOTAL-     0

 3RD DERIVATIVE TRANSFORM
   ALLOCATION: BLOCK START- 32393   FINISH- 32603   TOTAL-   210

 FOURTH DERIVATIVE TRANSFORM
   ALLOCATION: BLOCK START- 32603   FINISH- 33068   TOTAL-   465

 ICURVQ ALLOCATION
   ALLOCATION: BLOCK START- 33068   FINISH- 33154   TOTAL-    86

 LSQRS ALLOCATION
   ALLOCATION: BLOCK START- 33154   FINISH- 33295   TOTAL-   141

 TMATRX ALLOCATION
   ALLOCATION: BLOCK START- 33295   FINISH- 33331   TOTAL-    36

 SEXTIC ALLOCATION
   ALLOCATION: BLOCK START- 33331   FINISH- 33430   TOTAL-    99

 WCALS ALLOCATION
   ALLOCATION: BLOCK START- 33430   FINISH- 33439   TOTAL-     9


   INTEGER MEMORY REQUIRED -      92 Word   ALLOCATED - 3500000 Word


   REAL MEMORY REQUIRED    -   33348 Word   ALLOCATED -******** Word

  *** FILE           15  IS IN SPECTRO 1.x FORMAT ***


   THE NORMAL COORDINATE ANALYSIS BY FX MATRIX METHOD



   SECULAR EQUATIONS
   FXM MATRIX

             1           2           3           4           5           6           7           8           9
  ------------------------------------------------------------------------------------------------------------------
   1     4.2138864
   2    -2.6395803   2.5606388
   3     0.0000000   0.0000000   0.0000000
   4    -1.0022905   0.8137099   0.0000000   0.5377798
   5     0.6025591  -0.7133022   0.0000000   0.0000000   0.3827229
   6     0.0000000   0.0000000   0.0000000   0.0000000   0.0000000   0.0000000
   7    -0.4778360  -0.3935336   0.0000000  -1.0022905  -0.6025591   0.0000000   4.2138864
   8     0.3935336   0.0982042   0.0000000  -0.8137099  -0.7133022   0.0000000   2.6395803   2.5606388
   9     0.0000000   0.0000000   0.0000000   0.0000000   0.0000000   0.0000000   0.0000000   0.0000000   0.0000000


   *****************************
   ***VIBRATIONAL FREQUENCIES***
   *****************************


   LXM MATRIX

             1           2           3           4           5           6           7           8           9
           3381.28     3297.52     1500.54        0.03        0.00        0.00        0.00        0.00        0.02
  ------------------------------------------------------------------------------------------------------------------
   1    -0.5266011   0.5755070  -0.4108427   0.3945559   0.0000000   0.0000000   0.0000000  -0.0000002   0.2588763
   2     0.4275213  -0.3841257  -0.5380818   0.2346526   0.0000000   0.0000000  -0.1672584   0.1869220   0.5120194
   3     0.0000000   0.0000000   0.0000000   0.0000000   1.0000000   0.0000000   0.0000000   0.0000000   0.0000000
   4     0.2825483   0.0000000   0.0000000   0.7606100   0.0000000   0.0000000   0.0000003   0.0000015  -0.5844989
   5     0.0000000   0.2061029   0.2887082  -0.0000003   0.0000000   0.0000000  -0.6234571   0.6967570   0.0000010
   6     0.0000000   0.0000000   0.0000000  -0.0000005   0.0000000   0.0000000   0.7452185   0.6668204   0.0000014
   7    -0.5266011  -0.5755070   0.4108427   0.3945559   0.0000000   0.0000000   0.0000000  -0.0000002   0.2588763
   8    -0.4275213  -0.3841257  -0.5380818  -0.2346528   0.0000000   0.0000000  -0.1672581   0.1869235  -0.5120189
   9     0.0000000   0.0000000   0.0000000   0.0000000   0.0000000   1.0000000   0.0000000   0.0000000   0.0000000


   LX MATRIX

             1           2           3           4           5           6           7           8           9
           3381.28     3297.52     1500.54        0.03        0.00        0.00        0.00        0.00        0.02
  ------------------------------------------------------------------------------------------------------------------
   1    -0.5245528   0.5732684  -0.4092447   0.3930212   0.0000000   0.0000000   0.0000000  -0.0000002   0.2578693
   2     0.4258584  -0.3826315  -0.5359888   0.2337399   0.0000000   0.0000000  -0.1666078   0.1861950   0.5100278
   3     0.0000000   0.0000000   0.0000000   0.0000000   0.9961103   0.0000000   0.0000000   0.0000000   0.0000000
   4     0.0755059   0.0000000   0.0000000   0.2032593   0.0000000   0.0000000   0.0000001   0.0000004  -0.1561967
   5     0.0000000   0.0550773   0.0771521  -0.0000001   0.0000000   0.0000000  -0.1666076   0.1861957   0.0000003
   6     0.0000000   0.0000000   0.0000000  -0.0000001   0.0000000   0.0000000   0.1991462   0.1781957   0.0000004
   7    -0.5245528  -0.5732684   0.4092447   0.3930212   0.0000000   0.0000000   0.0000000  -0.0000002   0.2578693
   8    -0.4258584  -0.3826315  -0.5359888  -0.2337401   0.0000000   0.0000000  -0.1666075   0.1861964  -0.5100273
   9     0.0000000   0.0000000   0.0000000   0.0000000   0.0000000   0.9961103   0.0000000   0.0000000   0.0000000

 ******************************** 
 CURVILINEAR INTERNAL COORDINATES 
 ******************************** 

 INT COORD NO.    DESCRIPTION           VALUE      ATOMS 

     ( 1)        BOND                        1.02836       1(H )     2(N )
     ( 2)        BOND                        1.02836       2(N )     3(H )
     ( 3)        ANGLE                     101.85714       2(N )     1(H )     3(H )

 FIRST DERIVATIVE OF THE L TENSOR :
 ROWS ARE INT COORDS AND COLUMNS ARE NORMAL COORDS

              1           2           3
   ------------------------------------------
    1    0.73427582 -0.72094606 -0.06873432
    2   -0.73427582 -0.72094606 -0.06873432
    3    0.00000000 -0.04182329  1.42744000

******************************************
 MEAN SQUARE HARMONIC AMPLITUDES AT 30 K
******************************************


 MATRIX OF MEAN SQUARE AMPLITUDES BETWEEN INTERNAL
 COORDINATES: BONDS IN A, ANGLES IN RADS 

              1           2           3
   ------------------------------------------
    1    0.00539825  0.00002219 -0.00094811
    2    0.00002219  0.00539825 -0.00094811
    3   -0.00094811 -0.00094811  0.02289994

******************************************
 MEAN SQUARE HARMONIC AMPLITUDES AT 300 K
******************************************


 MATRIX OF MEAN SQUARE AMPLITUDES BETWEEN INTERNAL
 COORDINATES: BONDS IN A, ANGLES IN RADS 

              1           2           3
   ------------------------------------------
    1    0.00539833  0.00002227 -0.00094976
    2    0.00002227  0.00539833 -0.00094976
    3   -0.00094976 -0.00094976  0.02293427

 ZETA MATRIX FOR COORDINATE DIRECTION :   1

              1           2           3
   ------------------------------------------
    1    0.00000000  0.00000000  0.00000000
    2    0.00000000  0.00000000  0.00000000
    3    0.00000000  0.00000000  0.00000000

 ZETA MATRIX FOR COORDINATE DIRECTION :   2

              1           2           3
   ------------------------------------------
    1    0.00000000  0.00000000  0.00000000
    2    0.00000000  0.00000000  0.00000000
    3    0.00000000  0.00000000  0.00000000

 ZETA MATRIX FOR COORDINATE DIRECTION :   3

              1           2           3
   ------------------------------------------
    1    0.00000000 -0.02928694  0.99957105
    2    0.02928694  0.00000000  0.00000000
    3   -0.99957105  0.00000000  0.00000000

 THE WILSON A MATRIX IN AMU 1/2 A 
 (ROWS ARE VIB DEG OF FREEDOM, AND COLS COORD PRODUCTS),

              1           2           3           4           5           6
   ------------------------------------------------------------------------------
    1    0.00000000  1.37062597  0.00000000  0.00000000  0.00000000  0.00000000
    2   -0.99979390  0.00000000 -1.84506539  0.00000000  0.00000000 -2.84485930
    3   -1.40050763  0.00000000  1.31715465  0.00000000  0.00000000 -0.08335298

 THE INVERSE L MATRIX

              1           2           3
   ------------------------------------------
    1    0.68094302 -0.68094302  0.00000000
    2   -0.69160125 -0.69160125 -0.06660419
    3   -0.02026358 -0.02026358  0.69860337

 THE WILSON J MATRIX 
 DERIVATIVE OF THE MOMENT OF INERITA WITH RESPECT TO INT/SYMM COORDS
 (ROWS ARE INTERNAL/SYMMETRY COORD AND COLS COORD PRODUCTS),

              1           2           3           4           5           6
   ------------------------------------------------------------------------------
    1    0.71983801  0.93331819  1.24935927  0.00000000  0.00000000  1.96919728
    2    0.71983801 -0.93331819  1.24935927  0.00000000  0.00000000  1.96919728
    3   -0.91180889  0.00000000  1.04305776  0.00000000  0.00000000  0.13124887

 QUARTIC CENTRIFUGAL DISTORTION CONSTANTS TAU PRIME 

                       CM -1                    MHz


 TAUP aaaa         -0.0614722502         -1842.8916981438
 TAUP bbbb         -0.0076223052          -228.5109599608
 TAUP cccc         -0.0008518433           -25.5376193971

 TAUP aabb          0.0068018045           203.9129699454
 TAUP aacc         -0.0026733304           -80.1444280715
 TAUP bbcc         -0.0012287756           -36.8377658828

 REPRESENTATION =     1
 WHERE :   1 =   I r
           2 =  II r 
           3 = III r 
           4 =   I l 
           5 =  II l 
           6 = III l 

 lifnei

 ASYMMETRIC TOP REDUCTION 
  ASYMMETRIC TOP PARAMETER KAPPA :  -0.3360660798
  ASYMMETRIC TOP PARAMETER SIGMA :        5.0246959498


 CONSTANTS IN THE A REDUCED HAMILTONIAN 

                   CM-1               MHz
  DELTA J  :   0.0010592686       31.7560724197
  DELTA K  :   0.0182115243      545.9677633732
  DELTA JK :  -0.0039027303     -117.0009112570
  delta J  :   0.0004231539       12.6858337852
  delta K  :   0.0002819275        8.4519740684


 EFFECTIVE ROTATIONAL CONSTANTS (INCLUDES DISTORTION
 DUE TO THE QUARTIC CENTRIFUGAL DISTORTION CONSTANTS)
           B e IN CM-1            B(A) IN  CM-1            B(A) IN  MHz
 x        13.1209159909           13.1254470121             393491.00221
 y         8.3245788541            8.3215519823             249473.85232
 z        22.7728153151           22.7713111658             682666.73463


 NIELSEN CENTRIFUGAL DISTORTION CONSTANTS 
           CM-1                MHz
 DJ    0.0008712499       26.1194146825
 DJK  -0.0027746183      -83.1809648334
 DK    0.0172714310      517.7844746869
 dJ    0.0004231539       12.6858337852
 R5    0.0008037729       24.0965042687
 R6   -0.0000940093       -2.8183288686

 CONSTANTS IN THE S REDUCED HAMILTONIAN 

               CM-1                 MHz
  D J  :   0.0010312144       30.9150290857
  D JK :  -0.0037344052     -111.9546512527
  D K  :   0.0180712534      541.7625467029
  d 1  :  -0.0004231539      -12.6858337852
  d 2  :  -0.0000140271       -0.4205216670


 EFFECTIVE ROTATIONAL CONSTANTS (INCLUDES DISTORTION
 DUE TO THE QUARTIC CENTRIFUGAL DISTORTION CONSTANTS)
           B e IN CM-1            B(S) IN  CM-1            B(S) IN  MHz
 x        13.1209159909           13.1248270487             393472.41617
 y         8.3245788541            8.3220597290             249489.07418
 z        22.7728153151           22.7714514367             682670.93984


 WILSON CENTRIFUGAL DISTORTION CONSTANTS 
           CM-1                MHz
 DJ    0.0002129608        6.3844048493
 DJK   0.0001884662        5.6500732429
 DK    0.0015041493       45.0932618981

 NIELSEN CENTRIFUGAL DISTORTION CONSTANTS 
           CM-1                MHz
 DJ    0.0008712499       26.1194146825
 DJK  -0.0027746183      -83.1809648334
 DK    0.0172714310      517.7844746869
 dJ    0.0004231539       12.6858337852
 R5    0.0008037729       24.0965042687
 R6   -0.0000940093       -2.8183288686

 TEST OF QUARTIC PLANARITY RELATIONS 
  A REDUCTION   I r

 4C*DELJ - (B-C)*DELJK - 2*(2A+B+C)*SDELJ + 2*(B-C)*SDELK = 0
 VALUE =         0.0000000000

 TEST OF QUARTIC PLANARITY RELATIONS 
  S REDUCTION   I r

 4C*DJ - (B-C)*DJK + 2*(2A+B+C)*D1 - 4*(4A+B-3C)*D2 = 0
 VALUE =         0.0000000000
  *** FILE           30  IS IN SPECTRO 1.x FORMAT ***


   *************************************************
   ***THIRD DERIVATIVES W.R.T. NORMAL COORDINATES***
   *************************************************


   F3(QI*QJ*QK) MATRIX (IN CM-1), IVIB =     1

             1           2           3
  ------------------------------------------
   1         0.000    1633.003     326.831
   2      1633.003       0.000       0.000
   3       326.831       0.000       0.000


   F3(QI*QJ*QK) MATRIX (IN CM-1), IVIB =     2

             1           2           3
  ------------------------------------------
   1      1633.003       0.000       0.000
   2         0.000    1633.595     115.582
   3         0.000     115.582    -247.178


   F3(QI*QJ*QK) MATRIX (IN CM-1), IVIB =     3

             1           2           3
  ------------------------------------------
   1       326.831       0.000       0.000
   2         0.000     115.582    -247.178
   3         0.000    -247.178    -190.385


   THE FOURTH ORDER ANHARMONICITY ANALYSIS

  *** FILE           40  IS IN SPECTRO 1.x FORMAT ***


   **************************************************
   ***FOURTH DERIVATIVES W.R.T. NORMAL COORDINATES***
   **************************************************



   F4(QI*QJ*QK*QL) MATRIX (IN CM-1), IVIB =     1      JVIB =     1

             1           2           3
  ------------------------------------------
   1       690.146       0.000       0.000
   2         0.000     678.193     143.841
   3         0.000     143.841    -299.485


   F4(QI*QJ*QK*QL) MATRIX (IN CM-1), IVIB =     2      JVIB =     1

             1           2           3
  ------------------------------------------
   1         0.000     678.193     143.841
   2       678.193       0.000       0.000
   3       143.841       0.000       0.000


   F4(QI*QJ*QK*QL) MATRIX (IN CM-1), IVIB =     2      JVIB =     2

             1           2           3
  ------------------------------------------
   1       678.193       0.000       0.000
   2         0.000     668.131     100.300
   3         0.000     100.300    -255.154


   F4(QI*QJ*QK*QL) MATRIX (IN CM-1), IVIB =     3      JVIB =     1

             1           2           3
  ------------------------------------------
   1         0.000     143.841    -299.485
   2       143.841       0.000       0.000
   3      -299.485       0.000       0.000


   F4(QI*QJ*QK*QL) MATRIX (IN CM-1), IVIB =     3      JVIB =     2

             1           2           3
  ------------------------------------------
   1       143.841       0.000       0.000
   2         0.000     100.300    -255.154
   3         0.000    -255.154    -148.275


   F4(QI*QJ*QK*QL) MATRIX (IN CM-1), IVIB =     3      JVIB =     3

             1           2           3
  ------------------------------------------
   1      -299.485       0.000       0.000
   2         0.000    -255.154    -148.275
   3         0.000    -148.275     -56.500

 *************************************************
 QUADRATIC FORCE CONSTANTS IN INTERNAL COORDINATES
 *************************************************

             1           2           3
  ------------------------------------------
   1     6.1884189
   2    -0.0585695   6.1884189
   3     0.2763329   0.2763329   0.6758815

 *********************************************
 CUBIC FORCE CONSTANTS IN INTERNAL COORDINATES
 *********************************************


 INT COORD  INT COORD  INT COORD     VALUE

     1          1          1        -41.46851
     2          1          1         -0.07719
     2          2          1         -0.07719
     2          2          2        -41.46851
     3          1          1         -0.02415
     3          2          1         -0.52790
     3          2          2         -0.02415
     3          3          1         -0.18219
     3          3          2         -0.18219
     3          3          3         -0.59371
 I J K L           1           1           1           1
 IJKL FRQ4 VALUES VALUE           1   137.890315666584     
   1.02058631994527       0.138485083472353     
 I J K L           2           1           1           1
 IJKL FRQ4 VALUES VALUE           2 -1.099004567906015E-012
 -9.830750907336815E-015  3.138945452142760E-016
 I J K L           2           2           1           1
 IJKL FRQ4 VALUES VALUE           3   132.145293446069     
  0.242976688806740      -0.115526624448175     
 I J K L           2           2           2           1
 IJKL FRQ4 VALUES VALUE           4  9.873456219278154E-013
  3.849866534719538E-015  1.112276213144709E-015
 I J K L           2           2           2           2
 IJKL FRQ4 VALUES VALUE           5   126.959782918822     
 -9.287166637179885E-002 -0.183816987676568     
 I J K L           3           1           1           1
 IJKL FRQ4 VALUES VALUE           6 -2.730656412791577E-013
  6.603120585747345E-014  1.390799621395602E-015
 I J K L           3           2           1           1
 IJKL FRQ4 VALUES VALUE           7   18.9065500214707     
  -4.13817171396782      -0.155026857763180     
 I J K L           3           2           2           1
 IJKL FRQ4 VALUES VALUE           8  3.746959340023004E-014
 -1.000858869305903E-014 -4.507428980479391E-015
 I J K L           3           2           2           2
 IJKL FRQ4 VALUES VALUE           9   12.8569135730131     
 -0.145694539023906        1.44425513125854     
 I J K L           3           3           1           1
 IJKL FRQ4 VALUES VALUE          10  -26.5542265058067     
   22.4168719777720        4.13261696308809     
 I J K L           3           3           2           1
 IJKL FRQ4 VALUES VALUE          11 -2.967027665223831E-015
 -1.502640734020043E-014  2.504176598083143E-015
 I J K L           3           3           2           2
 IJKL FRQ4 VALUES VALUE          12  -22.0631433981234     
   21.1916200840337        2.85406933615393     
 I J K L           3           3           3           1
 IJKL FRQ4 VALUES VALUE          13  5.557620336160696E-014
 -5.202412081374202E-014  5.033079378558108E-015
 I J K L           3           3           3           2
 IJKL FRQ4 VALUES VALUE          14  -8.64892558290171     
   7.85779300205980       -1.42809244773624     
 I J K L           3           3           3           3
 IJKL FRQ4 VALUES VALUE          15  -2.22317032559666     
   4.20012643539056       -5.22591877905535     

 ***********************************************
 QUARTIC FORCE CONSTANTS IN INTERNAL COORDINATES
 ***********************************************


 INT COORD  INT COORD  INT COORD  INT COORD   VALUE

     1          1          1          1       236.41722
     2          1          1          1        -0.53121
     2          2          1          1         0.20848
     2          2          2          1        -0.53121
     2          2          2          2       236.41722
     3          1          1          1        -1.80994
     3          2          1          1        -0.05208
     3          2          2          1        -0.05208
     3          2          2          2        -1.80994
     3          3          1          1        -0.29237
     3          3          2          1         0.42675
     3          3          2          2        -0.29237
     3          3          3          1         0.60965
     3          3          3          2         0.60965
     3          3          3          3        -0.55573

 HARMONIC POTENTIAL ENERGY DISTRIBUTION 
 (ROWS ARE INT/SYMM COORD AND COLS NORMAL COORDS)

             1           2           3
           3381.28     3297.52     1500.54
  ------------------------------------------
   1     0.5000000   0.4986072   0.0013928
   2     0.5000000   0.4986072   0.0013928
   3     0.0000000   0.0027856   0.9972144


 *******************
  RESONANCE TESTING
 *******************

 TOLERANCES FOR RESONANCE TESTING 
 CTOL  =    200.000
 ZTOL  =      0.250
 FTOL1 =    200.000
 F3TOL =     10.000
 DLTOL =   1000.000
 DFTOL =    200.000
 DDTOL =    300.000


 ***********************************************************
               CORIOLIS RESONANCES          WI = WJ
 ***********************************************************
        I    J      WI        WJ       DIFF     ZETA  DeltaALPHA

  NO MODES FOUND TO BE IN CORIOLIS RESONANCE 


 *******************************************************************************
       FERMI RESONANCE           TYPE 1          2WI = WJ
 *******************************************************************************
     I  I    J       WI         WJ         DIFF      PHI IIJ  EST.PERTURB.

  THIS TYPE OF FERMI RESONANCE NOT FOUND 


 *******************************************************************************
          FERMI RESONANCE           TYPE 2          WA = WB + WC
 *******************************************************************************
     I  J  K       WI        WJ        WK        PHI IJK   WJ+WK-WI  EST.PERTRB.

  THIS TYPE OF FERMI RESONANCE NOT FOUND 


 *****************************************************
     DARLING-DENNISON RESONANCES          2WI = 2WJ
 *****************************************************
    I      J      WI         WJ         DIFF

    2      1   3297.52    3381.28     167.53
 <>

 T  MATRIX  (COEFFS OF q2J2 OPERATORS) IN CM-1 


 AXES :  IXYZ =    1 JXYZ =    1
             1           2           3
  ------------------------------------------
   1    -1.1370377
   2     0.0000000  -0.7005546
   3     0.0000000  -0.6412980   1.8998988

 AXES :  IXYZ =    2 JXYZ =    1
             1           2           3
  ------------------------------------------
   1     0.0000000
   2     0.3298325   0.0000000
   3     0.0515767   0.0000000   0.0000000

 AXES :  IXYZ =    2 JXYZ =    2
             1           2           3
  ------------------------------------------
   1    -0.0583728
   2     0.0000000  -0.1867926
   3     0.0000000   0.1154469   0.1758836

 AXES :  IXYZ =    3 JXYZ =    1
             1           2           3
  ------------------------------------------
   1     0.0000000
   2     0.0000000   0.0000000
   3     0.0000000   0.0000000   0.0000000

 AXES :  IXYZ =    3 JXYZ =    2
             1           2           3
  ------------------------------------------
   1     0.0000000
   2     0.0000000   0.0000000
   3     0.0000000   0.0000000   0.0000000

 AXES :  IXYZ =    3 JXYZ =    3
             1           2           3
  ------------------------------------------
   1    -0.1325270
   2     0.0000000  -0.1717487
   3     0.0000000   0.0210885  -0.1349959

 ALPHA MATRIX FOR ASYMMETRIC TOP MOLECULES


ROTATIONAL CONSTANTS IN CM-1 (MHz) 

       22.7728153151       13.1209159909        8.3245788541
       (   682711.83 )      (   393355.17 )      (   249564.60 ) 

 ALPHA FOR PRINCIPAL AXIS  A  IN CM-1   (MHZ) 
 (Be =   22.77282 IN CM-1)

    1        1.1370377335          ( 34087.534 )
    2        0.7005546460          ( 21002.100 )
    3       -1.8998987506          (-56957.532 )

 ALPHA FOR PRINCIPAL AXIS  B  IN CM-1   (MHZ) 
 (Be =   13.12092 IN CM-1)

    1        0.0583727589          (  1749.971 )
    2        0.1867925592          (  5599.900 )
    3       -0.1758835889          ( -5272.857 )

 ALPHA FOR PRINCIPAL AXIS  C  IN CM-1   (MHZ) 
 (Be =    8.32458 IN CM-1)

    1        0.1325270443          (  3973.061 )
    2        0.1717486645          (  5148.895 )
    3        0.1349959296          (  4047.076 )

 VIBRATIONAL CORRECTIONS TO THE ROTATIONAL CONSTANTS


                                ********
                                 AXIS A 
                                ********

 CORRECTION       (MHz)     BVA IN CM-1     BVA IN MHz               VIBRATIONAL STATE 

  0.0311532      933.949     22.8039685     683645.777     NON-DEG (Vs) :    0    0    0

 -1.1058845   -33153.585     21.6669308     649558.243     NON-DEG (Vs) :    1    0    0

 -0.6694015   -20068.151     22.1034139     662643.677     NON-DEG (Vs) :    0    1    0

  1.9310519    57891.481     24.7038673     740603.309     NON-DEG (Vs) :    0    0    1

                                ********
                                 AXIS B 
                                ********

 CORRECTION       (MHz)     BVB IN CM-1     BVB IN MHz               VIBRATIONAL STATE 

 -0.0346409    -1038.507     13.0862751     392316.659     NON-DEG (Vs) :    0    0    0

 -0.0930136    -2788.478     13.0279024     390566.687     NON-DEG (Vs) :    1    0    0

 -0.2214334    -6638.407     12.8994826     386716.759     NON-DEG (Vs) :    0    1    0

  0.1412427     4234.350     13.2621587     397589.516     NON-DEG (Vs) :    0    0    1

                                ********
                                 AXIS C 
                                ********

 CORRECTION       (MHz)     BVC IN CM-1     BVC IN MHz               VIBRATIONAL STATE 

 -0.2196358    -6584.516      8.1049430     242980.079     NON-DEG (Vs) :    0    0    0

 -0.3521629   -10557.577      7.9724160     239007.019     NON-DEG (Vs) :    1    0    0

 -0.3913845   -11733.412      7.9331944     237831.184     NON-DEG (Vs) :    0    1    0

 -0.3546317   -10631.592      7.9699471     238933.003     NON-DEG (Vs) :    0    0    1

                     *****************************
                      VIBRATIONAL INERTIAL DEFECT 
                     *****************************

                              IAA + IBB - ICC 

       DEFECT (AMU A**2)            DEFECT (CM)            VIBRATIONAL STATE 

        -0.0510494230             -0.0030282680      NON-DEG (Vs) :    0    0    0

        -0.0406117183             -0.0024091000      NON-DEG (Vs) :    1    0    0

        -0.0517663277             -0.0030707950      NON-DEG (Vs) :    0    1    0

        -0.1628690692             -0.0096614450      NON-DEG (Vs) :    0    0    1

        -0.0301740135             -0.0017899321      NON-DEG (Vs) :    2    0    0

        -0.0524832323             -0.0031133220      NON-DEG (Vs) :    0    2    0

        -0.2746887154             -0.0162946220      NON-DEG (Vs) :    0    0    2

        -0.0413286229             -0.0024516271      NON-DEG (Vs) :    1    1    0

        -0.1524313644             -0.0090422770      NON-DEG (Vs) :    1    0    1

        -0.1635859739             -0.0097039720      NON-DEG (Vs) :    0    1    1

***************************************** 
 SEXTIC CENTRIFUGAL DISTORTION CONSTANTS 
***************************************** 


 SEXTIC DISTORTION CONSTANTS 
                       IN CM-1                  IN Hz
 PHI aaa          0.3535231207D-04         0.1059835653D+07
 PHI bbb          0.8556079421D-06         0.2565048080D+05
 PHI ccc          0.3518642737D-08         0.1054862555D+03

 PHI aab         -0.6137251820D-05        -0.1839901808D+06
 PHI abb         -0.8757084092D-06        -0.2625307765D+05
 PHI aac          0.4524491748D-07         0.1356408502D+04
 PHI bbc         -0.1027023975D-07        -0.3078940420D+03
 PHI acc          0.6463297419D-08         0.1937647820D+03
 PHI bcc          0.1130432436D-07         0.3388951186D+03
 PHI abc         -0.5159653427D-05        -0.1546825183D+06


 REPRESENTATION =     1
 WHERE :   1 =   I r
           2 =  II r 
           3 = III r 
           4 =   I l 
           5 =  II l 
           6 = III l 


 ASYMMETRIC TOP REDUCTION 
  ASYMMETRIC TOP PARAMETER KAPPA :  -1.9938638968
  ASYMMETRIC TOP PARAMETER SIGMA :        5.0246959498


 CONSTANTS IN THE A REDUCED HAMILTONIAN 

                       IN CM-1                  IN Hz
  PHI J  :         0.4295632924D-06         0.1287798353D+05
  PHI K  :         0.4163242851D-04         0.1248108808D+07
  PHI JK :        -0.2685452396D-05        -0.8050783748D+05
  PHI KJ :        -0.4024227341D-05        -0.1206433006D+06
  phi j  :         0.2130223248D-06         0.6386248637D+04
  phi jk :        -0.5223347227D-06        -0.1565920104D+05
  phi k  :         0.7696950114D-05         0.2307487594D+06


 SYMMETRIC TOP REDUCTION 
  ASYMMETRIC TOP PARAMETER KAPPA :   0.3360660798
  ASYMMETRIC TOP PARAMETER BO :        0.0000000000
  rho   :     0.7998223897D-04
  mu    :     0.3200510220D-06
  nu    :     0.1074013702D-07
  lambda :    -0.1696094943D-06


 CONSTANTS IN THE S REDUCED HAMILTONIAN 

                       IN CM-1                  IN Hz
  H J  :         0.4382158126D-06         0.1313737956D+05
  H JK :        -0.4725476177D-05        -0.1416662118D+06
  H KJ :         0.2646064125D-05         0.7932700682D+05
  H K  :         0.3699350831D-04         0.1109037479D+07
  h 1  :         0.1882940874D-06         0.5644914729D+04
  h 2  :        -0.4326260099D-08        -0.1296980149D+03
  h 3  :         0.2472823745D-07         0.7413339087D+03

 THIS IS X1CALC --- patched ad hoc by JM for TJL
 <>
 <>

                              ******************************
                               ANHARMONIC CONSTANTS IN CM-1
                              ******************************



****************************************************
 CONTRIBUTIONS TO THE DIAGONAL ANHARMONIC CONSTANTS 
****************************************************


     R  R       QUARTIC           CUBIC            X

     1  1        43.1341407    -93.9889260      -50.855
     2  2        41.7581874    -85.3830314      -43.625
     3  3        -3.5312388    -11.5761531      -15.107

*********************************************************
 CONTRIBUTIONS TO THE OFF DIAGONAL ANHARMONIC CONSTANTS
*********************************************************


     R  S       QUARTIC         CUBIC         CUBIC         ROT CON & ZETA       X

     2  1       169.5481742   -208.5416824   -129.3347248      0.0142849     -168.314
     3  1       -74.8711521     40.9689235     -4.1533762     22.4334115      -15.622
     3  2       -63.7884853     34.2793187     24.0165429      0.0000000       -5.493

 ANHARMONIC CONSTANTS X IN CM-1

             1           2           3
  ------------------------------------------
   1       -50.855
   2      -168.314     -43.625
   3       -15.622      -5.493     -15.107

                          **********************
                           BAND CENTER ANALYSIS
                          **********************
  MODE         HARMONIC        FUNDAMENTAL       DIFFERENCE

    1          3381.279         3187.601          193.678
    2          3297.516         3123.363          174.153
    3          1500.540         1459.768           40.772
 E0 IS THE DUNHAM COEF  
 ONLY RELEVANT IN THERMODYNAMICS  
 ************************* 
 KKKK SUMMED COMPONENT IS    20.3402723255206     
 KKK  SUMMED COMPONENT IS   -10.1286223321278     
 KKL  SUMMED COMPONENT IS    6.96241237641422     
 KLM  SUMMED COMPONENT IS   1.521761612787405E-030
 E_o IS     17.1740623698071     
 ************************* 

                         ************************************************
                          VIBRATIONAL ENERGY AND PROPERTIES IN RESONANCE
                         ************************************************


  Note: zero point energy (ZPE) includes E_0  


 STATE NO.     ENERGY (CM-1)         ABOVE ZPT                    VIBRATIONAL STATE


     1           4032.0877              0.0000       NON-DEG (Vs) :    0    0    0

     4           5491.8553           1459.7676       NON-DEG (Vs) :    0    0    1

     7           6921.4082           2889.3204       NON-DEG (Vs) :    0    0    2

     3           7155.4511           3123.3634       NON-DEG (Vs) :    0    1    0

     2           7219.6890           3187.6013       NON-DEG (Vs) :    1    0    0

    10           8609.7261           4577.6384       NON-DEG (Vs) :    0    1    1

     9           8663.8345           4631.7468       NON-DEG (Vs) :    1    0    1

     8          10174.7385           6142.6508       NON-DEG (Vs) :    1    1    0

     6          10191.5649           6159.4772       NON-DEG (Vs) :    0    2    0

     5          10305.5808           6273.4931       NON-DEG (Vs) :    2    0    0

 ************************************************ 

         ROTATIONAL ENERGY LEVEL ANALYSIS 

 ************************************************ 
 <>
 USING MAIN INPUT VALUE OF IPRNT

  VIBRATIONAL STATE
   NON-DEG(Vt) :     0    0    0

 ROTATIONAL CONSTANTS (CM-1)
        BXA               BYA               BZA
     13.0908061         8.1019162        22.8024644

 ROTATIONAL CONSTANTS (CM-1)
        BXS               BYS               BZS
     13.0901862         8.1024239        22.8026046

 ROTATIONAL ENERGY MATRIX FOR A REDUCTION WITH J=    0

    Kc    Ka     ROTATIONAL ENERGY (CM-1)     ROTATIONAL ENERGY (MHz)   SYMMETRY TYPE
     0     0           0.0000000                         0.00                A

 ROTATIONAL ENERGY MATRIX FOR A REDUCTION WITH J=    1

    Kc    Ka     ROTATIONAL ENERGY (CM-1)     ROTATIONAL ENERGY (MHz)   SYMMETRY TYPE
     1     0          21.1884887                    635214.91                BC
     1     1          30.8920051                    926119.01                BB
     0     1          35.8764122                   1075547.78                BA

 ROTATIONAL ENERGY MATRIX FOR A REDUCTION WITH J=    2

    Kc    Ka     ROTATIONAL ENERGY (CM-1)     ROTATIONAL ENERGY (MHz)   SYMMETRY TYPE
     2     0          62.0573573                   1860432.77                A
     2     1          68.2848717                   2047128.95                BA
     1     1          83.2178382                   2494808.03                BB
     1     2         112.1687114                   3362733.37                BC
     0     2         113.6514801                   3407185.66                A

 ROTATIONAL ENERGY MATRIX FOR A REDUCTION WITH J=    3

    Kc    Ka     ROTATIONAL ENERGY (CM-1)     ROTATIONAL ENERGY (MHz)   SYMMETRY TYPE
     3     0         120.3255677                   3607269.77                BC
     3     1         123.5133423                   3702836.85                BB
     2     1         153.0255634                   4587590.98                BA
     2     2         175.7252459                   5268110.34                A
     1     2         182.4042197                   5468340.94                BC
     1     3         236.6515822                   7094635.95                BB
     0     3         236.9448368                   7103427.50                BA

 ROTATIONAL ENERGY MATRIX FOR S REDUCTION WITH J=    0

    Kc    Ka     ROTATIONAL ENERGY (CM-1)     ROTATIONAL ENERGY (MHz)   SYMMETRY TYPE
     0     0           0.0000000                         0.00                A

 ROTATIONAL ENERGY MATRIX FOR S REDUCTION WITH J=    1

    Kc    Ka     ROTATIONAL ENERGY (CM-1)     ROTATIONAL ENERGY (MHz)   SYMMETRY TYPE
     1     0          21.1884887                    635214.91                BC
     1     1          30.8920192                    926119.44                BB
     0     1          35.8763993                   1075547.39                BA

 ROTATIONAL ENERGY MATRIX FOR S REDUCTION WITH J=    2

    Kc    Ka     ROTATIONAL ENERGY (CM-1)     ROTATIONAL ENERGY (MHz)   SYMMETRY TYPE
     2     0          62.0574726                   1860436.22                A
     2     1          68.2848682                   2047128.85                BA
     1     1          83.2177693                   2494805.96                BB
     1     2         112.1687636                   3362734.94                BC
     0     2         113.6514177                   3407183.79                A

 ROTATIONAL ENERGY MATRIX FOR S REDUCTION WITH J=    3

    Kc    Ka     ROTATIONAL ENERGY (CM-1)     ROTATIONAL ENERGY (MHz)   SYMMETRY TYPE
     3     0         120.3260014                   3607282.77                BC
     3     1         123.5135333                   3702842.57                BB
     2     1         153.0257576                   4587596.80                BA
     2     2         175.7250759                   5268105.24                A
     1     2         182.4036184                   5468322.91                BC
     1     3         236.6517026                   7094639.56                BB
     0     3         236.9448700                   7103428.50                BA

  VIBRATIONAL STATE
   NON-DEG(Vt) :     1    0    0

 ROTATIONAL CONSTANTS (CM-1)
        BXA               BYA               BZA
     13.0324334         7.9693891        21.6654266

 ROTATIONAL CONSTANTS (CM-1)
        BXS               BYS               BZS
     13.0318134         7.9698969        21.6655669

 ROTATIONAL ENERGY MATRIX FOR A REDUCTION WITH J=    0

    Kc    Ka     ROTATIONAL ENERGY (CM-1)     ROTATIONAL ENERGY (MHz)   SYMMETRY TYPE
     0     0           0.0000000                         0.00                A

 ROTATIONAL ENERGY MATRIX FOR A REDUCTION WITH J=    1

    Kc    Ka     ROTATIONAL ENERGY (CM-1)     ROTATIONAL ENERGY (MHz)   SYMMETRY TYPE
     1     0          20.9975889                    629491.88                BC
     1     1          29.6224403                    888058.42                BB
     0     1          34.6810017                   1039710.27                BA

 ROTATIONAL ENERGY MATRIX FOR A REDUCTION WITH J=    2

    Kc    Ka     ROTATIONAL ENERGY (CM-1)     ROTATIONAL ENERGY (MHz)   SYMMETRY TYPE
     2     0          61.3080250                   1837968.35                A
     2     1          66.5593530                   1995399.20                BA
     1     1          81.7147824                   2449747.55                BB
     1     2         107.4296607                   3220660.20                BC
     0     2         109.0890624                   3270407.81                A

 ROTATIONAL ENERGY MATRIX FOR A REDUCTION WITH J=    3

    Kc    Ka     ROTATIONAL ENERGY (CM-1)     ROTATIONAL ENERGY (MHz)   SYMMETRY TYPE
     3     0         118.5150936                   3552993.12                BC
     3     1         121.0139505                   3627906.97                BB
     2     1         150.8977946                   4523802.08                BA
     2     2         170.4134958                   5108868.08                A
     1     2         177.7575449                   5329037.13                BC
     1     3         226.2218351                   6781960.00                BB
     0     3         226.5883925                   6792949.11                BA

 ROTATIONAL ENERGY MATRIX FOR S REDUCTION WITH J=    0

    Kc    Ka     ROTATIONAL ENERGY (CM-1)     ROTATIONAL ENERGY (MHz)   SYMMETRY TYPE
     0     0           0.0000000                         0.00                A

 ROTATIONAL ENERGY MATRIX FOR S REDUCTION WITH J=    1

    Kc    Ka     ROTATIONAL ENERGY (CM-1)     ROTATIONAL ENERGY (MHz)   SYMMETRY TYPE
     1     0          20.9975889                    629491.88                BC
     1     1          29.6224545                    888058.84                BB
     0     1          34.6809888                   1039709.89                BA

 ROTATIONAL ENERGY MATRIX FOR S REDUCTION WITH J=    2

    Kc    Ka     ROTATIONAL ENERGY (CM-1)     ROTATIONAL ENERGY (MHz)   SYMMETRY TYPE
     2     0          61.3080823                   1837970.07                A
     2     1          66.5593495                   1995399.10                BA
     1     1          81.7147135                   2449745.48                BB
     1     2         107.4297129                   3220661.77                BC
     0     2         109.0890578                   3270407.68                A

 ROTATIONAL ENERGY MATRIX FOR S REDUCTION WITH J=    3

    Kc    Ka     ROTATIONAL ENERGY (CM-1)     ROTATIONAL ENERGY (MHz)   SYMMETRY TYPE
     3     0         118.5152739                   3552998.53                BC
     3     1         121.0140162                   3627908.94                BB
     2     1         150.8978302                   4523803.14                BA
     2     2         170.4133257                   5108862.98                A
     1     2         177.7571969                   5329026.70                BC
     1     3         226.2220809                   6781967.37                BB
     0     3         226.5885843                   6792954.86                BA

  VIBRATIONAL STATE
   NON-DEG(Vt) :     0    1    0

 ROTATIONAL CONSTANTS (CM-1)
        BXA               BYA               BZA
     12.9040136         7.9301675        22.1019097

 ROTATIONAL CONSTANTS (CM-1)
        BXS               BYS               BZS
     12.9033936         7.9306752        22.1020500

 ROTATIONAL ENERGY MATRIX FOR A REDUCTION WITH J=    0

    Kc    Ka     ROTATIONAL ENERGY (CM-1)     ROTATIONAL ENERGY (MHz)   SYMMETRY TYPE
     0     0           0.0000000                         0.00                A

 ROTATIONAL ENERGY MATRIX FOR A REDUCTION WITH J=    1

    Kc    Ka     ROTATIONAL ENERGY (CM-1)     ROTATIONAL ENERGY (MHz)   SYMMETRY TYPE
     1     0          20.8299474                    624466.11                BC
     1     1          30.0197018                    899968.02                BB
     0     1          34.9890650                   1048945.78                BA

 ROTATIONAL ENERGY MATRIX FOR A REDUCTION WITH J=    2

    Kc    Ka     ROTATIONAL ENERGY (CM-1)     ROTATIONAL ENERGY (MHz)   SYMMETRY TYPE
     2     0          60.9284021                   1826587.54                A
     2     1          66.7105298                   1999931.37                BA
     1     1          81.5983646                   2446257.43                BB
     1     2         109.0079516                   3267976.18                BC
     0     2         110.5440519                   3314027.30                A

 ROTATIONAL ENERGY MATRIX FOR A REDUCTION WITH J=    3

    Kc    Ka     ROTATIONAL ENERGY (CM-1)     ROTATIONAL ENERGY (MHz)   SYMMETRY TYPE
     3     0         117.9801207                   3536955.04                BC
     3     1         120.8592408                   3623268.89                BB
     2     1         150.2572447                   4504598.87                BA
     2     2         171.4888625                   5141106.76                A
     1     2         178.3620359                   5347159.32                BC
     1     3         229.8354803                   6890294.36                BB
     0     3         230.1526889                   6899804.03                BA

 ROTATIONAL ENERGY MATRIX FOR S REDUCTION WITH J=    0

    Kc    Ka     ROTATIONAL ENERGY (CM-1)     ROTATIONAL ENERGY (MHz)   SYMMETRY TYPE
     0     0           0.0000000                         0.00                A

 ROTATIONAL ENERGY MATRIX FOR S REDUCTION WITH J=    1

    Kc    Ka     ROTATIONAL ENERGY (CM-1)     ROTATIONAL ENERGY (MHz)   SYMMETRY TYPE
     1     0          20.8299475                    624466.12                BC
     1     1          30.0197159                    899968.44                BB
     0     1          34.9890521                   1048945.39                BA

 ROTATIONAL ENERGY MATRIX FOR S REDUCTION WITH J=    2

    Kc    Ka     ROTATIONAL ENERGY (CM-1)     ROTATIONAL ENERGY (MHz)   SYMMETRY TYPE
     2     0          60.9284953                   1826590.34                A
     2     1          66.7105263                   1999931.27                BA
     1     1          81.5982957                   2446255.36                BB
     1     2         109.0080038                   3267977.74                BC
     0     2         110.5440115                   3314026.09                A

 ROTATIONAL ENERGY MATRIX FOR S REDUCTION WITH J=    3

    Kc    Ka     ROTATIONAL ENERGY (CM-1)     ROTATIONAL ENERGY (MHz)   SYMMETRY TYPE
     3     0         117.9804562                   3536965.09                BC
     3     1         120.8593838                   3623273.18                BB
     2     1         150.2573792                   4504602.91                BA
     2     2         171.4886924                   5141101.66                A
     1     2         178.3615329                   5347144.23                BC
     1     3         229.8356487                   6890299.41                BB
     0     3         230.1527817                   6899806.81                BA

  VIBRATIONAL STATE
   NON-DEG(Vt) :     0    0    1

 ROTATIONAL CONSTANTS (CM-1)
        BXA               BYA               BZA
     13.2666897         7.9669202        24.7023631

 ROTATIONAL CONSTANTS (CM-1)
        BXS               BYS               BZS
     13.2660698         7.9674280        24.7025034

 ROTATIONAL ENERGY MATRIX FOR A REDUCTION WITH J=    0

    Kc    Ka     ROTATIONAL ENERGY (CM-1)     ROTATIONAL ENERGY (MHz)   SYMMETRY TYPE
     0     0           0.0000000                         0.00                A

 ROTATIONAL ENERGY MATRIX FOR A REDUCTION WITH J=    1

    Kc    Ka     ROTATIONAL ENERGY (CM-1)     ROTATIONAL ENERGY (MHz)   SYMMETRY TYPE
     1     0          21.2293763                    636440.69                BC
     1     1          32.6569079                    979029.47                BB
     0     1          37.9521945                   1137778.17                BA

 ROTATIONAL ENERGY MATRIX FOR A REDUCTION WITH J=    2

    Kc    Ka     ROTATIONAL ENERGY (CM-1)     ROTATIONAL ENERGY (MHz)   SYMMETRY TYPE
     2     0          62.2066643                   1864908.88                A
     2     1          69.8206703                   2093171.04                BA
     1     1          85.6862754                   2568809.91                BB
     1     2         119.8091941                   3591789.28                BC
     0     2         121.2653188                   3635442.80                A

 ROTATIONAL ENERGY MATRIX FOR A REDUCTION WITH J=    3

    Kc    Ka     ROTATIONAL ENERGY (CM-1)     ROTATIONAL ENERGY (MHz)   SYMMETRY TYPE
     3     0         120.6059823                   3615676.39                BC
     3     1         124.7147926                   3738855.42                BB
     2     1         156.1217923                   4680413.59                BA
     2     2         183.4883916                   5500843.59                A
     1     2         190.1322767                   5700022.26                BC
     1     3         253.8026944                   7608813.36                BB
     0     3         254.0664477                   7616720.48                BA

 ROTATIONAL ENERGY MATRIX FOR S REDUCTION WITH J=    0

    Kc    Ka     ROTATIONAL ENERGY (CM-1)     ROTATIONAL ENERGY (MHz)   SYMMETRY TYPE
     0     0           0.0000000                         0.00                A

 ROTATIONAL ENERGY MATRIX FOR S REDUCTION WITH J=    1

    Kc    Ka     ROTATIONAL ENERGY (CM-1)     ROTATIONAL ENERGY (MHz)   SYMMETRY TYPE
     1     0          21.2293764                    636440.69                BC
     1     1          32.6569221                    979029.89                BB
     0     1          37.9521816                   1137777.78                BA

 ROTATIONAL ENERGY MATRIX FOR S REDUCTION WITH J=    2

    Kc    Ka     ROTATIONAL ENERGY (CM-1)     ROTATIONAL ENERGY (MHz)   SYMMETRY TYPE
     2     0          62.2068224                   1864913.62                A
     2     1          69.8206668                   2093170.93                BA
     1     1          85.6862064                   2568807.84                BB
     1     2         119.8092463                   3591790.84                BC
     0     2         121.2652135                   3635439.64                A

 ROTATIONAL ENERGY MATRIX FOR S REDUCTION WITH J=    3

    Kc    Ka     ROTATIONAL ENERGY (CM-1)     ROTATIONAL ENERGY (MHz)   SYMMETRY TYPE
     3     0         120.6066122                   3615695.27                BC
     3     1         124.7150776                   3738863.97                BB
     2     1         156.1220991                   4680422.78                BA
     2     2         183.4882215                   5500838.49                A
     1     2         190.1314792                   5699998.35                BC
     1     3         253.8027209                   7608814.15                BB
     0     3         254.0663682                   7616718.10                BA

 ************************************************ 
        VIBRATIONALLY AVERAGED COORDINATES        
 ************************************************ 



 FOR THE GROUND STATE, R(ALPHA) EQUALS R(Z) 


 VIBRATIONAL STATE 
 1-DEGN :    0    0    0

 INT COORD TYPE     R(EQUIL)      R(G)          R(ALPHA)

 1)    BOND         1.0283597     1.0484292     1.0454801
 2)    BOND         1.0283597     1.0484292     1.0454801
 3)    ANGLE      101.8571381   101.4317856   101.3978393

 VIBRATIONAL STATE 
 1-DEGN :    1    0    0

 INT COORD TYPE     R(EQUIL)      R(G)          R(ALPHA)

 1)    BOND         1.0283597     1.0676129     1.0646527
 2)    BOND         1.0283597     1.0676129     1.0646527
 3)    ANGLE      101.8571381   100.1189222   100.1227321

 VIBRATIONAL STATE 
 1-DEGN :    0    1    0

 INT COORD TYPE     R(EQUIL)      R(G)          R(ALPHA)

 1)    BOND         1.0283597     1.0668855     1.0639340
 2)    BOND         1.0283597     1.0668855     1.0639340
 3)    ANGLE      101.8571381   101.0024750   100.9857053

 VIBRATIONAL STATE 
 1-DEGN :    0    0    1

 INT COORD TYPE     R(EQUIL)      R(G)          R(ALPHA)

 1)    BOND         1.0283597     1.0509284     1.0420942
 2)    BOND         1.0283597     1.0509284     1.0420942
 3)    ANGLE      101.8571381   102.3232546   102.1664830
